{"numTotalTestSuites":35,"numPassedTestSuites":32,"numFailedTestSuites":3,"numPendingTestSuites":0,"numTotalTests":85,"numPassedTests":55,"numFailedTests":30,"numPendingTests":0,"numTodoTests":0,"startTime":1749833152518,"success":false,"testResults":[{"assertionResults":[],"startTime":1749833152518,"endTime":1749833152518,"status":"failed","message":"Playwright Test did not expect test.describe() to be called here.\nMost common reasons include:\n- You are calling test.describe() in a configuration file.\n- You are calling test.describe() in a file that is imported by the configuration file.\n- You have two different versions of @playwright/test. This usually happens\n  when one of the dependencies in your package.json depends on @playwright/test.","name":"/Users/victor/Projects/civicforge/frontend/e2e/quest-attestation.spec.ts"},{"assertionResults":[],"startTime":1749833152518,"endTime":1749833152518,"status":"failed","message":"Playwright Test did not expect test.describe() to be called here.\nMost common reasons include:\n- You are calling test.describe() in a configuration file.\n- You are calling test.describe() in a file that is imported by the configuration file.\n- You have two different versions of @playwright/test. This usually happens\n  when one of the dependencies in your package.json depends on @playwright/test.","name":"/Users/victor/Projects/civicforge/frontend/e2e/quest-discovery.spec.ts"},{"assertionResults":[],"startTime":1749833152518,"endTime":1749833152518,"status":"failed","message":"Playwright Test did not expect test.describe() to be called here.\nMost common reasons include:\n- You are calling test.describe() in a configuration file.\n- You are calling test.describe() in a file that is imported by the configuration file.\n- You have two different versions of @playwright/test. This usually happens\n  when one of the dependencies in your package.json depends on @playwright/test.","name":"/Users/victor/Projects/civicforge/frontend/e2e/quest-interaction.spec.ts"},{"assertionResults":[{"ancestorTitles":["","App"],"fullName":" App renders without crashing","status":"passed","title":"renders without crashing","duration":17,"failureMessages":[]},{"ancestorTitles":["","App"],"fullName":" App renders navigation header","status":"passed","title":"renders navigation header","duration":58,"failureMessages":[]},{"ancestorTitles":["","App"],"fullName":" App shows authentication state in header","status":"passed","title":"shows authentication state in header","duration":7,"failureMessages":[]},{"ancestorTitles":["","App"],"fullName":" App configures Amplify on module load","status":"failed","title":"configures Amplify on module load","duration":168,"failureMessages":["[Function configure] is not a spy or a call to a spy!"],"location":{"line":72,"column":31}}],"startTime":1749833155580,"endTime":1749833155830,"status":"failed","message":"","name":"/Users/victor/Projects/civicforge/frontend/src/__tests__/App.test.tsx"},{"assertionResults":[{"ancestorTitles":["","CreateQuest - Critical User Flow"],"fullName":" CreateQuest - Critical User Flow validates form fields and prevents submission with empty data","status":"passed","title":"validates form fields and prevents submission with empty data","duration":144,"failureMessages":[]},{"ancestorTitles":["","CreateQuest - Critical User Flow"],"fullName":" CreateQuest - Critical User Flow validates minimum XP requirement","status":"failed","title":"validates minimum XP requirement","duration":1443,"failureMessages":["Unable to find an element with the text: /XP must be at least 10/i. This could be because the text is broken up by multiple elements. In this case, you can provide a function for your text matcher to make your matcher more flexible.\n\nIgnored nodes: comments, script, style\n\u001b[36m<body>\u001b[39m\n  \u001b[36m<div>\u001b[39m\n    \u001b[36m<div\u001b[39m\n      \u001b[33mclass\u001b[39m=\u001b[32m\"create-quest-container\"\u001b[39m\n    \u001b[36m>\u001b[39m\n      \u001b[36m<div\u001b[39m\n        \u001b[33mclass\u001b[39m=\u001b[32m\"page-header\"\u001b[39m\n      \u001b[36m>\u001b[39m\n        \u001b[36m<h1>\u001b[39m\n          \u001b[0mCreate a New Quest\u001b[0m\n        \u001b[36m</h1>\u001b[39m\n        \u001b[36m<p\u001b[39m\n          \u001b[33mclass\u001b[39m=\u001b[32m\"page-subtitle\"\u001b[39m\n        \u001b[36m>\u001b[39m\n          \u001b[0mDefine a task that needs to be completed and verified by the community\u001b[0m\n        \u001b[36m</p>\u001b[39m\n      \u001b[36m</div>\u001b[39m\n      \u001b[36m<form\u001b[39m\n        \u001b[33mclass\u001b[39m=\u001b[32m\"quest-form\"\u001b[39m\n      \u001b[36m>\u001b[39m\n        \u001b[36m<div\u001b[39m\n          \u001b[33mclass\u001b[39m=\u001b[32m\"form-group\"\u001b[39m\n        \u001b[36m>\u001b[39m\n          \u001b[36m<label\u001b[39m\n            \u001b[33mfor\u001b[39m=\u001b[32m\"title\"\u001b[39m\n          \u001b[36m>\u001b[39m\n            \u001b[0mQuest Title\u001b[0m\n          \u001b[36m</label>\u001b[39m\n          \u001b[36m<input\u001b[39m\n            \u001b[33mclass\u001b[39m=\u001b[32m\"\"\u001b[39m\n            \u001b[33mid\u001b[39m=\u001b[32m\"title\"\u001b[39m\n            \u001b[33mmaxlength\u001b[39m=\u001b[32m\"100\"\u001b[39m\n            \u001b[33mname\u001b[39m=\u001b[32m\"title\"\u001b[39m\n            \u001b[33mplaceholder\u001b[39m=\u001b[32m\"Enter a clear, descriptive title\"\u001b[39m\n            \u001b[33mtype\u001b[39m=\u001b[32m\"text\"\u001b[39m\n            \u001b[33mvalue\u001b[39m=\u001b[32m\"Test Quest Title\"\u001b[39m\n          \u001b[36m/>\u001b[39m\n        \u001b[36m</div>\u001b[39m\n        \u001b[36m<div\u001b[39m\n          \u001b[33mclass\u001b[39m=\u001b[32m\"form-group\"\u001b[39m\n        \u001b[36m>\u001b[39m\n          \u001b[36m<label\u001b[39m\n            \u001b[33mfor\u001b[39m=\u001b[32m\"description\"\u001b[39m\n          \u001b[36m>\u001b[39m\n            \u001b[0mDescription\u001b[0m\n          \u001b[36m</label>\u001b[39m\n          \u001b[36m<textarea\u001b[39m\n            \u001b[33mclass\u001b[39m=\u001b[32m\"\"\u001b[39m\n            \u001b[33mid\u001b[39m=\u001b[32m\"description\"\u001b[39m\n            \u001b[33mmaxlength\u001b[39m=\u001b[32m\"1000\"\u001b[39m\n            \u001b[33mname\u001b[39m=\u001b[32m\"description\"\u001b[39m\n            \u001b[33mplaceholder\u001b[39m=\u001b[32m\"Provide detailed instructions and requirements for completing this quest\"\u001b[39m\n            \u001b[33mrows\u001b[39m=\u001b[32m\"6\"\u001b[39m\n          \u001b[36m>\u001b[39m\n            \u001b[0mThis is a test quest description that meets minimum length requirements.\u001b[0m\n          \u001b[36m</textarea>\u001b[39m\n          \u001b[36m<span\u001b[39m\n            \u001b[33mclass\u001b[39m=\u001b[32m\"character-count\"\u001b[39m\n          \u001b[36m>\u001b[39m\n            \u001b[0m72\u001b[0m\n            \u001b[0m/1000 characters\u001b[0m\n          \u001b[36m</span>\u001b[39m\n        \u001b[36m</div>\u001b[39m\n        \u001b[36m<div\u001b[39m\n          \u001b[33mclass\u001b[39m=\u001b[32m\"form-row\"\u001b[39m\n        \u001b[36m>\u001b[39m\n          \u001b[36m<div\u001b[39m\n            \u001b[33mclass\u001b[39m=\u001b[32m\"form-group\"\u001b[39m\n          \u001b[36m>\u001b[39m\n            \u001b[36m<label\u001b[39m\n              \u001b[33mfor\u001b[39m=\u001b[32m\"rewardXp\"\u001b[39m\n            \u001b[36m>\u001b[39m\n              \u001b[0mExperience Points (XP)\u001b[0m\n            \u001b[36m</label>\u001b[39m\n            \u001b[36m<input\u001b[39m\n              \u001b[33mclass\u001b[39m=\u001b[32m\"\"\u001b[39m\n              \u001b[33mid\u001b[39m=\u001b[32m\"rewardXp\"\u001b[39m\n              \u001b[33mmax\u001b[39m=\u001b[32m\"10000\"\u001b[39m\n              \u001b[33mmin\u001b[39m=\u001b[32m\"10\"\u001b[39m\n              \u001b[33mname\u001b[39m=\u001b[32m\"rewardXp\"\u001b[39m\n              \u001b[33mtype\u001b[39m=\u001b[32m\"number\"\u001b[39m\n              \u001b[33mvalue\u001b[39m=\u001b[32m\"5\"\u001b[39m\n            \u001b[36m/>\u001b[39m\n          \u001b[36m</div>\u001b[39m\n          \u001b[36m<div\u001b[39m\n            \u001b[33mclass\u001b[39m=\u001b[32m\"form-group\"\u001b[39m\n          \u001b[36m>\u001b[39m\n            \u001b[36m<label\u001b[39m\n              \u001b[33mfor\u001b[39m=\u001b[32m\"rewardReputation\"\u001b[39m\n            \u001b[36m>\u001b[39m\n              \u001b[0mReputation Points\u001b[0m\n            \u001b[36m</label>\u001b[39m\n            \u001b[36m<input\u001b[39m\n              \u001b[33mclass\u001b[39m=\u001b[32m\"\"\u001b[39m\n              \u001b[33mid\u001b[39m=\u001b[32m\"rewardReputation\"\u001b[39m\n              \u001b[33mmax\u001b[39m=\u001b[32m\"100\"\u001b[39m\n              \u001b[33mmin\u001b[39m=\u001b[32m\"1\"\u001b[39m\n              \u001b[33mname\u001b[39m=\u001b[32m\"rewardReputation\"\u001b[39m\n              \u001b[33mtype\u001b[39m=\u001b[32m\"number\"\u001b[39m\n              \u001b[33mvalue\u001b[39m=\u001b[32m\"10\"\u001b[39m\n            \u001b[36m/>\u001b[39m\n          \u001b[36m</div>\u001b[39m\n        \u001b[36m</div>\u001b[39m\n        \u001b[36m<div\u001b[39m\n          \u001b[33mclass\u001b[39m=\u001b[32m\"form-info\"\u001b[39m\n        \u001b[36m>\u001b[39m\n          \u001b[36m<h3>\u001b[39m\n            \u001b[0mHow it works:\u001b[0m\n          \u001b[36m</h3>\u001b[39m\n          \u001b[36m<ul>\u001b[39m\n            \u001b[36m<li>\u001b[39m\n              \u001b[0mOnce created, your quest will be available for others to claim\u001b[0m\n            \u001b[36m</li>\u001b[39m\n            \u001b[36m<li>\u001b[39m\n              \u001b[0mWhen someone claims it, they'll have time to complete the task\u001b[0m\n            \u001b[36m</li>\u001b[39m\n            \u001b[36m<li>\u001b[39m\n              \u001b[0mAfter submission, both parties must attest to successful completion\u001b[0m\n            \u001b[36m</li>\u001b[39m\n            \u001b[36m<li>\u001b[39m\n              \u001b[0mRewards are distributed only after dual attestation\u001b[0m\n            \u001b[36m</li>\u001b[39m\n          \u001b[36m</ul>\u001b[39m\n        \u001b[36m</div>\u001b[39m\n        \u001b[36m<div\u001b[39m\n          \u001b[33mclass\u001b[39m=\u001b[32m\"form-actions\"\u001b[39m\n        \u001b[36m>\u001b[39m\n          \u001b[36m<button\u001b[39m\n            \u001b[33mclass\u001b[39m=\u001b[32m\"secondary-button\"\u001b[39m\n            \u001b[33mtype\u001b[39m=\u001b[32m\"button\"\u001b[39m\n          \u001b[36m>\u001b[39m\n            \u001b[0mCancel\u001b[0m\n          \u001b[36m</button>\u001b[39m\n          \u001b[36m<button\u001b[39m\n            \u001b[33mclass\u001b[39m=\u001b[32m\"primary-button\"\u001b[39m\n            \u001b[33mtype\u001b[39m=\u001b[32m\"submit\"\u001b[39m\n          \u001b[36m>\u001b[39m\n            \u001b[0mCreate Quest\u001b[0m\n          \u001b[36m</button>\u001b[39m\n        \u001b[36m</div>\u001b[39m\n      \u001b[36m</form>\u001b[39m\n    \u001b[36m</div>\u001b[39m\n  \u001b[36m</div>\u001b[39m\n\u001b[36m</body>\u001b[39m\n\nIgnored nodes: comments, script, style\n\u001b[36m<body>\u001b[39m\n  \u001b[36m<div>\u001b[39m\n    \u001b[36m<div\u001b[39m\n      \u001b[33mclass\u001b[39m=\u001b[32m\"create-quest-container\"\u001b[39m\n    \u001b[36m>\u001b[39m\n      \u001b[36m<div\u001b[39m\n        \u001b[33mclass\u001b[39m=\u001b[32m\"page-header\"\u001b[39m\n      \u001b[36m>\u001b[39m\n        \u001b[36m<h1>\u001b[39m\n          \u001b[0mCreate a New Quest\u001b[0m\n        \u001b[36m</h1>\u001b[39m\n        \u001b[36m<p\u001b[39m\n          \u001b[33mclass\u001b[39m=\u001b[32m\"page-subtitle\"\u001b[39m\n        \u001b[36m>\u001b[39m\n          \u001b[0mDefine a task that needs to be completed and verified by the community\u001b[0m\n        \u001b[36m</p>\u001b[39m\n      \u001b[36m</div>\u001b[39m\n      \u001b[36m<form\u001b[39m\n        \u001b[33mclass\u001b[39m=\u001b[32m\"quest-form\"\u001b[39m\n      \u001b[36m>\u001b[39m\n        \u001b[36m<div\u001b[39m\n          \u001b[33mclass\u001b[39m=\u001b[32m\"form-group\"\u001b[39m\n        \u001b[36m>\u001b[39m\n          \u001b[36m<label\u001b[39m\n            \u001b[33mfor\u001b[39m=\u001b[32m\"title\"\u001b[39m\n          \u001b[36m>\u001b[39m\n            \u001b[0mQuest Title\u001b[0m\n          \u001b[36m</label>\u001b[39m\n          \u001b[36m<input\u001b[39m\n            \u001b[33mclass\u001b[39m=\u001b[32m\"\"\u001b[39m\n            \u001b[33mid\u001b[39m=\u001b[32m\"title\"\u001b[39m\n            \u001b[33mmaxlength\u001b[39m=\u001b[32m\"100\"\u001b[39m\n            \u001b[33mname\u001b[39m=\u001b[32m\"title\"\u001b[39m\n            \u001b[33mplaceholder\u001b[39m=\u001b[32m\"Enter a clear, descriptive title\"\u001b[39m\n            \u001b[33mtype\u001b[39m=\u001b[32m\"text\"\u001b[39m\n            \u001b[33mvalue\u001b[39m=\u001b[32m\"Test Quest Title\"\u001b[39m\n          \u001b[36m/>\u001b[39m\n        \u001b[36m</div>\u001b[39m\n        \u001b[36m<div\u001b[39m\n          \u001b[33mclass\u001b[39m=\u001b[32m\"form-group\"\u001b[39m\n        \u001b[36m>\u001b[39m\n          \u001b[36m<label\u001b[39m\n            \u001b[33mfor\u001b[39m=\u001b[32m\"description\"\u001b[39m\n          \u001b[36m>\u001b[39m\n            \u001b[0mDescription\u001b[0m\n          \u001b[36m</label>\u001b[39m\n          \u001b[36m<textarea\u001b[39m\n            \u001b[33mclass\u001b[39m=\u001b[32m\"\"\u001b[39m\n            \u001b[33mid\u001b[39m=\u001b[32m\"description\"\u001b[39m\n            \u001b[33mmaxlength\u001b[39m=\u001b[32m\"1000\"\u001b[39m\n            \u001b[33mname\u001b[39m=\u001b[32m\"description\"\u001b[39m\n            \u001b[33mplaceholder\u001b[39m=\u001b[32m\"Provide detailed instructions and requirements for completing this quest\"\u001b[39m\n            \u001b[33mrows\u001b[39m=\u001b[32m\"6\"\u001b[39m\n          \u001b[36m>\u001b[39m\n            \u001b[0mThis is a test quest description that meets minimum length requirements.\u001b[0m\n          \u001b[36m</textarea>\u001b[39m\n          \u001b[36m<span\u001b[39m\n            \u001b[33mclass\u001b[39m=\u001b[32m\"character-count\"\u001b[39m\n          \u001b[36m>\u001b[39m\n            \u001b[0m72\u001b[0m\n            \u001b[0m/1000 characters\u001b[0m\n          \u001b[36m</span>\u001b[39m\n        \u001b[36m</div>\u001b[39m\n        \u001b[36m<div\u001b[39m\n          \u001b[33mclass\u001b[39m=\u001b[32m\"form-row\"\u001b[39m\n        \u001b[36m>\u001b[39m\n          \u001b[36m<div\u001b[39m\n            \u001b[33mclass\u001b[39m=\u001b[32m\"form-group\"\u001b[39m\n          \u001b[36m>\u001b[39m\n            \u001b[36m<label\u001b[39m\n              \u001b[33mfor\u001b[39m=\u001b[32m\"rewardXp\"\u001b[39m\n            \u001b[36m>\u001b[39m\n              \u001b[0mExperience Points (XP)\u001b[0m\n            \u001b[36m</label>\u001b[39m\n            \u001b[36m<input\u001b[39m\n              \u001b[33mclass\u001b[39m=\u001b[32m\"\"\u001b[39m\n              \u001b[33mid\u001b[39m=\u001b[32m\"rewardXp\"\u001b[39m\n              \u001b[33mmax\u001b[39m=\u001b[32m\"10000\"\u001b[39m\n              \u001b[33mmin\u001b[39m=\u001b[32m\"10\"\u001b[39m\n              \u001b[33mname\u001b[39m=\u001b[32m\"rewardXp\"\u001b[39m\n              \u001b[33mtype\u001b[39m=\u001b[32m\"number\"\u001b[39m\n              \u001b[33mvalue\u001b[39m=\u001b[32m\"5\"\u001b[39m\n            \u001b[36m/>\u001b[39m\n          \u001b[36m</div>\u001b[39m\n          \u001b[36m<div\u001b[39m\n            \u001b[33mclass\u001b[39m=\u001b[32m\"form-group\"\u001b[39m\n          \u001b[36m>\u001b[39m\n            \u001b[36m<label\u001b[39m\n              \u001b[33mfor\u001b[39m=\u001b[32m\"rewardReputation\"\u001b[39m\n            \u001b[36m>\u001b[39m\n              \u001b[0mReputation Points\u001b[0m\n            \u001b[36m</label>\u001b[39m\n            \u001b[36m<input\u001b[39m\n              \u001b[33mclass\u001b[39m=\u001b[32m\"\"\u001b[39m\n              \u001b[33mid\u001b[39m=\u001b[32m\"rewardReputation\"\u001b[39m\n              \u001b[33mmax\u001b[39m=\u001b[32m\"100\"\u001b[39m\n              \u001b[33mmin\u001b[39m=\u001b[32m\"1\"\u001b[39m\n              \u001b[33mname\u001b[39m=\u001b[32m\"rewardReputation\"\u001b[39m\n              \u001b[33mtype\u001b[39m=\u001b[32m\"number\"\u001b[39m\n              \u001b[33mvalue\u001b[39m=\u001b[32m\"10\"\u001b[39m\n            \u001b[36m/>\u001b[39m\n          \u001b[36m</div>\u001b[39m\n        \u001b[36m</div>\u001b[39m\n        \u001b[36m<div\u001b[39m\n          \u001b[33mclass\u001b[39m=\u001b[32m\"form-info\"\u001b[39m\n        \u001b[36m>\u001b[39m\n          \u001b[36m<h3>\u001b[39m\n            \u001b[0mHow it works:\u001b[0m\n          \u001b[36m</h3>\u001b[39m\n          \u001b[36m<ul>\u001b[39m\n            \u001b[36m<li>\u001b[39m\n              \u001b[0mOnce created, your quest will be available for others to claim\u001b[0m\n            \u001b[36m</li>\u001b[39m\n            \u001b[36m<li>\u001b[39m\n              \u001b[0mWhen someone claims it, they'll have time to complete the task\u001b[0m\n            \u001b[36m</li>\u001b[39m\n            \u001b[36m<li>\u001b[39m\n              \u001b[0mAfter submission, both parties must attest to successful completion\u001b[0m\n            \u001b[36m</li>\u001b[39m\n            \u001b[36m<li>\u001b[39m\n              \u001b[0mRewards are distributed only after dual attestation\u001b[0m\n            \u001b[36m</li>\u001b[39m\n          \u001b[36m</ul>\u001b[39m\n        \u001b[36m</div>\u001b[39m\n        \u001b[36m<div\u001b[39m\n          \u001b[33mclass\u001b[39m=\u001b[32m\"form-actions\"\u001b[39m\n        \u001b[36m>\u001b[39m\n          \u001b[36m<button\u001b[39m\n            \u001b[33mclass\u001b[39m=\u001b[32m\"secondary-button\"\u001b[39m\n            \u001b[33mtype\u001b[39m=\u001b[32m\"button\"\u001b[39m\n          \u001b[36m>\u001b[39m\n            \u001b[0mCancel\u001b[0m\n          \u001b[36m</button>\u001b[39m\n          \u001b[36m<button\u001b[39m\n            \u001b[33mclass\u001b[39m=\u001b[32m\"primary-button\"\u001b[39m\n            \u001b[33mtype\u001b[39m=\u001b[32m\"submit\"\u001b[39m\n          \u001b[36m>\u001b[39m\n            \u001b[0mCreate Quest\u001b[0m\n          \u001b[36m</button>\u001b[39m\n        \u001b[36m</div>\u001b[39m\n      \u001b[36m</form>\u001b[39m\n    \u001b[36m</div>\u001b[39m\n  \u001b[36m</div>\u001b[39m\n\u001b[36m</body>\u001b[39m"],"location":{"line":163,"column":27}},{"ancestorTitles":["","CreateQuest - Critical User Flow"],"fullName":" CreateQuest - Critical User Flow successfully creates a quest with valid data and navigates","status":"passed","title":"successfully creates a quest with valid data and navigates","duration":269,"failureMessages":[]},{"ancestorTitles":["","CreateQuest - Critical User Flow"],"fullName":" CreateQuest - Critical User Flow shows loading state during submission","status":"failed","title":"shows loading state during submission","duration":177,"failureMessages":["expect(element).toBeDisabled()\n\nReceived element is not disabled:\n  <button\n  class=\"primary-button\"\n  type=\"submit\"\n/>"],"location":{"line":115,"column":26}},{"ancestorTitles":["","CreateQuest - Critical User Flow"],"fullName":" CreateQuest - Critical User Flow handles API errors gracefully","status":"passed","title":"handles API errors gracefully","duration":169,"failureMessages":[]},{"ancestorTitles":["","CreateQuest - Critical User Flow"],"fullName":" CreateQuest - Critical User Flow allows navigation back via cancel button","status":"passed","title":"allows navigation back via cancel button","duration":14,"failureMessages":[]}],"startTime":1749833154191,"endTime":1749833156407,"status":"failed","message":"","name":"/Users/victor/Projects/civicforge/frontend/src/views/__tests__/CreateQuest.focused.test.tsx"},{"assertionResults":[{"ancestorTitles":["","CreateQuest"],"fullName":" CreateQuest renders the create quest form","status":"passed","title":"renders the create quest form","duration":147,"failureMessages":[]},{"ancestorTitles":["","CreateQuest"],"fullName":" CreateQuest validates required fields","status":"passed","title":"validates required fields","duration":58,"failureMessages":[]},{"ancestorTitles":["","CreateQuest"],"fullName":" CreateQuest validates minimum reward points","status":"failed","title":"validates minimum reward points","duration":1265,"failureMessages":["Unable to find an element with the text: /XP must be at least 10/i. This could be because the text is broken up by multiple elements. In this case, you can provide a function for your text matcher to make your matcher more flexible.\n\nIgnored nodes: comments, script, style\n\u001b[36m<body>\u001b[39m\n  \u001b[36m<div>\u001b[39m\n    \u001b[36m<div\u001b[39m\n      \u001b[33mclass\u001b[39m=\u001b[32m\"create-quest-container\"\u001b[39m\n    \u001b[36m>\u001b[39m\n      \u001b[36m<div\u001b[39m\n        \u001b[33mclass\u001b[39m=\u001b[32m\"page-header\"\u001b[39m\n      \u001b[36m>\u001b[39m\n        \u001b[36m<h1>\u001b[39m\n          \u001b[0mCreate a New Quest\u001b[0m\n        \u001b[36m</h1>\u001b[39m\n        \u001b[36m<p\u001b[39m\n          \u001b[33mclass\u001b[39m=\u001b[32m\"page-subtitle\"\u001b[39m\n        \u001b[36m>\u001b[39m\n          \u001b[0mDefine a task that needs to be completed and verified by the community\u001b[0m\n        \u001b[36m</p>\u001b[39m\n      \u001b[36m</div>\u001b[39m\n      \u001b[36m<form\u001b[39m\n        \u001b[33mclass\u001b[39m=\u001b[32m\"quest-form\"\u001b[39m\n      \u001b[36m>\u001b[39m\n        \u001b[36m<div\u001b[39m\n          \u001b[33mclass\u001b[39m=\u001b[32m\"form-group\"\u001b[39m\n        \u001b[36m>\u001b[39m\n          \u001b[36m<label\u001b[39m\n            \u001b[33mfor\u001b[39m=\u001b[32m\"title\"\u001b[39m\n          \u001b[36m>\u001b[39m\n            \u001b[0mQuest Title\u001b[0m\n          \u001b[36m</label>\u001b[39m\n          \u001b[36m<input\u001b[39m\n            \u001b[33mclass\u001b[39m=\u001b[32m\"\"\u001b[39m\n            \u001b[33mid\u001b[39m=\u001b[32m\"title\"\u001b[39m\n            \u001b[33mmaxlength\u001b[39m=\u001b[32m\"100\"\u001b[39m\n            \u001b[33mname\u001b[39m=\u001b[32m\"title\"\u001b[39m\n            \u001b[33mplaceholder\u001b[39m=\u001b[32m\"Enter a clear, descriptive title\"\u001b[39m\n            \u001b[33mtype\u001b[39m=\u001b[32m\"text\"\u001b[39m\n            \u001b[33mvalue\u001b[39m=\u001b[32m\"Test Quest\"\u001b[39m\n          \u001b[36m/>\u001b[39m\n        \u001b[36m</div>\u001b[39m\n        \u001b[36m<div\u001b[39m\n          \u001b[33mclass\u001b[39m=\u001b[32m\"form-group\"\u001b[39m\n        \u001b[36m>\u001b[39m\n          \u001b[36m<label\u001b[39m\n            \u001b[33mfor\u001b[39m=\u001b[32m\"description\"\u001b[39m\n          \u001b[36m>\u001b[39m\n            \u001b[0mDescription\u001b[0m\n          \u001b[36m</label>\u001b[39m\n          \u001b[36m<textarea\u001b[39m\n            \u001b[33mclass\u001b[39m=\u001b[32m\"\"\u001b[39m\n            \u001b[33mid\u001b[39m=\u001b[32m\"description\"\u001b[39m\n            \u001b[33mmaxlength\u001b[39m=\u001b[32m\"1000\"\u001b[39m\n            \u001b[33mname\u001b[39m=\u001b[32m\"description\"\u001b[39m\n            \u001b[33mplaceholder\u001b[39m=\u001b[32m\"Provide detailed instructions and requirements for completing this quest\"\u001b[39m\n            \u001b[33mrows\u001b[39m=\u001b[32m\"6\"\u001b[39m\n          \u001b[36m>\u001b[39m\n            \u001b[0mTest Description\u001b[0m\n          \u001b[36m</textarea>\u001b[39m\n          \u001b[36m<span\u001b[39m\n            \u001b[33mclass\u001b[39m=\u001b[32m\"character-count\"\u001b[39m\n          \u001b[36m>\u001b[39m\n            \u001b[0m16\u001b[0m\n            \u001b[0m/1000 characters\u001b[0m\n          \u001b[36m</span>\u001b[39m\n        \u001b[36m</div>\u001b[39m\n        \u001b[36m<div\u001b[39m\n          \u001b[33mclass\u001b[39m=\u001b[32m\"form-row\"\u001b[39m\n        \u001b[36m>\u001b[39m\n          \u001b[36m<div\u001b[39m\n            \u001b[33mclass\u001b[39m=\u001b[32m\"form-group\"\u001b[39m\n          \u001b[36m>\u001b[39m\n            \u001b[36m<label\u001b[39m\n              \u001b[33mfor\u001b[39m=\u001b[32m\"rewardXp\"\u001b[39m\n            \u001b[36m>\u001b[39m\n              \u001b[0mExperience Points (XP)\u001b[0m\n            \u001b[36m</label>\u001b[39m\n            \u001b[36m<input\u001b[39m\n              \u001b[33mclass\u001b[39m=\u001b[32m\"\"\u001b[39m\n              \u001b[33mid\u001b[39m=\u001b[32m\"rewardXp\"\u001b[39m\n              \u001b[33mmax\u001b[39m=\u001b[32m\"10000\"\u001b[39m\n              \u001b[33mmin\u001b[39m=\u001b[32m\"10\"\u001b[39m\n              \u001b[33mname\u001b[39m=\u001b[32m\"rewardXp\"\u001b[39m\n              \u001b[33mtype\u001b[39m=\u001b[32m\"number\"\u001b[39m\n              \u001b[33mvalue\u001b[39m=\u001b[32m\"5\"\u001b[39m\n            \u001b[36m/>\u001b[39m\n          \u001b[36m</div>\u001b[39m\n          \u001b[36m<div\u001b[39m\n            \u001b[33mclass\u001b[39m=\u001b[32m\"form-group\"\u001b[39m\n          \u001b[36m>\u001b[39m\n            \u001b[36m<label\u001b[39m\n              \u001b[33mfor\u001b[39m=\u001b[32m\"rewardReputation\"\u001b[39m\n            \u001b[36m>\u001b[39m\n              \u001b[0mReputation Points\u001b[0m\n            \u001b[36m</label>\u001b[39m\n            \u001b[36m<input\u001b[39m\n              \u001b[33mclass\u001b[39m=\u001b[32m\"\"\u001b[39m\n              \u001b[33mid\u001b[39m=\u001b[32m\"rewardReputation\"\u001b[39m\n              \u001b[33mmax\u001b[39m=\u001b[32m\"100\"\u001b[39m\n              \u001b[33mmin\u001b[39m=\u001b[32m\"1\"\u001b[39m\n              \u001b[33mname\u001b[39m=\u001b[32m\"rewardReputation\"\u001b[39m\n              \u001b[33mtype\u001b[39m=\u001b[32m\"number\"\u001b[39m\n              \u001b[33mvalue\u001b[39m=\u001b[32m\"0\"\u001b[39m\n            \u001b[36m/>\u001b[39m\n          \u001b[36m</div>\u001b[39m\n        \u001b[36m</div>\u001b[39m\n        \u001b[36m<div\u001b[39m\n          \u001b[33mclass\u001b[39m=\u001b[32m\"form-info\"\u001b[39m\n        \u001b[36m>\u001b[39m\n          \u001b[36m<h3>\u001b[39m\n            \u001b[0mHow it works:\u001b[0m\n          \u001b[36m</h3>\u001b[39m\n          \u001b[36m<ul>\u001b[39m\n            \u001b[36m<li>\u001b[39m\n              \u001b[0mOnce created, your quest will be available for others to claim\u001b[0m\n            \u001b[36m</li>\u001b[39m\n            \u001b[36m<li>\u001b[39m\n              \u001b[0mWhen someone claims it, they'll have time to complete the task\u001b[0m\n            \u001b[36m</li>\u001b[39m\n            \u001b[36m<li>\u001b[39m\n              \u001b[0mAfter submission, both parties must attest to successful completion\u001b[0m\n            \u001b[36m</li>\u001b[39m\n            \u001b[36m<li>\u001b[39m\n              \u001b[0mRewards are distributed only after dual attestation\u001b[0m\n            \u001b[36m</li>\u001b[39m\n          \u001b[36m</ul>\u001b[39m\n        \u001b[36m</div>\u001b[39m\n        \u001b[36m<div\u001b[39m\n          \u001b[33mclass\u001b[39m=\u001b[32m\"form-actions\"\u001b[39m\n        \u001b[36m>\u001b[39m\n          \u001b[36m<button\u001b[39m\n            \u001b[33mclass\u001b[39m=\u001b[32m\"secondary-button\"\u001b[39m\n            \u001b[33mtype\u001b[39m=\u001b[32m\"button\"\u001b[39m\n          \u001b[36m>\u001b[39m\n            \u001b[0mCancel\u001b[0m\n          \u001b[36m</button>\u001b[39m\n          \u001b[36m<button\u001b[39m\n            \u001b[33mclass\u001b[39m=\u001b[32m\"primary-button\"\u001b[39m\n            \u001b[33mtype\u001b[39m=\u001b[32m\"submit\"\u001b[39m\n          \u001b[36m>\u001b[39m\n            \u001b[0mCreate Quest\u001b[0m\n          \u001b[36m</button>\u001b[39m\n        \u001b[36m</div>\u001b[39m\n      \u001b[36m</form>\u001b[39m\n    \u001b[36m</div>\u001b[39m\n  \u001b[36m</div>\u001b[39m\n\u001b[36m</body>\u001b[39m\n\nIgnored nodes: comments, script, style\n\u001b[36m<html>\u001b[39m\n  \u001b[36m<head />\u001b[39m\n  \u001b[36m<body>\u001b[39m\n    \u001b[36m<div>\u001b[39m\n      \u001b[36m<div\u001b[39m\n        \u001b[33mclass\u001b[39m=\u001b[32m\"create-quest-container\"\u001b[39m\n      \u001b[36m>\u001b[39m\n        \u001b[36m<div\u001b[39m\n          \u001b[33mclass\u001b[39m=\u001b[32m\"page-header\"\u001b[39m\n        \u001b[36m>\u001b[39m\n          \u001b[36m<h1>\u001b[39m\n            \u001b[0mCreate a New Quest\u001b[0m\n          \u001b[36m</h1>\u001b[39m\n          \u001b[36m<p\u001b[39m\n            \u001b[33mclass\u001b[39m=\u001b[32m\"page-subtitle\"\u001b[39m\n          \u001b[36m>\u001b[39m\n            \u001b[0mDefine a task that needs to be completed and verified by the community\u001b[0m\n          \u001b[36m</p>\u001b[39m\n        \u001b[36m</div>\u001b[39m\n        \u001b[36m<form\u001b[39m\n          \u001b[33mclass\u001b[39m=\u001b[32m\"quest-form\"\u001b[39m\n        \u001b[36m>\u001b[39m\n          \u001b[36m<div\u001b[39m\n            \u001b[33mclass\u001b[39m=\u001b[32m\"form-group\"\u001b[39m\n          \u001b[36m>\u001b[39m\n            \u001b[36m<label\u001b[39m\n              \u001b[33mfor\u001b[39m=\u001b[32m\"title\"\u001b[39m\n            \u001b[36m>\u001b[39m\n              \u001b[0mQuest Title\u001b[0m\n            \u001b[36m</label>\u001b[39m\n            \u001b[36m<input\u001b[39m\n              \u001b[33mclass\u001b[39m=\u001b[32m\"\"\u001b[39m\n              \u001b[33mid\u001b[39m=\u001b[32m\"title\"\u001b[39m\n              \u001b[33mmaxlength\u001b[39m=\u001b[32m\"100\"\u001b[39m\n              \u001b[33mname\u001b[39m=\u001b[32m\"title\"\u001b[39m\n              \u001b[33mplaceholder\u001b[39m=\u001b[32m\"Enter a clear, descriptive title\"\u001b[39m\n              \u001b[33mtype\u001b[39m=\u001b[32m\"text\"\u001b[39m\n              \u001b[33mvalue\u001b[39m=\u001b[32m\"Test Quest\"\u001b[39m\n            \u001b[36m/>\u001b[39m\n          \u001b[36m</div>\u001b[39m\n          \u001b[36m<div\u001b[39m\n            \u001b[33mclass\u001b[39m=\u001b[32m\"form-group\"\u001b[39m\n          \u001b[36m>\u001b[39m\n            \u001b[36m<label\u001b[39m\n              \u001b[33mfor\u001b[39m=\u001b[32m\"description\"\u001b[39m\n            \u001b[36m>\u001b[39m\n              \u001b[0mDescription\u001b[0m\n            \u001b[36m</label>\u001b[39m\n            \u001b[36m<textarea\u001b[39m\n              \u001b[33mclass\u001b[39m=\u001b[32m\"\"\u001b[39m\n              \u001b[33mid\u001b[39m=\u001b[32m\"description\"\u001b[39m\n              \u001b[33mmaxlength\u001b[39m=\u001b[32m\"1000\"\u001b[39m\n              \u001b[33mname\u001b[39m=\u001b[32m\"description\"\u001b[39m\n              \u001b[33mplaceholder\u001b[39m=\u001b[32m\"Provide detailed instructions and requirements for completing this quest\"\u001b[39m\n              \u001b[33mrows\u001b[39m=\u001b[32m\"6\"\u001b[39m\n            \u001b[36m>\u001b[39m\n              \u001b[0mTest Description\u001b[0m\n            \u001b[36m</textarea>\u001b[39m\n            \u001b[36m<span\u001b[39m\n              \u001b[33mclass\u001b[39m=\u001b[32m\"character-count\"\u001b[39m\n            \u001b[36m>\u001b[39m\n              \u001b[0m16\u001b[0m\n              \u001b[0m/1000 characters\u001b[0m\n            \u001b[36m</span>\u001b[39m\n          \u001b[36m</div>\u001b[39m\n          \u001b[36m<div\u001b[39m\n            \u001b[33mclass\u001b[39m=\u001b[32m\"form-row\"\u001b[39m\n          \u001b[36m>\u001b[39m\n            \u001b[36m<div\u001b[39m\n              \u001b[33mclass\u001b[39m=\u001b[32m\"form-group\"\u001b[39m\n            \u001b[36m>\u001b[39m\n              \u001b[36m<label\u001b[39m\n                \u001b[33mfor\u001b[39m=\u001b[32m\"rewardXp\"\u001b[39m\n              \u001b[36m>\u001b[39m\n                \u001b[0mExperience Points (XP)\u001b[0m\n              \u001b[36m</label>\u001b[39m\n              \u001b[36m<input\u001b[39m\n                \u001b[33mclass\u001b[39m=\u001b[32m\"\"\u001b[39m\n                \u001b[33mid\u001b[39m=\u001b[32m\"rewardXp\"\u001b[39m\n                \u001b[33mmax\u001b[39m=\u001b[32m\"10000\"\u001b[39m\n                \u001b[33mmin\u001b[39m=\u001b[32m\"10\"\u001b[39m\n                \u001b[33mname\u001b[39m=\u001b[32m\"rewardXp\"\u001b[39m\n                \u001b[33mtype\u001b[39m=\u001b[32m\"number\"\u001b[39m\n                \u001b[33mvalue\u001b[39m=\u001b[32m\"5\"\u001b[39m\n              \u001b[36m/>\u001b[39m\n            \u001b[36m</div>\u001b[39m\n            \u001b[36m<div\u001b[39m\n              \u001b[33mclass\u001b[39m=\u001b[32m\"form-group\"\u001b[39m\n            \u001b[36m>\u001b[39m\n              \u001b[36m<label\u001b[39m\n                \u001b[33mfor\u001b[39m=\u001b[32m\"rewardReputation\"\u001b[39m\n              \u001b[36m>\u001b[39m\n                \u001b[0mReputation Points\u001b[0m\n              \u001b[36m</label>\u001b[39m\n              \u001b[36m<input\u001b[39m\n                \u001b[33mclass\u001b[39m=\u001b[32m\"\"\u001b[39m\n                \u001b[33mid\u001b[39m=\u001b[32m\"rewardReputation\"\u001b[39m\n                \u001b[33mmax\u001b[39m=\u001b[32m\"100\"\u001b[39m\n                \u001b[33mmin\u001b[39m=\u001b[32m\"1\"\u001b[39m\n                \u001b[33mname\u001b[39m=\u001b[32m\"rewardReputation\"\u001b[39m\n                \u001b[33mtype\u001b[39m=\u001b[32m\"number\"\u001b[39m\n                \u001b[33mvalue\u001b[39m=\u001b[32m\"0\"\u001b[39m\n              \u001b[36m/>\u001b[39m\n            \u001b[36m</div>\u001b[39m\n          \u001b[36m</div>\u001b[39m\n          \u001b[36m<div\u001b[39m\n            \u001b[33mclass\u001b[39m=\u001b[32m\"form-info\"\u001b[39m\n          \u001b[36m>\u001b[39m\n            \u001b[36m<h3>\u001b[39m\n              \u001b[0mHow it works:\u001b[0m\n            \u001b[36m</h3>\u001b[39m\n            \u001b[36m<ul>\u001b[39m\n              \u001b[36m<li>\u001b[39m\n                \u001b[0mOnce created, your quest will be available for others to claim\u001b[0m\n              \u001b[36m</li>\u001b[39m\n              \u001b[36m<li>\u001b[39m\n                \u001b[0mWhen someone claims it, they'll have time to complete the task\u001b[0m\n              \u001b[36m</li>\u001b[39m\n              \u001b[36m<li>\u001b[39m\n                \u001b[0mAfter submission, both parties must attest to successful completion\u001b[0m\n              \u001b[36m</li>\u001b[39m\n              \u001b[36m<li>\u001b[39m\n                \u001b[0mRewards are distributed only after dual attestation\u001b[0m\n              \u001b[36m</li>\u001b[39m\n            \u001b[36m</ul>\u001b[39m\n          \u001b[36m</div>\u001b[39m\n          \u001b[36m<div\u001b[39m\n            \u001b[33mclass\u001b[39m=\u001b[32m\"form-actions\"\u001b[39m\n          \u001b[36m>\u001b[39m\n            \u001b[36m<button\u001b[39m\n              \u001b[33mclass\u001b[39m=\u001b[32m\"secondary-button\"\u001b[39m\n              \u001b[33mtype\u001b[39m=\u001b[32m\"button\"\u001b[39m\n            \u001b[36m>\u001b[39m\n              \u001b[0mCancel\u001b[0m\n            \u001b[36m</button>\u001b[39m\n            \u001b[36m<button\u001b[39m\n              \u001b[33mclass\u001b[39m=\u001b[32m\"primary-button\"\u001b[39m\n              \u001b[33mtype\u001b[39m=\u001b[32m\"submit\"\u001b[39m\n            \u001b[36m>\u001b[39m\n              \u001b[0mCreate Quest\u001b[0m\n            \u001b[36m</button>\u001b[39m\n          \u001b[36m</div>\u001b[39m\n        \u001b[36m</form>\u001b[39m\n      \u001b[36m</div>\u001b[39m\n    \u001b[36m</div>\u001b[39m\n  \u001b[36m</body>\u001b[39m\n\u001b[36m</html>\u001b[39m"],"location":{"line":163,"column":27}},{"ancestorTitles":["","CreateQuest"],"fullName":" CreateQuest successfully creates a quest","status":"passed","title":"successfully creates a quest","duration":205,"failureMessages":[]},{"ancestorTitles":["","CreateQuest"],"fullName":" CreateQuest handles API errors gracefully","status":"passed","title":"handles API errors gracefully","duration":122,"failureMessages":[]},{"ancestorTitles":["","CreateQuest"],"fullName":" CreateQuest disables form during submission","status":"failed","title":"disables form during submission","duration":1115,"failureMessages":["expect(element).toHaveTextContent()\n\nExpected element to have text content:\n  /creating/i\nReceived:\n  Create Quest\n\nIgnored nodes: comments, script, style\n\u001b[36m<html>\u001b[39m\n  \u001b[36m<head />\u001b[39m\n  \u001b[36m<body>\u001b[39m\n    \u001b[36m<div>\u001b[39m\n      \u001b[36m<div\u001b[39m\n        \u001b[33mclass\u001b[39m=\u001b[32m\"create-quest-container\"\u001b[39m\n      \u001b[36m>\u001b[39m\n        \u001b[36m<div\u001b[39m\n          \u001b[33mclass\u001b[39m=\u001b[32m\"page-header\"\u001b[39m\n        \u001b[36m>\u001b[39m\n          \u001b[36m<h1>\u001b[39m\n            \u001b[0mCreate a New Quest\u001b[0m\n          \u001b[36m</h1>\u001b[39m\n          \u001b[36m<p\u001b[39m\n            \u001b[33mclass\u001b[39m=\u001b[32m\"page-subtitle\"\u001b[39m\n          \u001b[36m>\u001b[39m\n            \u001b[0mDefine a task that needs to be completed and verified by the community\u001b[0m\n          \u001b[36m</p>\u001b[39m\n        \u001b[36m</div>\u001b[39m\n        \u001b[36m<form\u001b[39m\n          \u001b[33mclass\u001b[39m=\u001b[32m\"quest-form\"\u001b[39m\n        \u001b[36m>\u001b[39m\n          \u001b[36m<div\u001b[39m\n            \u001b[33mclass\u001b[39m=\u001b[32m\"form-group\"\u001b[39m\n          \u001b[36m>\u001b[39m\n            \u001b[36m<label\u001b[39m\n              \u001b[33mfor\u001b[39m=\u001b[32m\"title\"\u001b[39m\n            \u001b[36m>\u001b[39m\n              \u001b[0mQuest Title\u001b[0m\n            \u001b[36m</label>\u001b[39m\n            \u001b[36m<input\u001b[39m\n              \u001b[33mclass\u001b[39m=\u001b[32m\"\"\u001b[39m\n              \u001b[33mid\u001b[39m=\u001b[32m\"title\"\u001b[39m\n              \u001b[33mmaxlength\u001b[39m=\u001b[32m\"100\"\u001b[39m\n              \u001b[33mname\u001b[39m=\u001b[32m\"title\"\u001b[39m\n              \u001b[33mplaceholder\u001b[39m=\u001b[32m\"Enter a clear, descriptive title\"\u001b[39m\n              \u001b[33mtype\u001b[39m=\u001b[32m\"text\"\u001b[39m\n              \u001b[33mvalue\u001b[39m=\u001b[32m\"Test Quest\"\u001b[39m\n            \u001b[36m/>\u001b[39m\n          \u001b[36m</div>\u001b[39m\n          \u001b[36m<div\u001b[39m\n            \u001b[33mclass\u001b[39m=\u001b[32m\"form-group\"\u001b[39m\n          \u001b[36m>\u001b[39m\n            \u001b[36m<label\u001b[39m\n              \u001b[33mfor\u001b[39m=\u001b[32m\"description\"\u001b[39m\n            \u001b[36m>\u001b[39m\n              \u001b[0mDescription\u001b[0m\n            \u001b[36m</label>\u001b[39m\n            \u001b[36m<textarea\u001b[39m\n              \u001b[33mclass\u001b[39m=\u001b[32m\"\"\u001b[39m\n              \u001b[33mid\u001b[39m=\u001b[32m\"description\"\u001b[39m\n              \u001b[33mmaxlength\u001b[39m=\u001b[32m\"1000\"\u001b[39m\n              \u001b[33mname\u001b[39m=\u001b[32m\"description\"\u001b[39m\n              \u001b[33mplaceholder\u001b[39m=\u001b[32m\"Provide detailed instructions and requirements for completing this quest\"\u001b[39m\n              \u001b[33mrows\u001b[39m=\u001b[32m\"6\"\u001b[39m\n            \u001b[36m>\u001b[39m\n              \u001b[0mTest Description\u001b[0m\n            \u001b[36m</textarea>\u001b[39m\n            \u001b[36m<span\u001b[39m\n              \u001b[33mclass\u001b[39m=\u001b[32m\"character-count\"\u001b[39m\n            \u001b[36m>\u001b[39m\n              \u001b[0m16\u001b[0m\n              \u001b[0m/1000 characters\u001b[0m\n            \u001b[36m</span>\u001b[39m\n          \u001b[36m</div>\u001b[39m\n          \u001b[36m<div\u001b[39m\n            \u001b[33mclass\u001b[39m=\u001b[32m\"form-row\"\u001b[39m\n          \u001b[36m>\u001b[39m\n            \u001b[36m<div\u001b[39m\n              \u001b[33mclass\u001b[39m=\u001b[32m\"form-group\"\u001b[39m\n            \u001b[36m>\u001b[39m\n              \u001b[36m<label\u001b[39m\n                \u001b[33mfor\u001b[39m=\u001b[32m\"rewardXp\"\u001b[39m\n              \u001b[36m>\u001b[39m\n                \u001b[0mExperience Points (XP)\u001b[0m\n              \u001b[36m</label>\u001b[39m\n              \u001b[36m<input\u001b[39m\n                \u001b[33mclass\u001b[39m=\u001b[32m\"\"\u001b[39m\n                \u001b[33mid\u001b[39m=\u001b[32m\"rewardXp\"\u001b[39m\n                \u001b[33mmax\u001b[39m=\u001b[32m\"10000\"\u001b[39m\n                \u001b[33mmin\u001b[39m=\u001b[32m\"10\"\u001b[39m\n                \u001b[33mname\u001b[39m=\u001b[32m\"rewardXp\"\u001b[39m\n                \u001b[33mtype\u001b[39m=\u001b[32m\"number\"\u001b[39m\n                \u001b[33mvalue\u001b[39m=\u001b[32m\"100100\"\u001b[39m\n              \u001b[36m/>\u001b[39m\n            \u001b[36m</div>\u001b[39m\n            \u001b[36m<div\u001b[39m\n              \u001b[33mclass\u001b[39m=\u001b[32m\"form-group\"\u001b[39m\n            \u001b[36m>\u001b[39m\n              \u001b[36m<label\u001b[39m\n                \u001b[33mfor\u001b[39m=\u001b[32m\"rewardReputation\"\u001b[39m\n              \u001b[36m>\u001b[39m\n                \u001b[0mReputation Points\u001b[0m\n              \u001b[36m</label>\u001b[39m\n              \u001b[36m<input\u001b[39m\n                \u001b[33mclass\u001b[39m=\u001b[32m\"\"\u001b[39m\n                \u001b[33mid\u001b[39m=\u001b[32m\"rewardReputation\"\u001b[39m\n                \u001b[33mmax\u001b[39m=\u001b[32m\"100\"\u001b[39m\n                \u001b[33mmin\u001b[39m=\u001b[32m\"1\"\u001b[39m\n                \u001b[33mname\u001b[39m=\u001b[32m\"rewardReputation\"\u001b[39m\n                \u001b[33mtype\u001b[39m=\u001b[32m\"number\"\u001b[39m\n                \u001b[33mvalue\u001b[39m=\u001b[32m\"1010\"\u001b[39m\n              \u001b[36m/>\u001b[39m\n            \u001b[36m</div>\u001b[39m\n          \u001b[36m</div>\u001b[39m\n          \u001b[36m<div\u001b[39m\n            \u001b[33mclass\u001b[39m=\u001b[32m\"form-info\"\u001b[39m\n          \u001b[36m>\u001b[39m\n            \u001b[36m<h3>\u001b[39m\n              \u001b[0mHow it works:\u001b[0m\n            \u001b[36m</h3>\u001b[39m\n            \u001b[36m<ul>\u001b[39m\n              \u001b[36m<li>\u001b[39m\n                \u001b[0mOnce created, your quest will be available for others to claim\u001b[0m\n              \u001b[36m</li>\u001b[39m\n              \u001b[36m<li>\u001b[39m\n                \u001b[0mWhen someone claims it, they'll have time to complete the task\u001b[0m\n              \u001b[36m</li>\u001b[39m\n              \u001b[36m<li>\u001b[39m\n                \u001b[0mAfter submission, both parties must attest to successful completion\u001b[0m\n              \u001b[36m</li>\u001b[39m\n              \u001b[36m<li>\u001b[39m\n                \u001b[0mRewards are distributed only after dual attestation\u001b[0m\n              \u001b[36m</li>\u001b[39m\n            \u001b[36m</ul>\u001b[39m\n          \u001b[36m</div>\u001b[39m\n          \u001b[36m<div\u001b[39m\n            \u001b[33mclass\u001b[39m=\u001b[32m\"form-actions\"\u001b[39m\n          \u001b[36m>\u001b[39m\n            \u001b[36m<button\u001b[39m\n              \u001b[33mclass\u001b[39m=\u001b[32m\"secondary-button\"\u001b[39m\n              \u001b[33mtype\u001b[39m=\u001b[32m\"button\"\u001b[39m\n            \u001b[36m>\u001b[39m\n              \u001b[0mCancel\u001b[0m\n            \u001b[36m</button>\u001b[39m\n            \u001b[36m<button\u001b[39m\n              \u001b[33mclass\u001b[39m=\u001b[32m\"primary-button\"\u001b[39m\n              \u001b[33mtype\u001b[39m=\u001b[32m\"submit\"\u001b[39m\n            \u001b[36m>\u001b[39m\n              \u001b[0mCreate Quest\u001b[0m\n            \u001b[36m</button>\u001b[39m\n          \u001b[36m</div>\u001b[39m\n        \u001b[36m</form>\u001b[39m\n      \u001b[36m</div>\u001b[39m\n    \u001b[36m</div>\u001b[39m\n  \u001b[36m</body>\u001b[39m\n\u001b[36m</html>\u001b[39m"],"location":{"line":183,"column":28}},{"ancestorTitles":["","CreateQuest"],"fullName":" CreateQuest prevents XSS in quest content","status":"passed","title":"prevents XSS in quest content","duration":184,"failureMessages":[]}],"startTime":1749833154223,"endTime":1749833157320,"status":"failed","message":"","name":"/Users/victor/Projects/civicforge/frontend/src/views/__tests__/CreateQuest.test.tsx"},{"assertionResults":[{"ancestorTitles":["","QuestDetail"],"fullName":" QuestDetail renders quest details","status":"failed","title":"renders quest details","duration":1022,"failureMessages":["Unable to find an element with the text: Test Quest. This could be because the text is broken up by multiple elements. In this case, you can provide a function for your text matcher to make your matcher more flexible.\n\nIgnored nodes: comments, script, style\n\u001b[36m<body>\u001b[39m\n  \u001b[36m<div>\u001b[39m\n    \u001b[36m<div\u001b[39m\n      \u001b[33mclass\u001b[39m=\u001b[32m\"loading-container\"\u001b[39m\n    \u001b[36m>\u001b[39m\n      \u001b[36m<div\u001b[39m\n        \u001b[33mclass\u001b[39m=\u001b[32m\"spinner\"\u001b[39m\n      \u001b[36m>\u001b[39m\n        \u001b[0mLoading quest details...\u001b[0m\n      \u001b[36m</div>\u001b[39m\n    \u001b[36m</div>\u001b[39m\n  \u001b[36m</div>\u001b[39m\n\u001b[36m</body>\u001b[39m\n\nIgnored nodes: comments, script, style\n\u001b[36m<html>\u001b[39m\n  \u001b[36m<head />\u001b[39m\n  \u001b[36m<body>\u001b[39m\n    \u001b[36m<div>\u001b[39m\n      \u001b[36m<div\u001b[39m\n        \u001b[33mclass\u001b[39m=\u001b[32m\"loading-container\"\u001b[39m\n      \u001b[36m>\u001b[39m\n        \u001b[36m<div\u001b[39m\n          \u001b[33mclass\u001b[39m=\u001b[32m\"spinner\"\u001b[39m\n        \u001b[36m>\u001b[39m\n          \u001b[0mLoading quest details...\u001b[0m\n        \u001b[36m</div>\u001b[39m\n      \u001b[36m</div>\u001b[39m\n    \u001b[36m</div>\u001b[39m\n  \u001b[36m</body>\u001b[39m\n\u001b[36m</html>\u001b[39m"],"location":{"line":163,"column":27}},{"ancestorTitles":["","QuestDetail"],"fullName":" QuestDetail shows claim button for open quests","status":"failed","title":"shows claim button for open quests","duration":1004,"failureMessages":["Unable to find role=\"button\" and name `/claim quest/i`\n\nIgnored nodes: comments, script, style\n\u001b[36m<body>\u001b[39m\n  \u001b[36m<div>\u001b[39m\n    \u001b[36m<div\u001b[39m\n      \u001b[33mclass\u001b[39m=\u001b[32m\"loading-container\"\u001b[39m\n    \u001b[36m>\u001b[39m\n      \u001b[36m<div\u001b[39m\n        \u001b[33mclass\u001b[39m=\u001b[32m\"spinner\"\u001b[39m\n      \u001b[36m>\u001b[39m\n        \u001b[0mLoading quest details...\u001b[0m\n      \u001b[36m</div>\u001b[39m\n    \u001b[36m</div>\u001b[39m\n  \u001b[36m</div>\u001b[39m\n\u001b[36m</body>\u001b[39m\n\nIgnored nodes: comments, script, style\n\u001b[36m<html>\u001b[39m\n  \u001b[36m<head />\u001b[39m\n  \u001b[36m<body>\u001b[39m\n    \u001b[36m<div>\u001b[39m\n      \u001b[36m<div\u001b[39m\n        \u001b[33mclass\u001b[39m=\u001b[32m\"loading-container\"\u001b[39m\n      \u001b[36m>\u001b[39m\n        \u001b[36m<div\u001b[39m\n          \u001b[33mclass\u001b[39m=\u001b[32m\"spinner\"\u001b[39m\n        \u001b[36m>\u001b[39m\n          \u001b[0mLoading quest details...\u001b[0m\n        \u001b[36m</div>\u001b[39m\n      \u001b[36m</div>\u001b[39m\n    \u001b[36m</div>\u001b[39m\n  \u001b[36m</body>\u001b[39m\n\u001b[36m</html>\u001b[39m"],"location":{"line":163,"column":27}},{"ancestorTitles":["","QuestDetail"],"fullName":" QuestDetail handles quest claiming","status":"failed","title":"handles quest claiming","duration":1005,"failureMessages":["Unable to find role=\"button\" and name `/claim quest/i`\n\nIgnored nodes: comments, script, style\n\u001b[36m<body>\u001b[39m\n  \u001b[36m<div>\u001b[39m\n    \u001b[36m<div\u001b[39m\n      \u001b[33mclass\u001b[39m=\u001b[32m\"loading-container\"\u001b[39m\n    \u001b[36m>\u001b[39m\n      \u001b[36m<div\u001b[39m\n        \u001b[33mclass\u001b[39m=\u001b[32m\"spinner\"\u001b[39m\n      \u001b[36m>\u001b[39m\n        \u001b[0mLoading quest details...\u001b[0m\n      \u001b[36m</div>\u001b[39m\n    \u001b[36m</div>\u001b[39m\n  \u001b[36m</div>\u001b[39m\n\u001b[36m</body>\u001b[39m\n\nIgnored nodes: comments, script, style\n\u001b[36m<html>\u001b[39m\n  \u001b[36m<head />\u001b[39m\n  \u001b[36m<body>\u001b[39m\n    \u001b[36m<div>\u001b[39m\n      \u001b[36m<div\u001b[39m\n        \u001b[33mclass\u001b[39m=\u001b[32m\"loading-container\"\u001b[39m\n      \u001b[36m>\u001b[39m\n        \u001b[36m<div\u001b[39m\n          \u001b[33mclass\u001b[39m=\u001b[32m\"spinner\"\u001b[39m\n        \u001b[36m>\u001b[39m\n          \u001b[0mLoading quest details...\u001b[0m\n        \u001b[36m</div>\u001b[39m\n      \u001b[36m</div>\u001b[39m\n    \u001b[36m</div>\u001b[39m\n  \u001b[36m</body>\u001b[39m\n\u001b[36m</html>\u001b[39m"],"location":{"line":163,"column":27}},{"ancestorTitles":["","QuestDetail"],"fullName":" QuestDetail shows submit button for quest holder","status":"failed","title":"shows submit button for quest holder","duration":1007,"failureMessages":["Unable to find role=\"button\" and name `/submit for review/i`\n\nIgnored nodes: comments, script, style\n\u001b[36m<body>\u001b[39m\n  \u001b[36m<div>\u001b[39m\n    \u001b[36m<div\u001b[39m\n      \u001b[33mclass\u001b[39m=\u001b[32m\"loading-container\"\u001b[39m\n    \u001b[36m>\u001b[39m\n      \u001b[36m<div\u001b[39m\n        \u001b[33mclass\u001b[39m=\u001b[32m\"spinner\"\u001b[39m\n      \u001b[36m>\u001b[39m\n        \u001b[0mLoading quest details...\u001b[0m\n      \u001b[36m</div>\u001b[39m\n    \u001b[36m</div>\u001b[39m\n  \u001b[36m</div>\u001b[39m\n\u001b[36m</body>\u001b[39m\n\nIgnored nodes: comments, script, style\n\u001b[36m<html>\u001b[39m\n  \u001b[36m<head />\u001b[39m\n  \u001b[36m<body>\u001b[39m\n    \u001b[36m<div>\u001b[39m\n      \u001b[36m<div\u001b[39m\n        \u001b[33mclass\u001b[39m=\u001b[32m\"loading-container\"\u001b[39m\n      \u001b[36m>\u001b[39m\n        \u001b[36m<div\u001b[39m\n          \u001b[33mclass\u001b[39m=\u001b[32m\"spinner\"\u001b[39m\n        \u001b[36m>\u001b[39m\n          \u001b[0mLoading quest details...\u001b[0m\n        \u001b[36m</div>\u001b[39m\n      \u001b[36m</div>\u001b[39m\n    \u001b[36m</div>\u001b[39m\n  \u001b[36m</body>\u001b[39m\n\u001b[36m</html>\u001b[39m"],"location":{"line":163,"column":27}},{"ancestorTitles":["","QuestDetail"],"fullName":" QuestDetail handles quest submission","status":"failed","title":"handles quest submission","duration":1008,"failureMessages":["Unable to find role=\"button\" and name `/submit for review/i`\n\nIgnored nodes: comments, script, style\n\u001b[36m<body>\u001b[39m\n  \u001b[36m<div>\u001b[39m\n    \u001b[36m<div\u001b[39m\n      \u001b[33mclass\u001b[39m=\u001b[32m\"loading-container\"\u001b[39m\n    \u001b[36m>\u001b[39m\n      \u001b[36m<div\u001b[39m\n        \u001b[33mclass\u001b[39m=\u001b[32m\"spinner\"\u001b[39m\n      \u001b[36m>\u001b[39m\n        \u001b[0mLoading quest details...\u001b[0m\n      \u001b[36m</div>\u001b[39m\n    \u001b[36m</div>\u001b[39m\n  \u001b[36m</div>\u001b[39m\n\u001b[36m</body>\u001b[39m\n\nIgnored nodes: comments, script, style\n\u001b[36m<html>\u001b[39m\n  \u001b[36m<head />\u001b[39m\n  \u001b[36m<body>\u001b[39m\n    \u001b[36m<div>\u001b[39m\n      \u001b[36m<div\u001b[39m\n        \u001b[33mclass\u001b[39m=\u001b[32m\"loading-container\"\u001b[39m\n      \u001b[36m>\u001b[39m\n        \u001b[36m<div\u001b[39m\n          \u001b[33mclass\u001b[39m=\u001b[32m\"spinner\"\u001b[39m\n        \u001b[36m>\u001b[39m\n          \u001b[0mLoading quest details...\u001b[0m\n        \u001b[36m</div>\u001b[39m\n      \u001b[36m</div>\u001b[39m\n    \u001b[36m</div>\u001b[39m\n  \u001b[36m</body>\u001b[39m\n\u001b[36m</html>\u001b[39m"],"location":{"line":163,"column":27}},{"ancestorTitles":["","QuestDetail"],"fullName":" QuestDetail shows attest button for quest creator when pending review","status":"failed","title":"shows attest button for quest creator when pending review","duration":1006,"failureMessages":["Unable to find role=\"button\" and name `/attest completion/i`\n\nIgnored nodes: comments, script, style\n\u001b[36m<body>\u001b[39m\n  \u001b[36m<div>\u001b[39m\n    \u001b[36m<div\u001b[39m\n      \u001b[33mclass\u001b[39m=\u001b[32m\"loading-container\"\u001b[39m\n    \u001b[36m>\u001b[39m\n      \u001b[36m<div\u001b[39m\n        \u001b[33mclass\u001b[39m=\u001b[32m\"spinner\"\u001b[39m\n      \u001b[36m>\u001b[39m\n        \u001b[0mLoading quest details...\u001b[0m\n      \u001b[36m</div>\u001b[39m\n    \u001b[36m</div>\u001b[39m\n  \u001b[36m</div>\u001b[39m\n\u001b[36m</body>\u001b[39m\n\nIgnored nodes: comments, script, style\n\u001b[36m<html>\u001b[39m\n  \u001b[36m<head />\u001b[39m\n  \u001b[36m<body>\u001b[39m\n    \u001b[36m<div>\u001b[39m\n      \u001b[36m<div\u001b[39m\n        \u001b[33mclass\u001b[39m=\u001b[32m\"loading-container\"\u001b[39m\n      \u001b[36m>\u001b[39m\n        \u001b[36m<div\u001b[39m\n          \u001b[33mclass\u001b[39m=\u001b[32m\"spinner\"\u001b[39m\n        \u001b[36m>\u001b[39m\n          \u001b[0mLoading quest details...\u001b[0m\n        \u001b[36m</div>\u001b[39m\n      \u001b[36m</div>\u001b[39m\n    \u001b[36m</div>\u001b[39m\n  \u001b[36m</body>\u001b[39m\n\u001b[36m</html>\u001b[39m"],"location":{"line":163,"column":27}},{"ancestorTitles":["","QuestDetail"],"fullName":" QuestDetail handles quest attestation without signature","status":"failed","title":"handles quest attestation without signature","duration":1005,"failureMessages":["Unable to find role=\"button\" and name `/attest completion/i`\n\nIgnored nodes: comments, script, style\n\u001b[36m<body>\u001b[39m\n  \u001b[36m<div>\u001b[39m\n    \u001b[36m<div\u001b[39m\n      \u001b[33mclass\u001b[39m=\u001b[32m\"loading-container\"\u001b[39m\n    \u001b[36m>\u001b[39m\n      \u001b[36m<div\u001b[39m\n        \u001b[33mclass\u001b[39m=\u001b[32m\"spinner\"\u001b[39m\n      \u001b[36m>\u001b[39m\n        \u001b[0mLoading quest details...\u001b[0m\n      \u001b[36m</div>\u001b[39m\n    \u001b[36m</div>\u001b[39m\n  \u001b[36m</div>\u001b[39m\n\u001b[36m</body>\u001b[39m\n\nIgnored nodes: comments, script, style\n\u001b[36m<html>\u001b[39m\n  \u001b[36m<head />\u001b[39m\n  \u001b[36m<body>\u001b[39m\n    \u001b[36m<div>\u001b[39m\n      \u001b[36m<div\u001b[39m\n        \u001b[33mclass\u001b[39m=\u001b[32m\"loading-container\"\u001b[39m\n      \u001b[36m>\u001b[39m\n        \u001b[36m<div\u001b[39m\n          \u001b[33mclass\u001b[39m=\u001b[32m\"spinner\"\u001b[39m\n        \u001b[36m>\u001b[39m\n          \u001b[0mLoading quest details...\u001b[0m\n        \u001b[36m</div>\u001b[39m\n      \u001b[36m</div>\u001b[39m\n    \u001b[36m</div>\u001b[39m\n  \u001b[36m</body>\u001b[39m\n\u001b[36m</html>\u001b[39m"],"location":{"line":163,"column":27}},{"ancestorTitles":["","QuestDetail"],"fullName":" QuestDetail handles API errors gracefully","status":"failed","title":"handles API errors gracefully","duration":1006,"failureMessages":["Unable to find an element with the text: /error loading quest/i. This could be because the text is broken up by multiple elements. In this case, you can provide a function for your text matcher to make your matcher more flexible.\n\nIgnored nodes: comments, script, style\n\u001b[36m<body>\u001b[39m\n  \u001b[36m<div>\u001b[39m\n    \u001b[36m<div\u001b[39m\n      \u001b[33mclass\u001b[39m=\u001b[32m\"loading-container\"\u001b[39m\n    \u001b[36m>\u001b[39m\n      \u001b[36m<div\u001b[39m\n        \u001b[33mclass\u001b[39m=\u001b[32m\"spinner\"\u001b[39m\n      \u001b[36m>\u001b[39m\n        \u001b[0mLoading quest details...\u001b[0m\n      \u001b[36m</div>\u001b[39m\n    \u001b[36m</div>\u001b[39m\n  \u001b[36m</div>\u001b[39m\n\u001b[36m</body>\u001b[39m\n\nIgnored nodes: comments, script, style\n\u001b[36m<html>\u001b[39m\n  \u001b[36m<head />\u001b[39m\n  \u001b[36m<body>\u001b[39m\n    \u001b[36m<div>\u001b[39m\n      \u001b[36m<div\u001b[39m\n        \u001b[33mclass\u001b[39m=\u001b[32m\"loading-container\"\u001b[39m\n      \u001b[36m>\u001b[39m\n        \u001b[36m<div\u001b[39m\n          \u001b[33mclass\u001b[39m=\u001b[32m\"spinner\"\u001b[39m\n        \u001b[36m>\u001b[39m\n          \u001b[0mLoading quest details...\u001b[0m\n        \u001b[36m</div>\u001b[39m\n      \u001b[36m</div>\u001b[39m\n    \u001b[36m</div>\u001b[39m\n  \u001b[36m</body>\u001b[39m\n\u001b[36m</html>\u001b[39m"],"location":{"line":163,"column":27}},{"ancestorTitles":["","QuestDetail"],"fullName":" QuestDetail shows delete button for quest creator","status":"failed","title":"shows delete button for quest creator","duration":1007,"failureMessages":["Unable to find role=\"button\" and name `/delete quest/i`\n\nIgnored nodes: comments, script, style\n\u001b[36m<body>\u001b[39m\n  \u001b[36m<div>\u001b[39m\n    \u001b[36m<div\u001b[39m\n      \u001b[33mclass\u001b[39m=\u001b[32m\"loading-container\"\u001b[39m\n    \u001b[36m>\u001b[39m\n      \u001b[36m<div\u001b[39m\n        \u001b[33mclass\u001b[39m=\u001b[32m\"spinner\"\u001b[39m\n      \u001b[36m>\u001b[39m\n        \u001b[0mLoading quest details...\u001b[0m\n      \u001b[36m</div>\u001b[39m\n    \u001b[36m</div>\u001b[39m\n  \u001b[36m</div>\u001b[39m\n\u001b[36m</body>\u001b[39m\n\nIgnored nodes: comments, script, style\n\u001b[36m<html>\u001b[39m\n  \u001b[36m<head />\u001b[39m\n  \u001b[36m<body>\u001b[39m\n    \u001b[36m<div>\u001b[39m\n      \u001b[36m<div\u001b[39m\n        \u001b[33mclass\u001b[39m=\u001b[32m\"loading-container\"\u001b[39m\n      \u001b[36m>\u001b[39m\n        \u001b[36m<div\u001b[39m\n          \u001b[33mclass\u001b[39m=\u001b[32m\"spinner\"\u001b[39m\n        \u001b[36m>\u001b[39m\n          \u001b[0mLoading quest details...\u001b[0m\n        \u001b[36m</div>\u001b[39m\n      \u001b[36m</div>\u001b[39m\n    \u001b[36m</div>\u001b[39m\n  \u001b[36m</body>\u001b[39m\n\u001b[36m</html>\u001b[39m"],"location":{"line":163,"column":27}},{"ancestorTitles":["","QuestDetail"],"fullName":" QuestDetail handles quest deletion","status":"failed","title":"handles quest deletion","duration":1006,"failureMessages":["Unable to find role=\"button\" and name `/delete quest/i`\n\nIgnored nodes: comments, script, style\n\u001b[36m<body>\u001b[39m\n  \u001b[36m<div>\u001b[39m\n    \u001b[36m<div\u001b[39m\n      \u001b[33mclass\u001b[39m=\u001b[32m\"loading-container\"\u001b[39m\n    \u001b[36m>\u001b[39m\n      \u001b[36m<div\u001b[39m\n        \u001b[33mclass\u001b[39m=\u001b[32m\"spinner\"\u001b[39m\n      \u001b[36m>\u001b[39m\n        \u001b[0mLoading quest details...\u001b[0m\n      \u001b[36m</div>\u001b[39m\n    \u001b[36m</div>\u001b[39m\n  \u001b[36m</div>\u001b[39m\n\u001b[36m</body>\u001b[39m\n\nIgnored nodes: comments, script, style\n\u001b[36m<html>\u001b[39m\n  \u001b[36m<head />\u001b[39m\n  \u001b[36m<body>\u001b[39m\n    \u001b[36m<div>\u001b[39m\n      \u001b[36m<div\u001b[39m\n        \u001b[33mclass\u001b[39m=\u001b[32m\"loading-container\"\u001b[39m\n      \u001b[36m>\u001b[39m\n        \u001b[36m<div\u001b[39m\n          \u001b[33mclass\u001b[39m=\u001b[32m\"spinner\"\u001b[39m\n        \u001b[36m>\u001b[39m\n          \u001b[0mLoading quest details...\u001b[0m\n        \u001b[36m</div>\u001b[39m\n      \u001b[36m</div>\u001b[39m\n    \u001b[36m</div>\u001b[39m\n  \u001b[36m</body>\u001b[39m\n\u001b[36m</html>\u001b[39m"],"location":{"line":163,"column":27}}],"startTime":1749833153962,"endTime":1749833164038,"status":"failed","message":"","name":"/Users/victor/Projects/civicforge/frontend/src/views/__tests__/QuestDetail.test.tsx"},{"assertionResults":[{"ancestorTitles":["","QuestList"],"fullName":" QuestList renders quest list","status":"failed","title":"renders quest list","duration":1024,"failureMessages":["Unable to find an element with the text: Test Quest. This could be because the text is broken up by multiple elements. In this case, you can provide a function for your text matcher to make your matcher more flexible.\n\nIgnored nodes: comments, script, style\n\u001b[36m<body>\u001b[39m\n  \u001b[36m<div>\u001b[39m\n    \u001b[36m<div\u001b[39m\n      \u001b[33mclass\u001b[39m=\u001b[32m\"quest-list-container\"\u001b[39m\n    \u001b[36m>\u001b[39m\n      \u001b[36m<div\u001b[39m\n        \u001b[33mclass\u001b[39m=\u001b[32m\"page-header\"\u001b[39m\n      \u001b[36m>\u001b[39m\n        \u001b[36m<h1>\u001b[39m\n          \u001b[0mAvailable Quests\u001b[0m\n        \u001b[36m</h1>\u001b[39m\n        \u001b[36m<p\u001b[39m\n          \u001b[33mclass\u001b[39m=\u001b[32m\"page-subtitle\"\u001b[39m\n        \u001b[36m>\u001b[39m\n          \u001b[0mDiscover opportunities to contribute and earn rewards through peer-verified tasks\u001b[0m\n        \u001b[36m</p>\u001b[39m\n      \u001b[36m</div>\u001b[39m\n      \u001b[36m<div\u001b[39m\n        \u001b[33mclass\u001b[39m=\u001b[32m\"quest-section\"\u001b[39m\n      \u001b[36m>\u001b[39m\n        \u001b[36m<h2>\u001b[39m\n          \u001b[0mOpen Quests\u001b[0m\n        \u001b[36m</h2>\u001b[39m\n        \u001b[36m<div\u001b[39m\n          \u001b[33mclass\u001b[39m=\u001b[32m\"quest-grid\"\u001b[39m\n        \u001b[36m>\u001b[39m\n          \u001b[36m<div\u001b[39m\n            \u001b[33mclass\u001b[39m=\u001b[32m\"quest-card\"\u001b[39m\n          \u001b[36m>\u001b[39m\n            \u001b[36m<div\u001b[39m\n              \u001b[33mclass\u001b[39m=\u001b[32m\"quest-card-header\"\u001b[39m\n            \u001b[36m>\u001b[39m\n              \u001b[36m<h3\u001b[39m\n                \u001b[33mclass\u001b[39m=\u001b[32m\"quest-title\"\u001b[39m\n              \u001b[36m>\u001b[39m\n                \u001b[0mSupra acceptus paens iusto articulus argumentum.\u001b[0m\n              \u001b[36m</h3>\u001b[39m\n              \u001b[36m<span\u001b[39m\n                \u001b[33mclass\u001b[39m=\u001b[32m\"quest-status status-open\"\u001b[39m\n              \u001b[36m>\u001b[39m\n                \u001b[0mOPEN\u001b[0m\n              \u001b[36m</span>\u001b[39m\n            \u001b[36m</div>\u001b[39m\n            \u001b[36m<p\u001b[39m\n              \u001b[33mclass\u001b[39m=\u001b[32m\"quest-description\"\u001b[39m\n            \u001b[36m>\u001b[39m\n              \u001b[0mStultus iste creta vespillo turba. Adimpleo cogo cubicularis sufficio vulnero. Tempus optio stultus arcus cubitum. Coniecto dolores sophismata amiculum.\u001b[0m\n            \u001b[36m</p>\u001b[39m\n            \u001b[36m<div\u001b[39m\n              \u001b[33mclass\u001b[39m=\u001b[32m\"quest-rewards\"\u001b[39m\n            \u001b[36m>\u001b[39m\n              \u001b[36m<span\u001b[39m\n                \u001b[33mclass\u001b[39m=\u001b[32m\"reward-item\"\u001b[39m\n              \u001b[36m>\u001b[39m\n                \u001b[36m<strong>\u001b[39m\n                  \u001b[0mXP:\u001b[0m\n                \u001b[36m</strong>\u001b[39m\n                \u001b[0m \u001b[0m\n                \u001b[0m250\u001b[0m\n              \u001b[36m</span>\u001b[39m\n              \u001b[36m<span\u001b[39m\n                \u001b[33mclass\u001b[39m=\u001b[32m\"reward-item\"\u001b[39m\n              \u001b[36m>\u001b[39m\n                \u001b[36m<strong>\u001b[39m\n                  \u001b[0mReputation:\u001b[0m\n                \u001b[36m</strong>\u001b[39m\n                \u001b[0m \u001b[0m\n                \u001b[0m5\u001b[0m\n              \u001b[36m</span>\u001b[39m\n            \u001b[36m</div>\u001b[39m\n            \u001b[36m<a\u001b[39m\n              \u001b[33mclass\u001b[39m=\u001b[32m\"quest-link\"\u001b[39m\n              \u001b[33mhref\u001b[39m=\u001b[32m\"/quests/156d47f8-91d9-4854-b6ae-8a99ad1c3391\"\u001b[39m\n            \u001b[36m>\u001b[39m\n              \u001b[0mView Details →\u001b[0m\n            \u001b[36m</a>\u001b[39m\n          \u001b[36m</div>\u001b[39m\n        \u001b[36m</div>\u001b[39m\n      \u001b[36m</div>\u001b[39m\n      \u001b[36m<div\u001b[39m\n        \u001b[33mclass\u001b[39m=\u001b[32m\"quest-section\"\u001b[39m\n      \u001b[36m>\u001b[39m\n        \u001b[36m<h2>\u001b[39m\n          \u001b[0mRecent Activity\u001b[0m\n        \u001b[36m</h2>\u001b[39m\n        \u001b[36m<div\u001b[39m\n          \u001b[33mclass\u001b[39m=\u001b[32m\"quest-grid\"\u001b[39m\n        \u001b[36m>\u001b[39m\n          \u001b[36m<div\u001b[39m\n            \u001b[33mclass\u001b[39m=\u001b[32m\"quest-card\"\u001b[39m\n          \u001b[36m>\u001b[39m\n            \u001b[36m<div\u001b[39m\n              \u001b[33mclass\u001b[39m=\u001b[32m\"quest-card-header\"\u001b[39m\n            \u001b[36m>\u001b[39m\n              \u001b[36m<h3\u001b[39m\n                \u001b[33mclass\u001b[39m=\u001b[32m\"quest-title\"\u001b[39m\n              \u001b[36m>\u001b[39m\n                \u001b[0mNatus tantillus ager unde trado verbera aperiam.\u001b[0m\n              \u001b[36m</h3>\u001b[39m\n              \u001b[36m<span\u001b[39m\n                \u001b[33mclass\u001b[39m=\u001b[32m\"quest-status status-claimed\"\u001b[39m\n              \u001b[36m>\u001b[39m\n                \u001b[0mCLAIMED\u001b[0m\n              \u001b[36m</span>\u001b[39m\n            \u001b[36m</div>\u001b[39m\n            \u001b[36m<p\u001b[39m\n              \u001b[33mclass\u001b[39m=\u001b[32m\"quest-description\"\u001b[39m\n            \u001b[36m>\u001b[39m\n              \u001b[0mCubitum curriculum libero annus. Tondeo delibero titulus absens.\u001b[0m\n            \u001b[36m</p>\u001b[39m\n            \u001b[36m<div\u001b[39m\n              \u001b[33mclass\u001b[39m=\u001b[32m\"quest-rewards\"\u001b[39m\n            \u001b[36m>\u001b[39m\n              \u001b[36m<span\u001b[39m\n                \u001b[33mclass\u001b[39m=\u001b[32m\"reward-item\"\u001b[39m\n              \u001b[36m>\u001b[39m\n                \u001b[36m<strong>\u001b[39m\n                  \u001b[0mXP:\u001b[0m\n                \u001b[36m</strong>\u001b[39m\n                \u001b[0m \u001b[0m\n                \u001b[0m250\u001b[0m\n              \u001b[36m</span>\u001b[39m\n              \u001b[36m<span\u001b[39m\n                \u001b[33mclass\u001b[39m=\u001b[32m\"reward-item\"\u001b[39m\n              \u001b[36m>\u001b[39m\n                \u001b[36m<strong>\u001b[39m\n                  \u001b[0mReputation:\u001b[0m\n                \u001b[36m</strong>\u001b[39m\n                \u001b[0m \u001b[0m\n                \u001b[0m5\u001b[0m\n              \u001b[36m</span>\u001b[39m\n            \u001b[36m</div>\u001b[39m\n            \u001b[36m<a\u001b[39m\n              \u001b[33mclass\u001b[39m=\u001b[32m\"quest-link\"\u001b[39m\n              \u001b[33mhref\u001b[39m=\u001b[32m\"/quests/37814e97-cb0b-4d2c-b44a-1aeb77c919d5\"\u001b[39m\n            \u001b[36m>\u001b[39m\n              \u001b[0mView Details →\u001b[0m\n            \u001b[36m</a>\u001b[39m\n          \u001b[36m</div>\u001b[39m\n          \u001b[36m<div\u001b[39m\n            \u001b[33mclass\u001b[39m=\u001b[32m\"quest-card\"\u001b[39m\n          \u001b[36m>\u001b[39m\n            \u001b[36m<div\u001b[39m\n              \u001b[33mclass\u001b[39m=\u001b[32m\"quest-card-header\"\u001b[39m\n            \u001b[36m>\u001b[39m\n              \u001b[36m<h3\u001b[39m\n                \u001b[33mclass\u001b[39m=\u001b[32m\"quest-title\"\u001b[39m\n              \u001b[36m>\u001b[39m\n                \u001b[0mSum volup ut.\u001b[0m\n              \u001b[36m</h3>\u001b[39m\n              \u001b[36m<span\u001b[39m\n                \u001b[33mclass\u001b[39m=\u001b[32m\"quest-status status-default\"\u001b[39m\n              \u001b[36m>\u001b[39m\n                \u001b[0mSUBMITTED\u001b[0m\n              \u001b[36m</span>\u001b[39m\n            \u001b[36m</div>\u001b[39m\n            \u001b[36m<p\u001b[39m\n              \u001b[33mclass\u001b[39m=\u001b[32m\"quest-description\"\u001b[39m\n            \u001b[36m>\u001b[39m\n              \u001b[0mCurtus uterque constans vetus arcesso vilicus tristis tyrannus anser patior. Supplanto absens ago. Utique convoco harum minus. Mollitia solvo coadunatio curatio.\u001b[0m\n            \u001b[36m</p>\u001b[39m\n            \u001b[36m<div\u001b[39m\n              \u001b[33mclass\u001b[39m=\u001b[32m\"quest-rewards\"\u001b[39m\n            \u001b[36m>\u001b[39m\n              \u001b[36m<span\u001b[39m\n                \u001b[33mclass\u001b[39m=\u001b[32m\"reward-item\"\u001b[39m\n              \u001b[36m>\u001b[39m\n                \u001b[36m<strong>\u001b[39m\n                  \u001b[0mXP:\u001b[0m\n                \u001b[36m</strong>\u001b[39m\n                \u001b[0m \u001b[0m\n                \u001b[0m100\u001b[0m\n              \u001b[36m</span>\u001b[39m\n              \u001b[36m<span\u001b[39m\n                \u001b[33mclass\u001b[39m=\u001b[32m\"reward-item\"\u001b[39m\n              \u001b[36m>\u001b[39m\n                \u001b[36m<strong>\u001b[39m\n                  \u001b[0mReputation:\u001b[0m\n                \u001b[36m</strong>\u001b[39m\n                \u001b[0m \u001b[0m\n                \u001b[0m10\u001b[0m\n              \u001b[36m</span>\u001b[39m\n            \u001b[36m</div>\u001b[39m\n            \u001b[36m<a\u001b[39m\n              \u001b[33mclass\u001b[39m=\u001b[32m\"quest-link\"\u001b[39m\n              \u001b[33mhref\u001b[39m=\u001b[32m\"/quests/63fad048-1f35-4313-b4a4-5058294a0e02\"\u001b[39m\n            \u001b[36m>\u001b[39m\n              \u001b[0mView Details →\u001b[0m\n            \u001b[36m</a>\u001b[39m\n          \u001b[36m</div>\u001b[39m\n          \u001b[36m<div\u001b[39m\n            \u001b[33mclass\u001b[39m=\u001b[32m\"quest-card\"\u001b[39m\n          \u001b[36m>\u001b[39m\n            \u001b[36m<div\u001b[39m\n              \u001b[33mclass\u001b[39m=\u001b[32m\"quest-card-header\"\u001b[39m\n            \u001b[36m>\u001b[39m\n              \u001b[36m<h3\u001b[39m\n                \u001b[33mclass\u001b[39m=\u001b[32m\"quest-title\"\u001b[39m\n              \u001b[36m>\u001b[39m\n                \u001b[0mCorrigo ustilo cicuta accusator versus.\u001b[0m\n              \u001b[36m</h3>\u001b[39m\n              \u001b[36m<span\u001b[39m\n                \u001b[33mclass\u001b[39m=\u001b[32m\"quest-status status-complete\"\u001b[39m\n              \u001b[36m>\u001b[39m\n                \u001b[0mCOMPLETE\u001b[0m\n              \u001b[36m</span>\u001b[39m\n            \u001b[36m</div>\u001b[39m\n            \u001b[36m<p\u001b[39m\n              \u001b[33mclass\u001b[39m=\u001b[32m\"quest-description\"\u001b[39m\n            \u001b[36m>\u001b[39m\n              \u001b[0mEos amitto aliquid tui cunae. Villa caries abutor acidus sui vesper deleo corrupti. Unde solio candidus teres appono asperiores placeat. Sufficio consectetur chirographum vulticulus.\u001b[0m\n            \u001b[36m</p>\u001b[39m\n            \u001b[36m<div\u001b[39m\n              \u001b[33mclass\u001b[39m=\u001b[32m\"quest-rewards\"\u001b[39m\n            \u001b[36m>\u001b[39m\n              \u001b[36m<span\u001b[39m\n                \u001b[33mclass\u001b[39m=\u001b[32m\"reward-item\"\u001b[39m\n              \u001b[36m>\u001b[39m\n                \u001b[36m<strong>\u001b[39m\n                  \u001b[0mXP:\u001b[0m\n                \u001b[36m</strong>\u001b[39m\n                \u001b[0m \u001b[0m\n                \u001b[0m150\u001b[0m\n              \u001b[36m</span>\u001b[39m\n              \u001b[36m<span\u001b[39m\n                \u001b[33mclass\u001b[39m=\u001b[32m\"reward-item\"\u001b[39m\n              \u001b[36m>\u001b[39m\n                \u001b[36m<strong>\u001b[39m\n                  \u001b[0mReputation:\u001b[0m\n                \u001b[36m</strong>\u001b[39m\n                \u001b[0m \u001b[0m\n                \u001b[0m10\u001b[0m\n              \u001b[36m</span>\u001b[39m\n            \u001b[36m</div>\u001b[39m\n            \u001b[36m<a\u001b[39m\n              \u001b[33mclass\u001b[39m=\u001b[32m\"quest-link\"\u001b[39m\n              \u001b[33mhref\u001b[39m=\u001b[32m\"/quests/005f9593-25d8-44fd-95ff-6a6414462f1a\"\u001b[39m\n            \u001b[36m>\u001b[39m\n              \u001b[0mView Details →\u001b[0m\n            \u001b[36m</a>\u001b[39m\n          \u001b[36m</div>\u001b[39m\n          \u001b[36m<div\u001b[39m\n            \u001b[33mclass\u001b[39m=\u001b[32m\"quest-card\"\u001b[39m\n          \u001b[36m>\u001b[39m\n            \u001b[36m<div\u001b[39m\n              \u001b[33mclass\u001b[39m=\u001b[32m\"quest-card-header\"\u001b[39m\n            \u001b[36m>\u001b[39m\n              \u001b[36m<h3\u001b[39m\n                \u001b[33mclass\u001b[39m=\u001b[32m\"quest-title\"\u001b[39m\n              \u001b[36m>\u001b[39m\n                \u001b[0mIure accedo uberrime verus inventore.\u001b[0m\n              \u001b[36m</h3>\u001b[39m\n              \u001b[36m<span\u001b[39m\n                \u001b[33mclass\u001b[39m=\u001b[32m\"quest-status status-default\"\u001b[39m\n              \u001b[36m>\u001b[39m\n                \u001b[0mDISPUTED\u001b[0m\n              \u001b[36m</span>\u001b[39m\n            \u001b[36m</div>\u001b[39m\n            \u001b[36m<p\u001b[39m\n              \u001b[33mclass\u001b[39m=\u001b[32m\"quest-description\"\u001b[39m\n            \u001b[36m>\u001b[39m\n              \u001b[0mCrebro suadeo strues damno avarus voco adversus deorsum bos claudeo. Cornu agnosco auxilium undique voluptatum ceno spero aggredior supra.\u001b[0m\n            \u001b[36m</p>\u001b[39m\n            \u001b[36m<div\u001b[39m\n              \u001b[33mclass\u001b[39m=\u001b[32m\"quest-rewards\"\u001b[39m\n            \u001b[36m>\u001b[39m\n              \u001b[36m<span\u001b[39m\n                \u001b[33mclass\u001b[39m=\u001b[32m\"reward-item\"\u001b[39m\n              \u001b[36m>\u001b[39m\n                \u001b[36m<strong>\u001b[39m\n                  \u001b[0mXP:\u001b[0m\n                \u001b[36m</strong>\u001b[39m\n                \u001b[0m \u001b[0m\n                \u001b[0m250\u001b[0m\n              \u001b[36m</span>\u001b[39m\n              \u001b[36m<span\u001b[39m\n                \u001b[33mclass\u001b[39m=\u001b[32m\"reward-item\"\u001b[39m\n              \u001b[36m>\u001b[39m\n                \u001b[36m<strong>\u001b[39m\n                  \u001b[0mReputation:\u001b[0m\n                \u001b[36m</strong>\u001b[39m\n                \u001b[0m \u001b[0m\n                \u001b[0m15\u001b[0m\n              \u001b[36m</span>\u001b[39m\n            \u001b[36m</div>\u001b[39m\n            \u001b[36m<a\u001b[39m\n              \u001b[33mclass\u001b[39m=\u001b[32m\"quest-link\"\u001b[39m\n              \u001b[33mhref\u001b[39m=\u001b[32m\"/quests/ae33dd54-2fde-4810-95ef-d2633a751856\"\u001b[39m\n            \u001b[36m>\u001b[39m\n              \u001b[0mView Details →\u001b[0m\n            \u001b[36m</a>\u001b[39m\n          \u001b[36m</div>\u001b[39m\n        \u001b[36m</div>\u001b[39m\n      \u001b[36m</div>\u001b[39m\n    \u001b[36m</div>\u001b[39m\n  \u001b[36m</div>\u001b[39m\n\u001b[36m</body>\u001b[39m\n\nIgnored nodes: comments, script, style\n\u001b[36m<html>\u001b[39m\n  \u001b[36m<head />\u001b[39m\n  \u001b[36m<body>\u001b[39m\n    \u001b[36m<div>\u001b[39m\n      \u001b[36m<div\u001b[39m\n        \u001b[33mclass\u001b[39m=\u001b[32m\"quest-list-container\"\u001b[39m\n      \u001b[36m>\u001b[39m\n        \u001b[36m<div\u001b[39m\n          \u001b[33mclass\u001b[39m=\u001b[32m\"page-header\"\u001b[39m\n        \u001b[36m>\u001b[39m\n          \u001b[36m<h1>\u001b[39m\n            \u001b[0mAvailable Quests\u001b[0m\n          \u001b[36m</h1>\u001b[39m\n          \u001b[36m<p\u001b[39m\n            \u001b[33mclass\u001b[39m=\u001b[32m\"page-subtitle\"\u001b[39m\n          \u001b[36m>\u001b[39m\n            \u001b[0mDiscover opportunities to contribute and earn rewards through peer-verified tasks\u001b[0m\n          \u001b[36m</p>\u001b[39m\n        \u001b[36m</div>\u001b[39m\n        \u001b[36m<div\u001b[39m\n          \u001b[33mclass\u001b[39m=\u001b[32m\"quest-section\"\u001b[39m\n        \u001b[36m>\u001b[39m\n          \u001b[36m<h2>\u001b[39m\n            \u001b[0mOpen Quests\u001b[0m\n          \u001b[36m</h2>\u001b[39m\n          \u001b[36m<div\u001b[39m\n            \u001b[33mclass\u001b[39m=\u001b[32m\"quest-grid\"\u001b[39m\n          \u001b[36m>\u001b[39m\n            \u001b[36m<div\u001b[39m\n              \u001b[33mclass\u001b[39m=\u001b[32m\"quest-card\"\u001b[39m\n            \u001b[36m>\u001b[39m\n              \u001b[36m<div\u001b[39m\n                \u001b[33mclass\u001b[39m=\u001b[32m\"quest-card-header\"\u001b[39m\n              \u001b[36m>\u001b[39m\n                \u001b[36m<h3\u001b[39m\n                  \u001b[33mclass\u001b[39m=\u001b[32m\"quest-title\"\u001b[39m\n                \u001b[36m>\u001b[39m\n                  \u001b[0mSupra acceptus paens iusto articulus argumentum.\u001b[0m\n                \u001b[36m</h3>\u001b[39m\n                \u001b[36m<span\u001b[39m\n                  \u001b[33mclass\u001b[39m=\u001b[32m\"quest-status status-open\"\u001b[39m\n                \u001b[36m>\u001b[39m\n                  \u001b[0mOPEN\u001b[0m\n                \u001b[36m</span>\u001b[39m\n              \u001b[36m</div>\u001b[39m\n              \u001b[36m<p\u001b[39m\n                \u001b[33mclass\u001b[39m=\u001b[32m\"quest-description\"\u001b[39m\n              \u001b[36m>\u001b[39m\n                \u001b[0mStultus iste creta vespillo turba. Adimpleo cogo cubicularis sufficio vulnero. Tempus optio stultus arcus cubitum. Coniecto dolores sophismata amiculum.\u001b[0m\n              \u001b[36m</p>\u001b[39m\n              \u001b[36m<div\u001b[39m\n                \u001b[33mclass\u001b[39m=\u001b[32m\"quest-rewards\"\u001b[39m\n              \u001b[36m>\u001b[39m\n                \u001b[36m<span\u001b[39m\n                  \u001b[33mclass\u001b[39m=\u001b[32m\"reward-item\"\u001b[39m\n                \u001b[36m>\u001b[39m\n                  \u001b[36m<strong>\u001b[39m\n                    \u001b[0mXP:\u001b[0m\n                  \u001b[36m</strong>\u001b[39m\n                  \u001b[0m \u001b[0m\n                  \u001b[0m250\u001b[0m\n                \u001b[36m</span>\u001b[39m\n                \u001b[36m<span\u001b[39m\n                  \u001b[33mclass\u001b[39m=\u001b[32m\"reward-item\"\u001b[39m\n                \u001b[36m>\u001b[39m\n                  \u001b[36m<strong>\u001b[39m\n                    \u001b[0mReputation:\u001b[0m\n                  \u001b[36m</strong>\u001b[39m\n                  \u001b[0m \u001b[0m\n                  \u001b[0m5\u001b[0m\n                \u001b[36m</span>\u001b[39m\n              \u001b[36m</div>\u001b[39m\n              \u001b[36m<a\u001b[39m\n                \u001b[33mclass\u001b[39m=\u001b[32m\"quest-link\"\u001b[39m\n                \u001b[33mhref\u001b[39m=\u001b[32m\"/quests/156d47f8-91d9-4854-b6ae-8a99ad1c3391\"\u001b[39m\n              \u001b[36m>\u001b[39m\n                \u001b[0mView Details →\u001b[0m\n              \u001b[36m</a>\u001b[39m\n            \u001b[36m</div>\u001b[39m\n          \u001b[36m</div>\u001b[39m\n        \u001b[36m</div>\u001b[39m\n        \u001b[36m<div\u001b[39m\n          \u001b[33mclass\u001b[39m=\u001b[32m\"quest-section\"\u001b[39m\n        \u001b[36m>\u001b[39m\n          \u001b[36m<h2>\u001b[39m\n            \u001b[0mRecent Activity\u001b[0m\n          \u001b[36m</h2>\u001b[39m\n          \u001b[36m<div\u001b[39m\n            \u001b[33mclass\u001b[39m=\u001b[32m\"quest-grid\"\u001b[39m\n          \u001b[36m>\u001b[39m\n            \u001b[36m<div\u001b[39m\n              \u001b[33mclass\u001b[39m=\u001b[32m\"quest-card\"\u001b[39m\n            \u001b[3
[...]
error-container\"\u001b[39m\n    \u001b[36m>\u001b[39m\n      \u001b[36m<p\u001b[39m\n        \u001b[33mclass\u001b[39m=\u001b[32m\"error-message\"\u001b[39m\n      \u001b[36m>\u001b[39m\n        \u001b[0mFailed to load profile. Please try again later.\u001b[0m\n      \u001b[36m</p>\u001b[39m\n      \u001b[36m<button\u001b[39m\n        \u001b[33mclass\u001b[39m=\u001b[32m\"retry-button\"\u001b[39m\n      \u001b[36m>\u001b[39m\n        \u001b[0mTry Again\u001b[0m\n      \u001b[36m</button>\u001b[39m\n    \u001b[36m</div>\u001b[39m\n  \u001b[36m</div>\u001b[39m\n\u001b[36m</body>\u001b[39m\n\nIgnored nodes: comments, script, style\n\u001b[36m<html>\u001b[39m\n  \u001b[36m<head />\u001b[39m\n  \u001b[36m<body>\u001b[39m\n    \u001b[36m<div>\u001b[39m\n      \u001b[36m<div\u001b[39m\n        \u001b[33mclass\u001b[39m=\u001b[32m\"error-container\"\u001b[39m\n      \u001b[36m>\u001b[39m\n        \u001b[36m<p\u001b[39m\n          \u001b[33mclass\u001b[39m=\u001b[32m\"error-message\"\u001b[39m\n        \u001b[36m>\u001b[39m\n          \u001b[0mFailed to load profile. Please try again later.\u001b[0m\n        \u001b[36m</p>\u001b[39m\n        \u001b[36m<button\u001b[39m\n          \u001b[33mclass\u001b[39m=\u001b[32m\"retry-button\"\u001b[39m\n        \u001b[36m>\u001b[39m\n          \u001b[0mTry Again\u001b[0m\n        \u001b[36m</button>\u001b[39m\n      \u001b[36m</div>\u001b[39m\n    \u001b[36m</div>\u001b[39m\n  \u001b[36m</body>\u001b[39m\n\u001b[36m</html>\u001b[39m"],"location":{"line":163,"column":27}}],"startTime":1749833155591,"endTime":1749833159624,"status":"failed","message":"","name":"/Users/victor/Projects/civicforge/frontend/src/views/__tests__/UserProfile.test.tsx"},{"assertionResults":[{"ancestorTitles":["","ApiClient","Authentication"],"fullName":" ApiClient Authentication should include auth header when user is authenticated","status":"passed","title":"should include auth header when user is authenticated","duration":18,"failureMessages":[]},{"ancestorTitles":["","ApiClient","Authentication"],"fullName":" ApiClient Authentication should work without auth header when user is not authenticated","status":"passed","title":"should work without auth header when user is not authenticated","duration":6,"failureMessages":[]},{"ancestorTitles":["","ApiClient","HTTP Methods"],"fullName":" ApiClient HTTP Methods should make GET requests","status":"passed","title":"should make GET requests","duration":22,"failureMessages":[]},{"ancestorTitles":["","ApiClient","HTTP Methods"],"fullName":" ApiClient HTTP Methods should make POST requests with body","status":"passed","title":"should make POST requests with body","duration":12,"failureMessages":[]},{"ancestorTitles":["","ApiClient","Error Handling"],"fullName":" ApiClient Error Handling should throw error when response is not ok","status":"passed","title":"should throw error when response is not ok","duration":7,"failureMessages":[]},{"ancestorTitles":["","ApiClient","Error Handling"],"fullName":" ApiClient Error Handling should throw generic error when no detail provided","status":"passed","title":"should throw generic error when no detail provided","duration":1,"failureMessages":[]},{"ancestorTitles":["","ApiClient","Error Handling"],"fullName":" ApiClient Error Handling should handle network errors","status":"passed","title":"should handle network errors","duration":7,"failureMessages":[]},{"ancestorTitles":["","ApiClient","Quest API Methods"],"fullName":" ApiClient Quest API Methods should fetch single quest","status":"passed","title":"should fetch single quest","duration":6,"failureMessages":[]},{"ancestorTitles":["","ApiClient","Quest API Methods"],"fullName":" ApiClient Quest API Methods should claim quest","status":"passed","title":"should claim quest","duration":3,"failureMessages":[]},{"ancestorTitles":["","ApiClient","Quest API Methods"],"fullName":" ApiClient Quest API Methods should submit quest","status":"passed","title":"should submit quest","duration":1,"failureMessages":[]},{"ancestorTitles":["","ApiClient","Quest API Methods"],"fullName":" ApiClient Quest API Methods should attest quest","status":"passed","title":"should attest quest","duration":5,"failureMessages":[]},{"ancestorTitles":["","ApiClient","Quest API Methods"],"fullName":" ApiClient Quest API Methods should attest quest with signature","status":"passed","title":"should attest quest with signature","duration":3,"failureMessages":[]},{"ancestorTitles":["","ApiClient","Quest API Methods"],"fullName":" ApiClient Quest API Methods should dispute quest","status":"passed","title":"should dispute quest","duration":1,"failureMessages":[]}],"startTime":1749833153665,"endTime":1749833153757,"status":"passed","message":"","name":"/Users/victor/Projects/civicforge/frontend/src/api/__tests__/client.test.ts"},{"assertionResults":[{"ancestorTitles":["","Quest Attestation - Critical Flow"],"fullName":" Quest Attestation - Critical Flow renders attestation form with quest information","status":"failed","title":"renders attestation form with quest information","duration":18,"failureMessages":["Right-hand side of 'instanceof' is not an object","Should not already be working."],"location":{"line":8445,"column":18}},{"ancestorTitles":["","Quest Attestation - Critical Flow"],"fullName":" Quest Attestation - Critical Flow allows attestation without wallet signature","status":"failed","title":"allows attestation without wallet signature","duration":4,"failureMessages":["Should not already be working.","Should not already be working."],"location":{"line":25742,"column":11}},{"ancestorTitles":["","Quest Attestation - Critical Flow"],"fullName":" Quest Attestation - Critical Flow handles wallet signature flow for on-chain attestation","status":"failed","title":"handles wallet signature flow for on-chain attestation","duration":1,"failureMessages":["Should not already be working.","Should not already be working."],"location":{"line":25742,"column":11}},{"ancestorTitles":["","Quest Attestation - Critical Flow"],"fullName":" Quest Attestation - Critical Flow handles wallet connection errors gracefully","status":"failed","title":"handles wallet connection errors gracefully","duration":0,"failureMessages":["Should not already be working.","Should not already be working."],"location":{"line":25742,"column":11}},{"ancestorTitles":["","Quest Attestation - Critical Flow"],"fullName":" Quest Attestation - Critical Flow disables form during signature process","status":"failed","title":"disables form during signature process","duration":1,"failureMessages":["Should not already be working.","Should not already be working."],"location":{"line":25742,"column":11}},{"ancestorTitles":["","Quest Attestation - Critical Flow"],"fullName":" Quest Attestation - Critical Flow allows user to cancel attestation","status":"failed","title":"allows user to cancel attestation","duration":0,"failureMessages":["Should not already be working.","Should not already be working."],"location":{"line":25742,"column":11}}],"startTime":1749833154172,"endTime":1749833154197,"status":"failed","message":"","name":"/Users/victor/Projects/civicforge/frontend/src/components/quests/__tests__/QuestAttestation.focused.test.tsx"},{"assertionResults":[{"ancestorTitles":["","QuestAttestationForm","Loading and Error States"],"fullName":" QuestAttestationForm Loading and Error States shows loading state while fetching quest data","status":"passed","title":"shows loading state while fetching quest data","duration":146,"failureMessages":[]},{"ancestorTitles":["","QuestAttestationForm","Loading and Error States"],"fullName":" QuestAttestationForm Loading and Error States handles quest fetch errors gracefully","status":"passed","title":"handles quest fetch errors gracefully","duration":57,"failureMessages":[]},{"ancestorTitles":["","QuestAttestationForm","Loading and Error States"],"fullName":" QuestAttestationForm Loading and Error States uses provided quest prop without fetching","status":"passed","title":"uses provided quest prop without fetching","duration":14,"failureMessages":[]},{"ancestorTitles":["","QuestAttestationForm","UI Rendering"],"fullName":" QuestAttestationForm UI Rendering renders attestation progress correctly","status":"passed","title":"renders attestation progress correctly","duration":7,"failureMessages":[]},{"ancestorTitles":["","QuestAttestationForm","UI Rendering"],"fullName":" QuestAttestationForm UI Rendering shows submission text when available","status":"passed","title":"shows submission text when available","duration":9,"failureMessages":[]},{"ancestorTitles":["","QuestAttestationForm","UI Rendering"],"fullName":" QuestAttestationForm UI Rendering shows completion message when quest is fully attested","status":"passed","title":"shows completion message when quest is fully attested","duration":3,"failureMessages":[]},{"ancestorTitles":["","QuestAttestationForm","UI Rendering"],"fullName":" QuestAttestationForm UI Rendering does not render when quest status is not SUBMITTED or COMPLETE","status":"passed","title":"does not render when quest status is not SUBMITTED or COMPLETE","duration":1,"failureMessages":[]},{"ancestorTitles":["","QuestAttestationForm","Role-Based Access Control"],"fullName":" QuestAttestationForm Role-Based Access Control 'requestor' can attest: true","status":"passed","title":"'requestor' can attest: true","duration":53,"failureMessages":[]},{"ancestorTitles":["","QuestAttestationForm","Role-Based Access Control"],"fullName":" QuestAttestationForm Role-Based Access Control 'performer' can attest: true","status":"passed","title":"'performer' can attest: true","duration":14,"failureMessages":[]},{"ancestorTitles":["","QuestAttestationForm","Role-Based Access Control"],"fullName":" QuestAttestationForm Role-Based Access Control 'other' can attest: false","status":"passed","title":"'other' can attest: false","duration":5,"failureMessages":[]},{"ancestorTitles":["","QuestAttestationForm","Role-Based Access Control"],"fullName":" QuestAttestationForm Role-Based Access Control shows waiting message when user has already attested","status":"passed","title":"shows waiting message when user has already attested","duration":3,"failureMessages":[]},{"ancestorTitles":["","QuestAttestationForm","Role-Based Access Control"],"fullName":" QuestAttestationForm Role-Based Access Control identifies current user role correctly","status":"failed","title":"identifies current user role correctly","duration":8,"failureMessages":["Unable to find an element with the text: Performer (You). This could be because the text is broken up by multiple elements. In this case, you can provide a function for your text matcher to make your matcher more flexible.\n\nIgnored nodes: comments, script, style\n\u001b[36m<body>\u001b[39m\n  \u001b[36m<div>\u001b[39m\n    \u001b[36m<div\u001b[39m\n      \u001b[33mclass\u001b[39m=\u001b[32m\"attestation-form\"\u001b[39m\n    \u001b[36m>\u001b[39m\n      \u001b[36m<h3>\u001b[39m\n        \u001b[0mDual-Attestation Verification\u001b[0m\n      \u001b[36m</h3>\u001b[39m\n      \u001b[36m<div\u001b[39m\n        \u001b[33mclass\u001b[39m=\u001b[32m\"attestation-info\"\u001b[39m\n      \u001b[36m>\u001b[39m\n        \u001b[36m<p>\u001b[39m\n          \u001b[0mBoth the requestor and performer must attest that the quest has been completed successfully.\u001b[0m\n        \u001b[36m</p>\u001b[39m\n      \u001b[36m</div>\u001b[39m\n      \u001b[36m<div\u001b[39m\n        \u001b[33mclass\u001b[39m=\u001b[32m\"attestation-status\"\u001b[39m\n      \u001b[36m>\u001b[39m\n        \u001b[36m<h4>\u001b[39m\n          \u001b[0mAttestation Progress\u001b[0m\n        \u001b[36m</h4>\u001b[39m\n        \u001b[36m<div\u001b[39m\n          \u001b[33mclass\u001b[39m=\u001b[32m\"progress-bar\"\u001b[39m\n        \u001b[36m>\u001b[39m\n          \u001b[36m<div\u001b[39m\n            \u001b[33mclass\u001b[39m=\u001b[32m\"progress-fill\"\u001b[39m\n            \u001b[33mstyle\u001b[39m=\u001b[32m\"width: 0%;\"\u001b[39m\n          \u001b[36m/>\u001b[39m\n        \u001b[36m</div>\u001b[39m\n        \u001b[36m<p>\u001b[39m\n          \u001b[0m0\u001b[0m\n          \u001b[0m of 2 attestations\u001b[0m\n        \u001b[36m</p>\u001b[39m\n        \u001b[36m<div\u001b[39m\n          \u001b[33mclass\u001b[39m=\u001b[32m\"attestation-list\"\u001b[39m\n        \u001b[36m>\u001b[39m\n          \u001b[36m<div\u001b[39m\n            \u001b[33mclass\u001b[39m=\u001b[32m\"attestation-item \"\u001b[39m\n          \u001b[36m>\u001b[39m\n            \u001b[36m<span\u001b[39m\n              \u001b[33mclass\u001b[39m=\u001b[32m\"icon\"\u001b[39m\n            \u001b[36m>\u001b[39m\n              \u001b[0m○\u001b[0m\n            \u001b[36m</span>\u001b[39m\n            \u001b[36m<span>\u001b[39m\n              \u001b[0mRequestor \u001b[0m\n              \u001b[0m(You)\u001b[0m\n            \u001b[36m</span>\u001b[39m\n          \u001b[36m</div>\u001b[39m\n          \u001b[36m<div\u001b[39m\n            \u001b[33mclass\u001b[39m=\u001b[32m\"attestation-item \"\u001b[39m\n          \u001b[36m>\u001b[39m\n            \u001b[36m<span\u001b[39m\n              \u001b[33mclass\u001b[39m=\u001b[32m\"icon\"\u001b[39m\n            \u001b[36m>\u001b[39m\n              \u001b[0m○\u001b[0m\n            \u001b[36m</span>\u001b[39m\n            \u001b[36m<span>\u001b[39m\n              \u001b[0mPerformer \u001b[0m\n            \u001b[36m</span>\u001b[39m\n          \u001b[36m</div>\u001b[39m\n        \u001b[36m</div>\u001b[39m\n      \u001b[36m</div>\u001b[39m\n      \u001b[36m<div\u001b[39m\n        \u001b[33mclass\u001b[39m=\u001b[32m\"submission-details\"\u001b[39m\n      \u001b[36m>\u001b[39m\n        \u001b[36m<h4>\u001b[39m\n          \u001b[0mSubmission\u001b[0m\n        \u001b[36m</h4>\u001b[39m\n        \u001b[36m<p>\u001b[39m\n          \u001b[0mTui conor aggredior abstergo undique. Victus aequus crur cursus universe cedo cogito synagoga attero. Talis attollo brevis subseco thalassinus viriliter colligo inflammatio.\u001b[0m\n        \u001b[36m</p>\u001b[39m\n      \u001b[36m</div>\u001b[39m\n      \u001b[36m<div\u001b[39m\n        \u001b[33mclass\u001b[39m=\u001b[32m\"attestation-action\"\u001b[39m\n      \u001b[36m>\u001b[39m\n        \u001b[36m<p\u001b[39m\n          \u001b[33mclass\u001b[39m=\u001b[32m\"warning\"\u001b[39m\n        \u001b[36m>\u001b[39m\n          \u001b[0mBy attesting, you confirm that this quest has been completed according to the requirements.\u001b[0m\n        \u001b[36m</p>\u001b[39m\n        \u001b[36m<button\u001b[39m\n          \u001b[33mclass\u001b[39m=\u001b[32m\"attest-button\"\u001b[39m\n        \u001b[36m>\u001b[39m\n          \u001b[0mAttest Completion\u001b[0m\n        \u001b[36m</button>\u001b[39m\n        \u001b[36m<button\u001b[39m\n          \u001b[33mclass\u001b[39m=\u001b[32m\"toggle-signature-button\"\u001b[39m\n        \u001b[36m>\u001b[39m\n          \u001b[0mUse Cryptographic Attestation\u001b[0m\n        \u001b[36m</button>\u001b[39m\n      \u001b[36m</div>\u001b[39m\n    \u001b[36m</div>\u001b[39m\n  \u001b[36m</div>\u001b[39m\n\u001b[36m</body>\u001b[39m"],"location":{"line":37,"column":19}},{"ancestorTitles":["","QuestAttestationForm","Simple Attestation Flow"],"fullName":" QuestAttestationForm Simple Attestation Flow submits attestation successfully","status":"passed","title":"submits attestation successfully","duration":62,"failureMessages":[]},{"ancestorTitles":["","QuestAttestationForm","Simple Attestation Flow"],"fullName":" QuestAttestationForm Simple Attestation Flow shows error message when attestation fails","status":"passed","title":"shows error message when attestation fails","duration":33,"failureMessages":[]},{"ancestorTitles":["","QuestAttestationForm","Simple Attestation Flow"],"fullName":" QuestAttestationForm Simple Attestation Flow disables button while submitting","status":"passed","title":"disables button while submitting","duration":31,"failureMessages":[]},{"ancestorTitles":["","QuestAttestationForm","Cryptographic Signature Flow"],"fullName":" QuestAttestationForm Cryptographic Signature Flow toggles between simple and cryptographic attestation","status":"passed","title":"toggles between simple and cryptographic attestation","duration":72,"failureMessages":[]},{"ancestorTitles":["","QuestAttestationForm","Cryptographic Signature Flow"],"fullName":" QuestAttestationForm Cryptographic Signature Flow submits attestation with signature","status":"passed","title":"submits attestation with signature","duration":63,"failureMessages":[]},{"ancestorTitles":["","QuestAttestationForm","Edge Cases"],"fullName":" QuestAttestationForm Edge Cases handles missing attestations array gracefully","status":"passed","title":"handles missing attestations array gracefully","duration":5,"failureMessages":[]},{"ancestorTitles":["","QuestAttestationForm","Edge Cases"],"fullName":" QuestAttestationForm Edge Cases handles null currentUserId","status":"passed","title":"handles null currentUserId","duration":2,"failureMessages":[]},{"ancestorTitles":["","QuestAttestationForm","Edge Cases"],"fullName":" QuestAttestationForm Edge Cases updates UI after successful attestation without page refresh","status":"passed","title":"updates UI after successful attestation without page refresh","duration":31,"failureMessages":[]}],"startTime":1749833154185,"endTime":1749833154805,"status":"failed","message":"","name":"/Users/victor/Projects/civicforge/frontend/src/components/quests/__tests__/QuestAttestationForm.test.tsx"},{"assertionResults":[{"ancestorTitles":["","ProtectedRoute - Authentication Flow"],"fullName":" ProtectedRoute - Authentication Flow shows loading state while checking authentication","status":"passed","title":"shows loading state while checking authentication","duration":22,"failureMessages":[]},{"ancestorTitles":["","ProtectedRoute - Authentication Flow"],"fullName":" ProtectedRoute - Authentication Flow redirects to login when user is not authenticated","status":"passed","title":"redirects to login when user is not authenticated","duration":10,"failureMessages":[]},{"ancestorTitles":["","ProtectedRoute - Authentication Flow"],"fullName":" ProtectedRoute - Authentication Flow renders protected content when user is authenticated","status":"passed","title":"renders protected content when user is authenticated","duration":7,"failureMessages":[]},{"ancestorTitles":["","ProtectedRoute - Authentication Flow"],"fullName":" ProtectedRoute - Authentication Flow preserves the original location when redirecting to login","status":"passed","title":"preserves the original location when redirecting to login","duration":7,"failureMessages":[]}],"startTime":1749833154779,"endTime":1749833154825,"status":"passed","message":"","name":"/Users/victor/Projects/civicforge/frontend/src/components/auth/__tests__/ProtectedRoute.focused.test.tsx"},{"assertionResults":[{"ancestorTitles":["","ProtectedRoute"],"fullName":" ProtectedRoute redirects to login when user is not authenticated","status":"passed","title":"redirects to login when user is not authenticated","duration":34,"failureMessages":[]},{"ancestorTitles":["","ProtectedRoute"],"fullName":" ProtectedRoute shows loading state during authentication check","status":"passed","title":"shows loading state during authentication check","duration":3,"failureMessages":[]},{"ancestorTitles":["","ProtectedRoute"],"fullName":" ProtectedRoute renders children when user is authenticated","status":"passed","title":"renders children when user is authenticated","duration":6,"failureMessages":[]},{"ancestorTitles":["","ProtectedRoute"],"fullName":" ProtectedRoute preserves the attempted location when redirecting","status":"passed","title":"preserves the attempted location when redirecting","duration":8,"failureMessages":[]}],"startTime":1749833155405,"endTime":1749833155456,"status":"passed","message":"","name":"/Users/victor/Projects/civicforge/frontend/src/components/auth/__tests__/ProtectedRoute.test.tsx"}]}