{"meta": {"format": 3, "version": "7.6.12", "timestamp": "2025-06-13T15:37:01.165802", "branch_coverage": false, "show_contexts": false}, "files": {"src/app_factory.py": {"executed_lines": [1, 5, 6, 7, 8, 9, 10, 11, 12, 13, 16, 17, 20, 39, 46, 47, 56, 57, 59, 60, 61, 67, 70, 71, 74, 75, 76, 85, 90, 91, 116], "summary": {"covered_lines": 30, "num_statements": 34, "percent_covered": 88.23529411764706, "percent_covered_display": "88", "missing_lines": 4, "excluded_lines": 1}, "missing_lines": [92, 95, 97, 108], "excluded_lines": [69], "functions": {"create_app": {"executed_lines": [39, 46, 47, 56, 57, 59, 60, 67, 70, 71, 74, 75, 90, 91, 116], "summary": {"covered_lines": 15, "num_statements": 15, "percent_covered": 100.0, "percent_covered_display": "100", "missing_lines": 0, "excluded_lines": 1}, "missing_lines": [], "excluded_lines": [69]}, "create_app.health_check": {"executed_lines": [61], "summary": {"covered_lines": 1, "num_statements": 1, "percent_covered": 100.0, "percent_covered_display": "100", "missing_lines": 0, "excluded_lines": 0}, "missing_lines": [], "excluded_lines": []}, "create_app.http_exception_handler": {"executed_lines": [76, 85], "summary": {"covered_lines": 2, "num_statements": 2, "percent_covered": 100.0, "percent_covered_display": "100", "missing_lines": 0, "excluded_lines": 0}, "missing_lines": [], "excluded_lines": []}, "create_app.general_exception_handler": {"executed_lines": [], "summary": {"covered_lines": 0, "num_statements": 4, "percent_covered": 0.0, "percent_covered_display": "0", "missing_lines": 4, "excluded_lines": 0}, "missing_lines": [92, 95, 97, 108], "excluded_lines": []}, "": {"executed_lines": [1, 5, 6, 7, 8, 9, 10, 11, 12, 13, 16, 17, 20], "summary": {"covered_lines": 12, "num_statements": 12, "percent_covered": 100.0, "percent_covered_display": "100", "missing_lines": 0, "excluded_lines": 0}, "missing_lines": [], "excluded_lines": []}}, "classes": {"": {"executed_lines": [1, 5, 6, 7, 8, 9, 10, 11, 12, 13, 16, 17, 20, 39, 46, 47, 56, 57, 59, 60, 61, 67, 70, 71, 74, 75, 76, 85, 90, 91, 116], "summary": {"covered_lines": 30, "num_statements": 34, "percent_covered": 88.23529411764706, "percent_covered_display": "88", "missing_lines": 4, "excluded_lines": 1}, "missing_lines": [92, 95, 97, 108], "excluded_lines": [69]}}}, "src/auth.py": {"executed_lines": [1, 5, 6, 7, 8, 9, 10, 11, 12, 13, 16, 17, 18, 21, 23, 27, 28, 31, 34, 37, 38, 40, 41, 42, 45, 47, 49, 50, 51, 52, 58, 59, 60, 61, 62, 63, 65, 66, 72, 75, 84, 86, 87, 91, 92, 98, 102, 103, 106, 110, 111, 112, 113, 117, 120, 124], "summary": {"covered_lines": 55, "num_statements": 57, "percent_covered": 96.49122807017544, "percent_covered_display": "96", "missing_lines": 2, "excluded_lines": 0}, "missing_lines": [22, 24], "excluded_lines": [], "functions": {"get_cognito_keys": {"executed_lines": [40, 41, 42], "summary": {"covered_lines": 3, "num_statements": 3, "percent_covered": 100.0, "percent_covered_display": "100", "missing_lines": 0, "excluded_lines": 0}, "missing_lines": [], "excluded_lines": []}, "verify_token": {"executed_lines": [47, 49, 50, 51, 52, 58, 59, 60, 61, 62, 63, 65, 66, 72, 75, 84, 86, 87, 91, 92], "summary": {"covered_lines": 20, "num_statements": 20, "percent_covered": 100.0, "percent_covered_display": "100", "missing_lines": 0, "excluded_lines": 0}, "missing_lines": [], "excluded_lines": []}, "get_current_user_claims": {"executed_lines": [102, 103], "summary": {"covered_lines": 2, "num_statements": 2, "percent_covered": 100.0, "percent_covered_display": "100", "missing_lines": 0, "excluded_lines": 0}, "missing_lines": [], "excluded_lines": []}, "get_current_user_id": {"executed_lines": [110, 111, 112, 113, 117], "summary": {"covered_lines": 5, "num_statements": 5, "percent_covered": 100.0, "percent_covered_display": "100", "missing_lines": 0, "excluded_lines": 0}, "missing_lines": [], "excluded_lines": []}, "require_auth": {"executed_lines": [124], "summary": {"covered_lines": 1, "num_statements": 1, "percent_covered": 100.0, "percent_covered_display": "100", "missing_lines": 0, "excluded_lines": 0}, "missing_lines": [], "excluded_lines": []}, "": {"executed_lines": [1, 5, 6, 7, 8, 9, 10, 11, 12, 13, 16, 17, 18, 21, 23, 27, 28, 31, 34, 37, 38, 45, 98, 106, 120], "summary": {"covered_lines": 24, "num_statements": 26, "percent_covered": 92.3076923076923, "percent_covered_display": "92", "missing_lines": 2, "excluded_lines": 0}, "missing_lines": [22, 24], "excluded_lines": []}}, "classes": {"": {"executed_lines": [1, 5, 6, 7, 8, 9, 10, 11, 12, 13, 16, 17, 18, 21, 23, 27, 28, 31, 34, 37, 38, 40, 41, 42, 45, 47, 49, 50, 51, 52, 58, 59, 60, 61, 62, 63, 65, 66, 72, 75, 84, 86, 87, 91, 92, 98, 102, 103, 106, 110, 111, 112, 113, 117, 120, 124], "summary": {"covered_lines": 55, "num_statements": 57, "percent_covered": 96.49122807017544, "percent_covered_display": "96", "missing_lines": 2, "excluded_lines": 0}, "missing_lines": [22, 24], "excluded_lines": []}}}, "src/config.py": {"executed_lines": [1, 10, 11, 12, 15, 16, 19, 26, 33, 39, 46, 53, 59, 68, 72, 73], "summary": {"covered_lines": 14, "num_statements": 14, "percent_covered": 100.0, "percent_covered_display": "100", "missing_lines": 0, "excluded_lines": 0}, "missing_lines": [], "excluded_lines": [], "functions": {"": {"executed_lines": [1, 10, 11, 12, 15, 16, 19, 26, 33, 39, 46, 53, 59, 68, 72, 73], "summary": {"covered_lines": 14, "num_statements": 14, "percent_covered": 100.0, "percent_covered_display": "100", "missing_lines": 0, "excluded_lines": 0}, "missing_lines": [], "excluded_lines": []}}, "classes": {"Settings": {"executed_lines": [], "summary": {"covered_lines": 0, "num_statements": 0, "percent_covered": 100.0, "percent_covered_display": "100", "missing_lines": 0, "excluded_lines": 0}, "missing_lines": [], "excluded_lines": []}, "": {"executed_lines": [1, 10, 11, 12, 15, 16, 19, 26, 33, 39, 46, 53, 59, 68, 72, 73], "summary": {"covered_lines": 14, "num_statements": 14, "percent_covered": 100.0, "percent_covered_display": "100", "missing_lines": 0, "excluded_lines": 0}, "missing_lines": [], "excluded_lines": []}}}, "src/db.py": {"executed_lines": [1, 5, 6, 7, 8, 9, 10, 12, 13, 15, 18, 19, 22, 23, 25, 26, 27, 28, 29, 30, 32, 33, 35, 36, 38, 39, 44, 45, 50, 51, 53, 57, 59, 61, 62, 63, 64, 68, 70, 71, 72, 73, 74, 75, 77, 79, 80, 81, 85, 86, 87, 88, 89, 90, 91, 93, 95, 96, 97, 98, 100, 101, 109, 136, 138, 139, 140, 141, 143, 144, 148, 149, 150, 152, 169, 177, 178, 179, 189, 190, 192, 193, 194, 196, 198, 199, 200, 210, 211, 212, 213, 214, 215, 217, 219, 222, 223, 224, 226, 227, 228, 235, 238, 240, 242, 243, 244, 246, 252, 254, 257, 258, 259, 272, 281, 285, 286, 298, 299, 304, 306, 307, 309, 311, 312, 313, 315, 316, 317, 319, 327, 330, 331, 332, 333, 335, 336, 340, 341, 344, 346, 348, 349, 350, 352, 355, 357, 363, 365, 366, 367, 369, 370, 371, 373, 374, 375, 376, 378, 381, 383, 385, 386, 387, 389, 390, 392, 398, 400, 401, 402, 404, 406, 407, 408, 415, 418, 419, 421, 422, 423, 450, 456, 458, 459, 460, 462, 464, 465, 466, 473, 476, 483, 484, 486, 487, 488, 490, 491, 496, 499, 500, 502, 503, 504, 508, 514, 516, 518, 519, 520, 528, 531, 532, 534, 550, 552, 553, 554, 567, 569, 570, 571, 585, 591, 592, 594, 595, 596, 599, 601, 621, 623, 624, 625, 626, 627, 628, 630, 632, 633, 634, 648, 650, 651, 652, 653, 654, 656, 658, 659, 660, 674, 676, 677, 678, 682, 684, 685, 686, 699, 700, 701, 702, 705, 707, 708, 709, 719, 721, 722, 723, 727, 729, 730, 731, 746, 747, 748, 752, 754, 755, 756, 757, 759, 761, 762, 763, 764, 765, 766, 767, 768, 769, 771, 772, 774, 775, 776, 777, 778, 783, 785, 786, 787, 788, 790, 792, 793, 794, 795, 796, 798, 799, 800, 801, 802, 803, 804, 806, 807, 808, 809, 810, 812, 817, 819], "summary": {"covered_lines": 325, "num_statements": 420, "percent_covered": 77.38095238095238, "percent_covered_display": "77", "missing_lines": 95, "excluded_lines": 1}, "missing_lines": [105, 106, 107, 111, 112, 115, 116, 117, 118, 120, 121, 122, 124, 126, 127, 132, 133, 134, 154, 155, 156, 161, 162, 163, 164, 165, 166, 167, 220, 236, 248, 249, 250, 255, 269, 270, 282, 283, 328, 337, 342, 359, 360, 361, 379, 394, 395, 396, 416, 425, 426, 428, 429, 430, 432, 433, 438, 439, 441, 442, 444, 445, 446, 448, 452, 453, 454, 474, 477, 479, 480, 481, 497, 506, 510, 511, 512, 541, 542, 543, 563, 564, 565, 580, 581, 679, 680, 703, 724, 725, 745, 749, 750, 781, 824], "excluded_lines": [583], "functions": {"DynamoDBClient.__init__": {"executed_lines": [26, 27, 28, 29, 30], "summary": {"covered_lines": 5, "num_statements": 5, "percent_covered": 100.0, "percent_covered_display": "100", "missing_lines": 0, "excluded_lines": 0}, "missing_lines": [], "excluded_lines": []}, "DynamoDBClient.get_resource": {"executed_lines": [35, 36, 38, 39, 44, 45, 50, 51], "summary": {"covered_lines": 8, "num_statements": 8, "percent_covered": 100.0, "percent_covered_display": "100", "missing_lines": 0, "excluded_lines": 0}, "missing_lines": [], "excluded_lines": []}, "DynamoDBClient.close": {"executed_lines": [57], "summary": {"covered_lines": 1, "num_statements": 1, "percent_covered": 100.0, "percent_covered_display": "100", "missing_lines": 0, "excluded_lines": 0}, "missing_lines": [], "excluded_lines": []}, "DynamoDBClient.get_user": {"executed_lines": [61, 62, 63, 64, 68, 70, 71, 72, 73, 74, 75], "summary": {"covered_lines": 11, "num_statements": 11, "percent_covered": 100.0, "percent_covered_display": "100", "missing_lines": 0, "excluded_lines": 0}, "missing_lines": [], "excluded_lines": []}, "DynamoDBClient.get_quest": {"executed_lines": [79, 80, 81, 85, 86, 87, 88, 89, 90, 91], "summary": {"covered_lines": 10, "num_statements": 10, "percent_covered": 100.0, "percent_covered_display": "100", "missing_lines": 0, "excluded_lines": 0}, "missing_lines": [], "excluded_lines": []}, "DynamoDBClient.create_user": {"executed_lines": [95, 96, 97, 98, 100, 101], "summary": {"covered_lines": 6, "num_statements": 9, "percent_covered": 66.66666666666667, "percent_covered_display": "67", "missing_lines": 3, "excluded_lines": 0}, "missing_lines": [105, 106, 107], "excluded_lines": []}, "DynamoDBClient.update_quest": {"executed_lines": [], "summary": {"covered_lines": 0, "num_statements": 15, "percent_covered": 0.0, "percent_covered_display": "0", "missing_lines": 15, "excluded_lines": 0}, "missing_lines": [111, 112, 115, 116, 117, 118, 120, 121, 122, 124, 126, 127, 132, 133, 134], "excluded_lines": []}, "DynamoDBClient.create_quest": {"executed_lines": [138, 139, 140, 141, 143, 144, 148, 149, 150], "summary": {"covered_lines": 9, "num_statements": 9, "percent_covered": 100.0, "percent_covered_display": "100", "missing_lines": 0, "excluded_lines": 0}, "missing_lines": [], "excluded_lines": []}, "DynamoDBClient.get_quest_for_update": {"executed_lines": [], "summary": {"covered_lines": 0, "num_statements": 10, "percent_covered": 0.0, "percent_covered_display": "0", "missing_lines": 10, "excluded_lines": 0}, "missing_lines": [154, 155, 156, 161, 162, 163, 164, 165, 166, 167], "excluded_lines": []}, "DynamoDBClient.award_rewards": {"executed_lines": [177, 178, 179, 189, 190, 192, 193, 194], "summary": {"covered_lines": 8, "num_statements": 8, "percent_covered": 100.0, "percent_covered_display": "100", "missing_lines": 0, "excluded_lines": 0}, "missing_lines": [], "excluded_lines": []}, "DynamoDBClient.deduct_quest_creation_points": {"executed_lines": [198, 199, 200, 210, 211, 212, 213, 214, 215], "summary": {"covered_lines": 9, "num_statements": 9, "percent_covered": 100.0, "percent_covered_display": "100", "missing_lines": 0, "excluded_lines": 0}, "missing_lines": [], "excluded_lines": []}, "DynamoDBClient.get_pending_failed_rewards": {"executed_lines": [219, 222, 223, 224, 226, 227, 228, 235, 238, 240, 242, 243, 244, 246], "summary": {"covered_lines": 14, "num_statements": 19, "percent_covered": 73.6842105263158, "percent_covered_display": "74", "missing_lines": 5, "excluded_lines": 0}, "missing_lines": [220, 236, 248, 249, 250], "excluded_lines": []}, "DynamoDBClient.mark_reward_completed": {"executed_lines": [254, 257, 258, 259], "summary": {"covered_lines": 4, "num_statements": 7, "percent_covered": 57.142857142857146, "percent_covered_display": "57", "missing_lines": 3, "excluded_lines": 0}, "missing_lines": [255, 269, 270], "excluded_lines": []}, "DynamoDBClient.track_failed_reward": {"executed_lines": [281, 285, 286, 298, 299, 304, 306, 307], "summary": {"covered_lines": 8, "num_statements": 10, "percent_covered": 80.0, "percent_covered_display": "80", "missing_lines": 2, "excluded_lines": 0}, "missing_lines": [282, 283], "excluded_lines": []}, "DynamoDBClient.list_quests": {"executed_lines": [311, 312, 313, 315, 316, 317, 319, 327, 330, 331, 332, 333, 335, 336, 340, 341, 344, 346, 348, 349, 350, 352, 355, 357], "summary": {"covered_lines": 24, "num_statements": 30, "percent_covered": 80.0, "percent_covered_display": "80", "missing_lines": 6, "excluded_lines": 0}, "missing_lines": [328, 337, 342, 359, 360, 361], "excluded_lines": []}, "DynamoDBClient._list_quests_scan": {"executed_lines": [365, 366, 367, 369, 370, 371, 373, 374, 375, 376, 378, 381, 383, 385, 386, 387, 389, 390, 392], "summary": {"covered_lines": 19, "num_statements": 23, "percent_covered": 82.6086956521739, "percent_covered_display": "83", "missing_lines": 4, "excluded_lines": 0}, "missing_lines": [379, 394, 395, 396], "excluded_lines": []}, "DynamoDBClient.get_user_created_quests": {"executed_lines": [400, 401, 402, 404, 406, 407, 408, 415, 418, 419, 421, 422, 423, 450], "summary": {"covered_lines": 14, "num_statements": 33, "percent_covered": 42.42424242424242, "percent_covered_display": "42", "missing_lines": 19, "excluded_lines": 0}, "missing_lines": [416, 425, 426, 428, 429, 430, 432, 433, 438, 439, 441, 442, 444, 445, 446, 448, 452, 453, 454], "excluded_lines": []}, "DynamoDBClient.get_user_performed_quests": {"executed_lines": [458, 459, 460, 462, 464, 465, 466, 473, 476, 483, 484, 486, 487, 488, 490, 491, 496, 499, 500, 502, 503, 504, 508], "summary": {"covered_lines": 23, "num_statements": 33, "percent_covered": 69.6969696969697, "percent_covered_display": "70", "missing_lines": 10, "excluded_lines": 0}, "missing_lines": [474, 477, 479, 480, 481, 497, 506, 510, 511, 512], "excluded_lines": []}, "DynamoDBClient.get_user_stats": {"executed_lines": [516, 518, 519, 520, 528, 531, 532, 534], "summary": {"covered_lines": 8, "num_statements": 11, "percent_covered": 72.72727272727273, "percent_covered_display": "73", "missing_lines": 3, "excluded_lines": 0}, "missing_lines": [541, 542, 543], "excluded_lines": []}, "DynamoDBClient.update_user_wallet": {"executed_lines": [552, 553, 554], "summary": {"covered_lines": 3, "num_statements": 6, "percent_covered": 50.0, "percent_covered_display": "50", "missing_lines": 3, "excluded_lines": 0}, "missing_lines": [563, 564, 565], "excluded_lines": []}, "DynamoDBClient.award_quest_points": {"executed_lines": [569, 570, 571], "summary": {"covered_lines": 3, "num_statements": 5, "percent_covered": 60.0, "percent_covered_display": "60", "missing_lines": 2, "excluded_lines": 1}, "missing_lines": [580, 581], "excluded_lines": [583]}, "DynamoDBClient.add_attestation_atomic": {"executed_lines": [591, 592, 594, 595, 596, 599, 601, 621, 623, 624, 625, 626, 627, 628], "summary": {"covered_lines": 14, "num_statements": 14, "percent_covered": 100.0, "percent_covered_display": "100", "missing_lines": 0, "excluded_lines": 0}, "missing_lines": [], "excluded_lines": []}, "DynamoDBClient.claim_quest_atomic": {"executed_lines": [632, 633, 634, 648, 650, 651, 652, 653, 654], "summary": {"covered_lines": 9, "num_statements": 9, "percent_covered": 100.0, "percent_covered_display": "100", "missing_lines": 0, "excluded_lines": 0}, "missing_lines": [], "excluded_lines": []}, "DynamoDBClient.submit_quest_atomic": {"executed_lines": [658, 659, 660, 674, 676, 677, 678], "summary": {"covered_lines": 7, "num_statements": 9, "percent_covered": 77.77777777777777, "percent_covered_display": "78", "missing_lines": 2, "excluded_lines": 0}, "missing_lines": [679, 680], "excluded_lines": []}, "DynamoDBClient.complete_quest_atomic": {"executed_lines": [684, 685, 686, 699, 700, 701, 702], "summary": {"covered_lines": 7, "num_statements": 8, "percent_covered": 87.5, "percent_covered_display": "88", "missing_lines": 1, "excluded_lines": 0}, "missing_lines": [703], "excluded_lines": []}, "DynamoDBClient.delete_quest_atomic": {"executed_lines": [707, 708, 709, 719, 721, 722, 723], "summary": {"covered_lines": 7, "num_statements": 9, "percent_covered": 77.77777777777777, "percent_covered_display": "78", "missing_lines": 2, "excluded_lines": 0}, "missing_lines": [724, 725], "excluded_lines": []}, "DynamoDBClient.dispute_quest_atomic": {"executed_lines": [729, 730, 731, 746, 747, 748], "summary": {"covered_lines": 6, "num_statements": 9, "percent_covered": 66.66666666666667, "percent_covered_display": "67", "missing_lines": 3, "excluded_lines": 0}, "missing_lines": [745, 749, 750], "excluded_lines": []}, "DynamoDBClient._serialize_item": {"executed_lines": [754, 755, 756, 757], "summary": {"covered_lines": 4, "num_statements": 4, "percent_covered": 100.0, "percent_covered_display": "100", "missing_lines": 0, "excluded_lines": 0}, "missing_lines": [], "excluded_lines": []}, "DynamoDBClient._serialize_value": {"executed_lines": [761, 762, 763, 764, 765, 766, 767, 768, 769, 771, 772, 774, 775, 776, 777, 778], "summary": {"covered_lines": 16, "num_statements": 17, "percent_covered": 94.11764705882354, "percent_covered_display": "94", "missing_lines": 1, "excluded_lines": 0}, "missing_lines": [781], "excluded_lines": []}, "DynamoDBClient._deserialize_item": {"executed_lines": [785, 786, 787, 788], "summary": {"covered_lines": 4, "num_statements": 4, "percent_covered": 100.0, "percent_covered_display": "100", "missing_lines": 0, "excluded_lines": 0}, "missing_lines": [], "excluded_lines": []}, "DynamoDBClient._deserialize_value": {"executed_lines": [792, 793, 794, 795, 796, 798, 799, 800, 801, 802, 803, 804, 806, 807, 808, 809, 810, 812], "summary": {"covered_lines": 18, "num_statements": 18, "percent_covered": 100.0, "percent_covered_display": "100", "missing_lines": 0, "excluded_lines": 0}, "missing_lines": [], "excluded_lines": []}, "get_db_client": {"executed_lines": [], "summary": {"covered_lines": 0, "num_statements": 1, "percent_covered": 0.0, "percent_covered_display": "0", "missing_lines": 1, "excluded_lines": 0}, "missing_lines": [824], "excluded_lines": []}, "": {"executed_lines": [1, 5, 6, 7, 8, 9, 10, 12, 13, 15, 18, 19, 22, 23, 25, 32, 33, 53, 59, 77, 93, 109, 136, 152, 169, 196, 217, 252, 272, 309, 363, 398, 456, 514, 550, 567, 585, 630, 656, 682, 705, 727, 752, 759, 783, 790, 817, 819], "summary": {"covered_lines": 46, "num_statements": 46, "percent_covered": 100.0, "percent_covered_display": "100", "missing_lines": 0, "excluded_lines": 0}, "missing_lines": [], "excluded_lines": []}}, "classes": {"DynamoDBClient": {"executed_lines": [26, 27, 28, 29, 30, 35, 36, 38, 39, 44, 45, 50, 51, 57, 61, 62, 63, 64, 68, 70, 71, 72, 73, 74, 75, 79, 80, 81, 85, 86, 87, 88, 89, 90, 91, 95, 96, 97, 98, 100, 101, 138, 139, 140, 141, 143, 144, 148, 149, 150, 177, 178, 179, 189, 190, 192, 193, 194, 198, 199, 200, 210, 211, 212, 213, 214, 215, 219, 222, 223, 224, 226, 227, 228, 235, 238, 240, 242, 243, 244, 246, 254, 257, 258, 259, 281, 285, 286, 298, 299, 304, 306, 307, 311, 312, 313, 315, 316, 317, 319, 327, 330, 331, 332, 333, 335, 336, 340, 341, 344, 346, 348, 349, 350, 352, 355, 357, 365, 366, 367, 369, 370, 371, 373, 374, 375, 376, 378, 381, 383, 385, 386, 387, 389, 390, 392, 400, 401, 402, 404, 406, 407, 408, 415, 418, 419, 421, 422, 423, 450, 458, 459, 460, 462, 464, 465, 466, 473, 476, 483, 484, 486, 487, 488, 490, 491, 496, 499, 500, 502, 503, 504, 508, 516, 518, 519, 520, 528, 531, 532, 534, 552, 553, 554, 569, 570, 571, 591, 592, 594, 595, 596, 599, 601, 621, 623, 624, 625, 626, 627, 628, 632, 633, 634, 648, 650, 651, 652, 653, 654, 658, 659, 660, 674, 676, 677, 678, 684, 685, 686, 699, 700, 701, 702, 707, 708, 709, 719, 721, 722, 723, 729, 730, 731, 746, 747, 748, 754, 755, 756, 757, 761, 762, 763, 764, 765, 766, 767, 768, 769, 771, 772, 774, 775, 776, 777, 778, 785, 786, 787, 788, 792, 793, 794, 795, 796, 798, 799, 800, 801, 802, 803, 804, 806, 807, 808, 809, 810, 812], "summary": {"covered_lines": 279, "num_statements": 373, "percent_covered": 74.79892761394102, "percent_covered_display": "75", "missing_lines": 94, "excluded_lines": 1}, "missing_lines": [105, 106, 107, 111, 112, 115, 116, 117, 118, 120, 121, 122, 124, 126, 127, 132, 133, 134, 154, 155, 156, 161, 162, 163, 164, 165, 166, 167, 220, 236, 248, 249, 250, 255, 269, 270, 282, 283, 328, 337, 342, 359, 360, 361, 379, 394, 395, 396, 416, 425, 426, 428, 429, 430, 432, 433, 438, 439, 441, 442, 444, 445, 446, 448, 452, 453, 454, 474, 477, 479, 480, 481, 497, 506, 510, 511, 512, 541, 542, 543, 563, 564, 565, 580, 581, 679, 680, 703, 724, 725, 745, 749, 750, 781], "excluded_lines": [583]}, "": {"executed_lines": [1, 5, 6, 7, 8, 9, 10, 12, 13, 15, 18, 19, 22, 23, 25, 32, 33, 53, 59, 77, 93, 109, 136, 152, 169, 196, 217, 252, 272, 309, 363, 398, 456, 514, 550, 567, 585, 630, 656, 682, 705, 727, 752, 759, 783, 790, 817, 819], "summary": {"covered_lines": 46, "num_statements": 47, "percent_covered": 97.87234042553192, "percent_covered_display": "98", "missing_lines": 1, "excluded_lines": 0}, "missing_lines": [824], "excluded_lines": []}}}, "src/feature_flags.py": {"executed_lines": [1, 5, 6, 7, 10, 11, 12, 13, 14, 17, 18, 23, 24, 25, 27, 39, 40, 43, 45, 46, 48, 49, 51, 53, 55, 56, 59, 60, 62, 64, 65, 66, 67, 71, 72, 74, 76, 83], "summary": {"covered_lines": 35, "num_statements": 35, "percent_covered": 100.0, "percent_covered_display": "100", "missing_lines": 0, "excluded_lines": 0}, "missing_lines": [], "excluded_lines": [], "functions": {"FeatureFlagManager.__init__": {"executed_lines": [24, 25], "summary": {"covered_lines": 2, "num_statements": 2, "percent_covered": 100.0, "percent_covered_display": "100", "missing_lines": 0, "excluded_lines": 0}, "missing_lines": [], "excluded_lines": []}, "FeatureFlagManager.is_enabled": {"executed_lines": [39, 40, 43, 45, 46, 48, 49, 51], "summary": {"covered_lines": 8, "num_statements": 8, "percent_covered": 100.0, "percent_covered_display": "100", "missing_lines": 0, "excluded_lines": 0}, "missing_lines": [], "excluded_lines": []}, "FeatureFlagManager._is_internal_user": {"executed_lines": [55, 56, 59, 60], "summary": {"covered_lines": 4, "num_statements": 4, "percent_covered": 100.0, "percent_covered_display": "100", "missing_lines": 0, "excluded_lines": 0}, "missing_lines": [], "excluded_lines": []}, "FeatureFlagManager._is_in_rollout_percentage": {"executed_lines": [64, 65, 66, 67, 71, 72], "summary": {"covered_lines": 6, "num_statements": 6, "percent_covered": 100.0, "percent_covered_display": "100", "missing_lines": 0, "excluded_lines": 0}, "missing_lines": [], "excluded_lines": []}, "FeatureFlagManager.get_all_flags": {"executed_lines": [76], "summary": {"covered_lines": 1, "num_statements": 1, "percent_covered": 100.0, "percent_covered_display": "100", "missing_lines": 0, "excluded_lines": 0}, "missing_lines": [], "excluded_lines": []}, "": {"executed_lines": [1, 5, 6, 7, 10, 11, 12, 13, 14, 17, 18, 23, 27, 53, 62, 74, 83], "summary": {"covered_lines": 14, "num_statements": 14, "percent_covered": 100.0, "percent_covered_display": "100", "missing_lines": 0, "excluded_lines": 0}, "missing_lines": [], "excluded_lines": []}}, "classes": {"FeatureFlag": {"executed_lines": [], "summary": {"covered_lines": 0, "num_statements": 0, "percent_covered": 100.0, "percent_covered_display": "100", "missing_lines": 0, "excluded_lines": 0}, "missing_lines": [], "excluded_lines": []}, "FeatureFlagManager": {"executed_lines": [24, 25, 39, 40, 43, 45, 46, 48, 49, 51, 55, 56, 59, 60, 64, 65, 66, 67, 71, 72, 76], "summary": {"covered_lines": 21, "num_statements": 21, "percent_covered": 100.0, "percent_covered_display": "100", "missing_lines": 0, "excluded_lines": 0}, "missing_lines": [], "excluded_lines": []}, "": {"executed_lines": [1, 5, 6, 7, 10, 11, 12, 13, 14, 17, 18, 23, 27, 53, 62, 74, 83], "summary": {"covered_lines": 14, "num_statements": 14, "percent_covered": 100.0, "percent_covered_display": "100", "missing_lines": 0, "excluded_lines": 0}, "missing_lines": [], "excluded_lines": []}}}, "src/models.py": {"executed_lines": [1, 5, 6, 7, 8, 9, 13, 16, 20, 22, 23, 24, 32, 33, 34, 35, 36, 37, 38, 39, 42, 43, 44, 45, 46, 47, 50, 51, 52, 53, 54, 55, 56, 57, 58, 59, 60, 63, 64, 65, 66, 67, 68, 71, 72, 75, 76, 79, 82, 83, 84, 85, 86, 89, 92, 95, 98, 99, 101, 103, 104, 106, 108, 109, 111, 114, 115, 118, 119, 120, 122, 123, 124, 126, 127, 128, 130, 131, 133, 134, 135, 136, 143, 144, 145, 147, 148, 149, 151, 156, 157, 158, 159, 160, 161, 163, 164, 166, 169, 170, 171, 173, 174, 176, 179, 180, 181, 182, 184, 185, 187, 189, 192, 193, 194, 196, 197, 202, 203, 204, 205, 206, 209, 210, 211, 212, 213, 214, 215, 216, 217, 218, 219, 220, 221, 222, 223, 224, 225], "summary": {"covered_lines": 127, "num_statements": 131, "percent_covered": 96.94656488549619, "percent_covered_display": "97", "missing_lines": 4, "excluded_lines": 0}, "missing_lines": [139, 140, 188, 199], "excluded_lines": [], "functions": {"clean_html": {"executed_lines": [22, 23, 24], "summary": {"covered_lines": 3, "num_statements": 3, "percent_covered": 100.0, "percent_covered_display": "100", "missing_lines": 0, "excluded_lines": 0}, "missing_lines": [], "excluded_lines": []}, "Quest.attester_ids": {"executed_lines": [101], "summary": {"covered_lines": 1, "num_statements": 1, "percent_covered": 100.0, "percent_covered_display": "100", "missing_lines": 0, "excluded_lines": 0}, "missing_lines": [], "excluded_lines": []}, "Quest.has_requestor_attestation": {"executed_lines": [106], "summary": {"covered_lines": 1, "num_statements": 1, "percent_covered": 100.0, "percent_covered_display": "100", "missing_lines": 0, "excluded_lines": 0}, "missing_lines": [], "excluded_lines": []}, "Quest.has_performer_attestation": {"executed_lines": [111], "summary": {"covered_lines": 1, "num_statements": 1, "percent_covered": 100.0, "percent_covered_display": "100", "missing_lines": 0, "excluded_lines": 0}, "missing_lines": [], "excluded_lines": []}, "QuestDB.compute_derived_fields": {"executed_lines": [126, 127, 128, 130, 131, 133, 134, 135, 136, 143, 144, 145, 147, 148, 149, 151], "summary": {"covered_lines": 16, "num_statements": 18, "percent_covered": 88.88888888888889, "percent_covered_display": "89", "missing_lines": 2, "excluded_lines": 0}, "missing_lines": [139, 140], "excluded_lines": []}, "QuestCreate.sanitize_fields": {"executed_lines": [166], "summary": {"covered_lines": 1, "num_statements": 1, "percent_covered": 100.0, "percent_covered_display": "100", "missing_lines": 0, "excluded_lines": 0}, "missing_lines": [], "excluded_lines": []}, "QuestSubmission.sanitize_fields": {"executed_lines": [176], "summary": {"covered_lines": 1, "num_statements": 1, "percent_covered": 100.0, "percent_covered_display": "100", "missing_lines": 0, "excluded_lines": 0}, "missing_lines": [], "excluded_lines": []}, "AttestationRequest.sanitize_notes": {"executed_lines": [187, 189], "summary": {"covered_lines": 2, "num_statements": 3, "percent_covered": 66.66666666666667, "percent_covered_display": "67", "missing_lines": 1, "excluded_lines": 0}, "missing_lines": [188], "excluded_lines": []}, "QuestDispute.sanitize_reason": {"executed_lines": [], "summary": {"covered_lines": 0, "num_statements": 1, "percent_covered": 0.0, "percent_covered_display": "0", "missing_lines": 1, "excluded_lines": 0}, "missing_lines": [199], "excluded_lines": []}, "": {"executed_lines": [1, 5, 6, 7, 8, 9, 13, 16, 20, 32, 33, 34, 35, 36, 37, 38, 39, 42, 43, 44, 45, 46, 47, 50, 51, 52, 53, 54, 55, 56, 57, 58, 59, 60, 63, 64, 65, 66, 67, 68, 71, 72, 75, 76, 79, 82, 83, 84, 85, 86, 89, 92, 95, 98, 99, 103, 104, 108, 109, 114, 115, 118, 119, 120, 122, 123, 124, 156, 157, 158, 159, 160, 161, 163, 164, 169, 170, 171, 173, 174, 179, 180, 181, 182, 184, 185, 192, 193, 194, 196, 197, 202, 203, 204, 205, 206, 209, 210, 211, 212, 213, 214, 215, 216, 217, 218, 219, 220, 221, 222, 223, 224, 225], "summary": {"covered_lines": 101, "num_statements": 101, "percent_covered": 100.0, "percent_covered_display": "100", "missing_lines": 0, "excluded_lines": 0}, "missing_lines": [], "excluded_lines": []}}, "classes": {"QuestStatus": {"executed_lines": [], "summary": {"covered_lines": 0, "num_statements": 0, "percent_covered": 100.0, "percent_covered_display": "100", "missing_lines": 0, "excluded_lines": 0}, "missing_lines": [], "excluded_lines": []}, "Attestation": {"executed_lines": [], "summary": {"covered_lines": 0, "num_statements": 0, "percent_covered": 100.0, "percent_covered_display": "100", "missing_lines": 0, "excluded_lines": 0}, "missing_lines": [], "excluded_lines": []}, "User": {"executed_lines": [], "summary": {"covered_lines": 0, "num_statements": 0, "percent_covered": 100.0, "percent_covered_display": "100", "missing_lines": 0, "excluded_lines": 0}, "missing_lines": [], "excluded_lines": []}, "Quest": {"executed_lines": [101, 106, 111], "summary": {"covered_lines": 3, "num_statements": 3, "percent_covered": 100.0, "percent_covered_display": "100", "missing_lines": 0, "excluded_lines": 0}, "missing_lines": [], "excluded_lines": []}, "QuestDB": {"executed_lines": [126, 127, 128, 130, 131, 133, 134, 135, 136, 143, 144, 145, 147, 148, 149, 151], "summary": {"covered_lines": 16, "num_statements": 18, "percent_covered": 88.88888888888889, "percent_covered_display": "89", "missing_lines": 2, "excluded_lines": 0}, "missing_lines": [139, 140], "excluded_lines": []}, "QuestCreate": {"executed_lines": [166], "summary": {"covered_lines": 1, "num_statements": 1, "percent_covered": 100.0, "percent_covered_display": "100", "missing_lines": 0, "excluded_lines": 0}, "missing_lines": [], "excluded_lines": []}, "QuestSubmission": {"executed_lines": [176], "summary": {"covered_lines": 1, "num_statements": 1, "percent_covered": 100.0, "percent_covered_display": "100", "missing_lines": 0, "excluded_lines": 0}, "missing_lines": [], "excluded_lines": []}, "AttestationRequest": {"executed_lines": [187, 189], "summary": {"covered_lines": 2, "num_statements": 3, "percent_covered": 66.66666666666667, "percent_covered_display": "67", "missing_lines": 1, "excluded_lines": 0}, "missing_lines": [188], "excluded_lines": []}, "QuestDispute": {"executed_lines": [], "summary": {"covered_lines": 0, "num_statements": 1, "percent_covered": 0.0, "percent_covered_display": "0", "missing_lines": 1, "excluded_lines": 0}, "missing_lines": [199], "excluded_lines": []}, "ErrorResponse": {"executed_lines": [], "summary": {"covered_lines": 0, "num_statements": 0, "percent_covered": 100.0, "percent_covered_display": "100", "missing_lines": 0, "excluded_lines": 0}, "missing_lines": [], "excluded_lines": []}, "FailedReward": {"executed_lines": [], "summary": {"covered_lines": 0, "num_statements": 0, "percent_covered": 100.0, "percent_covered_display": "100", "missing_lines": 0, "excluded_lines": 0}, "missing_lines": [], "excluded_lines": []}, "": {"executed_lines": [1, 5, 6, 7, 8, 9, 13, 16, 20, 22, 23, 24, 32, 33, 34, 35, 36, 37, 38, 39, 42, 43, 44, 45, 46, 47, 50, 51, 52, 53, 54, 55, 56, 57, 58, 59, 60, 63, 64, 65, 66, 67, 68, 71, 72, 75, 76, 79, 82, 83, 84, 85, 86, 89, 92, 95, 98, 99, 103, 104, 108, 109, 114, 115, 118, 119, 120, 122, 123, 124, 156, 157, 158, 159, 160, 161, 163, 164, 169, 170, 171, 173, 174, 179, 180, 181, 182, 184, 185, 192, 193, 194, 196, 197, 202, 203, 204, 205, 206, 209, 210, 211, 212, 213, 214, 215, 216, 217, 218, 219, 220, 221, 222, 223, 224, 225], "summary": {"covered_lines": 104, "num_statements": 104, "percent_covered": 100.0, "percent_covered_display": "100", "missing_lines": 0, "excluded_lines": 0}, "missing_lines": [], "excluded_lines": []}}}, "src/routers/quests_actions.py": {"executed_lines": [1, 5, 6, 7, 9, 10, 11, 12, 14, 16, 19, 20, 26, 27, 31, 32, 33, 34, 35, 42, 44, 59, 60, 63, 64, 71, 72, 76, 77, 78, 83, 89, 95, 110, 111, 114, 115], "summary": {"covered_lines": 36, "num_statements": 58, "percent_covered": 62.06896551724138, "percent_covered_display": "62", "missing_lines": 22, "excluded_lines": 0}, "missing_lines": [28, 36, 37, 39, 46, 47, 48, 53, 73, 97, 98, 99, 104, 122, 125, 127, 128, 134, 137, 138, 139, 141], "excluded_lines": [], "functions": {"claim_quest": {"executed_lines": [26, 27, 31, 32, 33, 34, 35, 42, 44, 59, 60], "summary": {"covered_lines": 11, "num_statements": 19, "percent_covered": 57.89473684210526, "percent_covered_display": "58", "missing_lines": 8, "excluded_lines": 0}, "missing_lines": [28, 36, 37, 39, 46, 47, 48, 53], "excluded_lines": []}, "submit_quest": {"executed_lines": [71, 72, 76, 77, 78, 83, 89, 95, 110, 111], "summary": {"covered_lines": 10, "num_statements": 15, "percent_covered": 66.66666666666667, "percent_covered_display": "67", "missing_lines": 5, "excluded_lines": 0}, "missing_lines": [73, 97, 98, 99, 104], "excluded_lines": []}, "dispute_quest": {"executed_lines": [], "summary": {"covered_lines": 0, "num_statements": 9, "percent_covered": 0.0, "percent_covered_display": "0", "missing_lines": 9, "excluded_lines": 0}, "missing_lines": [122, 125, 127, 128, 134, 137, 138, 139, 141], "excluded_lines": []}, "": {"executed_lines": [1, 5, 6, 7, 9, 10, 11, 12, 14, 16, 19, 20, 63, 64, 114, 115], "summary": {"covered_lines": 15, "num_statements": 15, "percent_covered": 100.0, "percent_covered_display": "100", "missing_lines": 0, "excluded_lines": 0}, "missing_lines": [], "excluded_lines": []}}, "classes": {"": {"executed_lines": [1, 5, 6, 7, 9, 10, 11, 12, 14, 16, 19, 20, 26, 27, 31, 32, 33, 34, 35, 42, 44, 59, 60, 63, 64, 71, 72, 76, 77, 78, 83, 89, 95, 110, 111, 114, 115], "summary": {"covered_lines": 36, "num_statements": 58, "percent_covered": 62.06896551724138, "percent_covered_display": "62", "missing_lines": 22, "excluded_lines": 0}, "missing_lines": [28, 36, 37, 39, 46, 47, 48, 53, 73, 97, 98, 99, 104, 122, 125, 127, 128, 134, 137, 138, 139, 141], "excluded_lines": []}}}, "src/routers/quests_attest.py": {"executed_lines": [1, 5, 6, 7, 9, 10, 11, 12, 13, 14, 16, 18, 21, 22, 33, 34, 38, 40, 45, 46, 48, 51, 54, 79, 87, 88, 90, 92, 101, 102, 107, 109, 111, 114, 132, 134, 137, 138, 140], "summary": {"covered_lines": 38, "num_statements": 53, "percent_covered": 71.69811320754717, "percent_covered_display": "72", "missing_lines": 15, "excluded_lines": 0}, "missing_lines": [35, 41, 56, 57, 58, 64, 72, 73, 95, 104, 118, 119, 126, 127, 130], "excluded_lines": [], "functions": {"attest_quest": {"executed_lines": [33, 34, 38, 40, 45, 46, 48, 51, 54, 79, 87, 88, 90, 92, 101, 102, 107, 109, 111, 114, 132, 134, 137, 138, 140], "summary": {"covered_lines": 25, "num_statements": 40, "percent_covered": 62.5, "percent_covered_display": "62", "missing_lines": 15, "excluded_lines": 0}, "missing_lines": [35, 41, 56, 57, 58, 64, 72, 73, 95, 104, 118, 119, 126, 127, 130], "excluded_lines": []}, "": {"executed_lines": [1, 5, 6, 7, 9, 10, 11, 12, 13, 14, 16, 18, 21, 22], "summary": {"covered_lines": 13, "num_statements": 13, "percent_covered": 100.0, "percent_covered_display": "100", "missing_lines": 0, "excluded_lines": 0}, "missing_lines": [], "excluded_lines": []}}, "classes": {"": {"executed_lines": [1, 5, 6, 7, 9, 10, 11, 12, 13, 14, 16, 18, 21, 22, 33, 34, 38, 40, 45, 46, 48, 51, 54, 79, 87, 88, 90, 92, 101, 102, 107, 109, 111, 114, 132, 134, 137, 138, 140], "summary": {"covered_lines": 38, "num_statements": 53, "percent_covered": 71.69811320754717, "percent_covered_display": "72", "missing_lines": 15, "excluded_lines": 0}, "missing_lines": [35, 41, 56, 57, 58, 64, 72, 73, 95, 104, 118, 119, 126, 127, 130], "excluded_lines": []}}}, "src/routers/quests_create.py": {"executed_lines": [1, 5, 6, 7, 8, 10, 11, 12, 13, 15, 17, 20, 21, 27, 28, 29, 31, 32, 38, 39, 45, 46, 47, 48, 49, 50, 51, 54, 55, 56], "summary": {"covered_lines": 29, "num_statements": 30, "percent_covered": 96.66666666666667, "percent_covered_display": "97", "missing_lines": 1, "excluded_lines": 0}, "missing_lines": [40], "excluded_lines": [], "functions": {"create_quest": {"executed_lines": [27, 28, 29, 31, 32, 38, 39, 45, 46, 47, 48, 49, 50, 51, 54, 55, 56], "summary": {"covered_lines": 17, "num_statements": 18, "percent_covered": 94.44444444444444, "percent_covered_display": "94", "missing_lines": 1, "excluded_lines": 0}, "missing_lines": [40], "excluded_lines": []}, "": {"executed_lines": [1, 5, 6, 7, 8, 10, 11, 12, 13, 15, 17, 20, 21], "summary": {"covered_lines": 12, "num_statements": 12, "percent_covered": 100.0, "percent_covered_display": "100", "missing_lines": 0, "excluded_lines": 0}, "missing_lines": [], "excluded_lines": []}}, "classes": {"": {"executed_lines": [1, 5, 6, 7, 8, 10, 11, 12, 13, 15, 17, 20, 21, 27, 28, 29, 31, 32, 38, 39, 45, 46, 47, 48, 49, 50, 51, 54, 55, 56], "summary": {"covered_lines": 29, "num_statements": 30, "percent_covered": 96.66666666666667, "percent_covered_display": "97", "missing_lines": 1, "excluded_lines": 0}, "missing_lines": [40], "excluded_lines": []}}}, "src/routers/quests_delete.py": {"executed_lines": [1, 5, 6, 8, 9, 10, 12, 14, 17, 20, 21, 27, 28, 32, 33, 39, 40, 46, 48, 55, 57], "summary": {"covered_lines": 20, "num_statements": 22, "percent_covered": 90.9090909090909, "percent_covered_display": "91", "missing_lines": 2, "excluded_lines": 0}, "missing_lines": [29, 49], "excluded_lines": [], "functions": {"delete_quest": {"executed_lines": [27, 28, 32, 33, 39, 40, 46, 48, 55, 57], "summary": {"covered_lines": 10, "num_statements": 12, "percent_covered": 83.33333333333333, "percent_covered_display": "83", "missing_lines": 2, "excluded_lines": 0}, "missing_lines": [29, 49], "excluded_lines": []}, "": {"executed_lines": [1, 5, 6, 8, 9, 10, 12, 14, 17, 20, 21], "summary": {"covered_lines": 10, "num_statements": 10, "percent_covered": 100.0, "percent_covered_display": "100", "missing_lines": 0, "excluded_lines": 0}, "missing_lines": [], "excluded_lines": []}}, "classes": {"": {"executed_lines": [1, 5, 6, 8, 9, 10, 12, 14, 17, 20, 21, 27, 28, 32, 33, 39, 40, 46, 48, 55, 57], "summary": {"covered_lines": 20, "num_statements": 22, "percent_covered": 90.9090909090909, "percent_covered_display": "91", "missing_lines": 2, "excluded_lines": 0}, "missing_lines": [29, 49], "excluded_lines": []}}}, "src/routers/quests_read.py": {"executed_lines": [1, 5, 6, 7, 9, 10, 11, 13, 15, 18, 19, 24, 25, 26, 32, 33, 38, 39, 40, 41], "summary": {"covered_lines": 19, "num_statements": 22, "percent_covered": 86.36363636363636, "percent_covered_display": "86", "missing_lines": 3, "excluded_lines": 0}, "missing_lines": [27, 28, 29], "excluded_lines": [], "functions": {"list_quests": {"executed_lines": [24, 25, 26], "summary": {"covered_lines": 3, "num_statements": 6, "percent_covered": 50.0, "percent_covered_display": "50", "missing_lines": 3, "excluded_lines": 0}, "missing_lines": [27, 28, 29], "excluded_lines": []}, "get_quest": {"executed_lines": [38, 39, 40, 41], "summary": {"covered_lines": 4, "num_statements": 4, "percent_covered": 100.0, "percent_covered_display": "100", "missing_lines": 0, "excluded_lines": 0}, "missing_lines": [], "excluded_lines": []}, "": {"executed_lines": [1, 5, 6, 7, 9, 10, 11, 13, 15, 18, 19, 32, 33], "summary": {"covered_lines": 12, "num_statements": 12, "percent_covered": 100.0, "percent_covered_display": "100", "missing_lines": 0, "excluded_lines": 0}, "missing_lines": [], "excluded_lines": []}}, "classes": {"": {"executed_lines": [1, 5, 6, 7, 9, 10, 11, 13, 15, 18, 19, 24, 25, 26, 32, 33, 38, 39, 40, 41], "summary": {"covered_lines": 19, "num_statements": 22, "percent_covered": 86.36363636363636, "percent_covered_display": "86", "missing_lines": 3, "excluded_lines": 0}, "missing_lines": [27, 28, 29], "excluded_lines": []}}}, "src/routers/system.py": {"executed_lines": [1, 5, 6, 8, 9, 11, 14, 15, 19], "summary": {"covered_lines": 8, "num_statements": 8, "percent_covered": 100.0, "percent_covered_display": "100", "missing_lines": 0, "excluded_lines": 0}, "missing_lines": [], "excluded_lines": [], "functions": {"get_feature_flags": {"executed_lines": [19], "summary": {"covered_lines": 1, "num_statements": 1, "percent_covered": 100.0, "percent_covered_display": "100", "missing_lines": 0, "excluded_lines": 0}, "missing_lines": [], "excluded_lines": []}, "": {"executed_lines": [1, 5, 6, 8, 9, 11, 14, 15], "summary": {"covered_lines": 7, "num_statements": 7, "percent_covered": 100.0, "percent_covered_display": "100", "missing_lines": 0, "excluded_lines": 0}, "missing_lines": [], "excluded_lines": []}}, "classes": {"": {"executed_lines": [1, 5, 6, 8, 9, 11, 14, 15, 19], "summary": {"covered_lines": 8, "num_statements": 8, "percent_covered": 100.0, "percent_covered_display": "100", "missing_lines": 0, "excluded_lines": 0}, "missing_lines": [], "excluded_lines": []}}}, "src/routers/users.py": {"executed_lines": [1, 5, 6, 7, 8, 10, 11, 13, 15, 18, 19, 25, 26, 27, 30, 33, 36, 37, 38, 41, 42, 43, 45, 48, 49, 55, 56, 62, 63, 69, 70, 71], "summary": {"covered_lines": 31, "num_statements": 34, "percent_covered": 91.17647058823529, "percent_covered_display": "91", "missing_lines": 3, "excluded_lines": 0}, "missing_lines": [72, 73, 74], "excluded_lines": [], "functions": {"get_user_profile": {"executed_lines": [25, 26, 27, 30, 33, 36, 37, 38, 41, 42, 43, 45], "summary": {"covered_lines": 12, "num_statements": 12, "percent_covered": 100.0, "percent_covered_display": "100", "missing_lines": 0, "excluded_lines": 0}, "missing_lines": [], "excluded_lines": []}, "update_wallet_address": {"executed_lines": [55, 56, 62, 63, 69, 70, 71], "summary": {"covered_lines": 7, "num_statements": 10, "percent_covered": 70.0, "percent_covered_display": "70", "missing_lines": 3, "excluded_lines": 0}, "missing_lines": [72, 73, 74], "excluded_lines": []}, "": {"executed_lines": [1, 5, 6, 7, 8, 10, 11, 13, 15, 18, 19, 48, 49], "summary": {"covered_lines": 12, "num_statements": 12, "percent_covered": 100.0, "percent_covered_display": "100", "missing_lines": 0, "excluded_lines": 0}, "missing_lines": [], "excluded_lines": []}}, "classes": {"": {"executed_lines": [1, 5, 6, 7, 8, 10, 11, 13, 15, 18, 19, 25, 26, 27, 30, 33, 36, 37, 38, 41, 42, 43, 45, 48, 49, 55, 56, 62, 63, 69, 70, 71], "summary": {"covered_lines": 31, "num_statements": 34, "percent_covered": 91.17647058823529, "percent_covered_display": "91", "missing_lines": 3, "excluded_lines": 0}, "missing_lines": [72, 73, 74], "excluded_lines": []}}}, "src/signature.py": {"executed_lines": [1, 5, 6, 7, 10, 18, 26, 46, 48, 51, 54, 57, 59, 60, 61, 64, 76, 77, 78, 79, 80, 81, 82, 83], "summary": {"covered_lines": 23, "num_statements": 23, "percent_covered": 100.0, "percent_covered_display": "100", "missing_lines": 0, "excluded_lines": 0}, "missing_lines": [], "excluded_lines": [], "functions": {"create_attestation_message": {"executed_lines": [18], "summary": {"covered_lines": 1, "num_statements": 1, "percent_covered": 100.0, "percent_covered_display": "100", "missing_lines": 0, "excluded_lines": 0}, "missing_lines": [], "excluded_lines": []}, "verify_attestation_signature": {"executed_lines": [46, 48, 51, 54, 57, 59, 60, 61], "summary": {"covered_lines": 8, "num_statements": 8, "percent_covered": 100.0, "percent_covered_display": "100", "missing_lines": 0, "excluded_lines": 0}, "missing_lines": [], "excluded_lines": []}, "extract_address_from_signature": {"executed_lines": [76, 77, 78, 79, 80, 81, 82, 83], "summary": {"covered_lines": 8, "num_statements": 8, "percent_covered": 100.0, "percent_covered_display": "100", "missing_lines": 0, "excluded_lines": 0}, "missing_lines": [], "excluded_lines": []}, "": {"executed_lines": [1, 5, 6, 7, 10, 26, 64], "summary": {"covered_lines": 6, "num_statements": 6, "percent_covered": 100.0, "percent_covered_display": "100", "missing_lines": 0, "excluded_lines": 0}, "missing_lines": [], "excluded_lines": []}}, "classes": {"": {"executed_lines": [1, 5, 6, 7, 10, 18, 26, 46, 48, 51, 54, 57, 59, 60, 61, 64, 76, 77, 78, 79, 80, 81, 82, 83], "summary": {"covered_lines": 23, "num_statements": 23, "percent_covered": 100.0, "percent_covered_display": "100", "missing_lines": 0, "excluded_lines": 0}, "missing_lines": [], "excluded_lines": []}}}, "src/state_machine.py": {"executed_lines": [1, 6, 7, 10, 11, 14, 24, 25, 27, 29, 30, 40, 41, 43, 44, 46, 49, 50, 51, 52, 53, 55, 56, 57, 59, 60, 61, 63, 65, 66, 68, 69, 70, 72, 74, 75, 77, 78, 80, 81, 83, 84, 86, 88, 89, 91, 93, 94, 100, 101, 104, 108, 109, 112, 113, 115, 117, 118, 123, 128, 129, 131, 132, 134, 135, 137, 138, 140, 142, 143, 145, 146, 148, 150, 151, 153, 154, 156, 161, 162, 164, 165, 166, 167, 168, 169, 171], "summary": {"covered_lines": 85, "num_statements": 85, "percent_covered": 100.0, "percent_covered_display": "100", "missing_lines": 0, "excluded_lines": 0}, "missing_lines": [], "excluded_lines": [], "functions": {"QuestStateMachine.can_transition": {"executed_lines": [27], "summary": {"covered_lines": 1, "num_statements": 1, "percent_covered": 100.0, "percent_covered_display": "100", "missing_lines": 0, "excluded_lines": 0}, "missing_lines": [], "excluded_lines": []}, "QuestStateMachine.validate_transition": {"executed_lines": [40, 41, 43, 44, 46, 49, 50, 51, 52, 53, 55, 56, 57, 59, 60, 61, 63, 65, 66, 68, 69, 70, 72], "summary": {"covered_lines": 23, "num_statements": 23, "percent_covered": 100.0, "percent_covered_display": "100", "missing_lines": 0, "excluded_lines": 0}, "missing_lines": [], "excluded_lines": []}, "QuestStateMachine._has_dual_attestation": {"executed_lines": [77, 78, 80, 81], "summary": {"covered_lines": 4, "num_statements": 4, "percent_covered": 100.0, "percent_covered_display": "100", "missing_lines": 0, "excluded_lines": 0}, "missing_lines": [], "excluded_lines": []}, "QuestStateMachine._is_requestor": {"executed_lines": [86], "summary": {"covered_lines": 1, "num_statements": 1, "percent_covered": 100.0, "percent_covered_display": "100", "missing_lines": 0, "excluded_lines": 0}, "missing_lines": [], "excluded_lines": []}, "QuestStateMachine._is_performer": {"executed_lines": [91], "summary": {"covered_lines": 1, "num_statements": 1, "percent_covered": 100.0, "percent_covered_display": "100", "missing_lines": 0, "excluded_lines": 0}, "missing_lines": [], "excluded_lines": []}, "QuestStateMachine.can_user_attest": {"executed_lines": [100, 101, 104, 108, 109, 112, 113, 115], "summary": {"covered_lines": 8, "num_statements": 8, "percent_covered": 100.0, "percent_covered_display": "100", "missing_lines": 0, "excluded_lines": 0}, "missing_lines": [], "excluded_lines": []}, "QuestStateMachine.is_ready_for_completion": {"executed_lines": [123], "summary": {"covered_lines": 1, "num_statements": 1, "percent_covered": 100.0, "percent_covered_display": "100", "missing_lines": 0, "excluded_lines": 0}, "missing_lines": [], "excluded_lines": []}, "QuestStateMachine.can_user_claim": {"executed_lines": [131, 132, 134, 135, 137, 138, 140], "summary": {"covered_lines": 7, "num_statements": 7, "percent_covered": 100.0, "percent_covered_display": "100", "missing_lines": 0, "excluded_lines": 0}, "missing_lines": [], "excluded_lines": []}, "QuestStateMachine.can_user_submit": {"executed_lines": [145, 146, 148], "summary": {"covered_lines": 3, "num_statements": 3, "percent_covered": 100.0, "percent_covered_display": "100", "missing_lines": 0, "excluded_lines": 0}, "missing_lines": [], "excluded_lines": []}, "QuestStateMachine.can_user_dispute": {"executed_lines": [153, 154, 156], "summary": {"covered_lines": 3, "num_statements": 3, "percent_covered": 100.0, "percent_covered_display": "100", "missing_lines": 0, "excluded_lines": 0}, "missing_lines": [], "excluded_lines": []}, "QuestStateMachine.get_user_role": {"executed_lines": [164, 165, 166, 167, 168, 169, 171], "summary": {"covered_lines": 7, "num_statements": 7, "percent_covered": 100.0, "percent_covered_display": "100", "missing_lines": 0, "excluded_lines": 0}, "missing_lines": [], "excluded_lines": []}, "": {"executed_lines": [1, 6, 7, 10, 11, 14, 24, 25, 29, 30, 74, 75, 83, 84, 88, 89, 93, 94, 117, 118, 128, 129, 142, 143, 150, 151, 161, 162], "summary": {"covered_lines": 26, "num_statements": 26, "percent_covered": 100.0, "percent_covered_display": "100", "missing_lines": 0, "excluded_lines": 0}, "missing_lines": [], "excluded_lines": []}}, "classes": {"QuestStateMachine": {"executed_lines": [27, 40, 41, 43, 44, 46, 49, 50, 51, 52, 53, 55, 56, 57, 59, 60, 61, 63, 65, 66, 68, 69, 70, 72, 77, 78, 80, 81, 86, 91, 100, 101, 104, 108, 109, 112, 113, 115, 123, 131, 132, 134, 135, 137, 138, 140, 145, 146, 148, 153, 154, 156, 164, 165, 166, 167, 168, 169, 171], "summary": {"covered_lines": 59, "num_statements": 59, "percent_covered": 100.0, "percent_covered_display": "100", "missing_lines": 0, "excluded_lines": 0}, "missing_lines": [], "excluded_lines": []}, "": {"executed_lines": [1, 6, 7, 10, 11, 14, 24, 25, 29, 30, 74, 75, 83, 84, 88, 89, 93, 94, 117, 118, 128, 129, 142, 143, 150, 151, 161, 162], "summary": {"covered_lines": 26, "num_statements": 26, "percent_covered": 100.0, "percent_covered_display": "100", "missing_lines": 0, "excluded_lines": 0}, "missing_lines": [], "excluded_lines": []}}}, "src/triggers/create_user.py": {"executed_lines": [1, 8, 9, 10, 11, 12, 13, 14, 17, 18, 21, 22, 23, 26, 27, 30, 44, 46, 47, 48, 49, 51, 54, 55, 66, 67, 70, 75, 77, 80, 81, 84, 85, 87, 90, 91, 97], "summary": {"covered_lines": 36, "num_statements": 36, "percent_covered": 100.0, "percent_covered_display": "100", "missing_lines": 0, "excluded_lines": 0}, "missing_lines": [], "excluded_lines": [], "functions": {"handler": {"executed_lines": [44, 46, 47, 48, 49, 51, 54, 55, 66, 67, 70, 75, 77, 80, 81, 84, 85, 87, 90, 91, 97], "summary": {"covered_lines": 21, "num_statements": 21, "percent_covered": 100.0, "percent_covered_display": "100", "missing_lines": 0, "excluded_lines": 0}, "missing_lines": [], "excluded_lines": []}, "": {"executed_lines": [1, 8, 9, 10, 11, 12, 13, 14, 17, 18, 21, 22, 23, 26, 27, 30], "summary": {"covered_lines": 15, "num_statements": 15, "percent_covered": 100.0, "percent_covered_display": "100", "missing_lines": 0, "excluded_lines": 0}, "missing_lines": [], "excluded_lines": []}}, "classes": {"": {"executed_lines": [1, 8, 9, 10, 11, 12, 13, 14, 17, 18, 21, 22, 23, 26, 27, 30, 44, 46, 47, 48, 49, 51, 54, 55, 66, 67, 70, 75, 77, 80, 81, 84, 85, 87, 90, 91, 97], "summary": {"covered_lines": 36, "num_statements": 36, "percent_covered": 100.0, "percent_covered_display": "100", "missing_lines": 0, "excluded_lines": 0}, "missing_lines": [], "excluded_lines": []}}}}, "totals": {"covered_lines": 911, "num_statements": 1062, "percent_covered": 85.78154425612053, "percent_covered_display": "86", "missing_lines": 151, "excluded_lines": 2}}