{"meta": {"format": 3, "version": "7.6.12", "timestamp": "2025-06-11T17:15:35.981787", "branch_coverage": false, "show_contexts": false}, "files": {"src/auth.py": {"executed_lines": [1, 5, 6, 7, 8, 9, 10, 11, 12, 13, 16, 17, 18, 21, 23, 27, 28, 31, 34, 37, 38, 45, 47, 49, 50, 53, 54, 55, 56, 57, 58, 60, 67, 70, 81, 82, 86, 87, 93, 97, 101, 109], "summary": {"covered_lines": 41, "num_statements": 52, "percent_covered": 78.84615384615384, "percent_covered_display": "79", "missing_lines": 11, "excluded_lines": 0}, "missing_lines": [22, 24, 40, 41, 42, 61, 79, 98, 105, 106, 113], "excluded_lines": [], "functions": {"get_cognito_keys": {"executed_lines": [], "summary": {"covered_lines": 0, "num_statements": 3, "percent_covered": 0.0, "percent_covered_display": "0", "missing_lines": 3, "excluded_lines": 0}, "missing_lines": [40, 41, 42], "excluded_lines": []}, "verify_token": {"executed_lines": [47, 49, 50, 53, 54, 55, 56, 57, 58, 60, 67, 70, 81, 82, 86, 87], "summary": {"covered_lines": 16, "num_statements": 18, "percent_covered": 88.88888888888889, "percent_covered_display": "89", "missing_lines": 2, "excluded_lines": 0}, "missing_lines": [61, 79], "excluded_lines": []}, "get_current_user_claims": {"executed_lines": [97], "summary": {"covered_lines": 1, "num_statements": 2, "percent_covered": 50.0, "percent_covered_display": "50", "missing_lines": 1, "excluded_lines": 0}, "missing_lines": [98], "excluded_lines": []}, "get_current_user_id": {"executed_lines": [], "summary": {"covered_lines": 0, "num_statements": 2, "percent_covered": 0.0, "percent_covered_display": "0", "missing_lines": 2, "excluded_lines": 0}, "missing_lines": [105, 106], "excluded_lines": []}, "require_auth": {"executed_lines": [], "summary": {"covered_lines": 0, "num_statements": 1, "percent_covered": 0.0, "percent_covered_display": "0", "missing_lines": 1, "excluded_lines": 0}, "missing_lines": [113], "excluded_lines": []}, "": {"executed_lines": [1, 5, 6, 7, 8, 9, 10, 11, 12, 13, 16, 17, 18, 21, 23, 27, 28, 31, 34, 37, 38, 45, 93, 101, 109], "summary": {"covered_lines": 24, "num_statements": 26, "percent_covered": 92.3076923076923, "percent_covered_display": "92", "missing_lines": 2, "excluded_lines": 0}, "missing_lines": [22, 24], "excluded_lines": []}}, "classes": {"": {"executed_lines": [1, 5, 6, 7, 8, 9, 10, 11, 12, 13, 16, 17, 18, 21, 23, 27, 28, 31, 34, 37, 38, 45, 47, 49, 50, 53, 54, 55, 56, 57, 58, 60, 67, 70, 81, 82, 86, 87, 93, 97, 101, 109], "summary": {"covered_lines": 41, "num_statements": 52, "percent_covered": 78.84615384615384, "percent_covered_display": "79", "missing_lines": 11, "excluded_lines": 0}, "missing_lines": [22, 24, 40, 41, 42, 61, 79, 98, 105, 106, 113], "excluded_lines": []}}}, "src/db.py": {"executed_lines": [1, 5, 6, 7, 8, 9, 10, 12, 13, 14, 15, 17, 20, 21, 24, 25, 27, 28, 29, 30, 32, 33, 35, 36, 37, 39, 41, 42, 43, 52, 56, 58, 59, 60, 68, 72, 88, 115, 131, 148, 175, 196, 231, 251, 288, 342, 377, 435, 493, 529, 546, 564, 570, 571, 573, 574, 575, 578, 580, 598, 600, 601, 602, 603, 607, 609, 610, 611, 624, 626, 627, 628, 629, 630, 632, 634, 635, 636, 650, 652, 653, 654, 658, 660, 661, 662, 674, 675, 676, 677, 680, 702, 727, 729, 730, 731, 732, 734, 736, 737, 738, 739, 740, 741, 742, 743, 744, 746, 747, 748, 749, 750, 753, 755, 757, 758, 759, 760, 762, 764, 765, 766, 767, 768, 770, 771, 772, 773, 774, 775, 776, 778, 779, 780, 781, 782, 784, 788], "summary": {"covered_lines": 136, "num_statements": 409, "percent_covered": 33.251833740831295, "percent_covered_display": "33", "missing_lines": 273, "excluded_lines": 0}, "missing_lines": [47, 49, 50, 51, 53, 54, 64, 65, 66, 67, 69, 70, 74, 75, 76, 77, 79, 80, 84, 85, 86, 90, 91, 94, 95, 96, 97, 99, 100, 101, 103, 105, 106, 111, 112, 113, 117, 118, 119, 120, 122, 123, 127, 128, 129, 133, 134, 135, 140, 141, 142, 143, 144, 145, 146, 156, 157, 158, 168, 169, 171, 172, 173, 177, 178, 179, 189, 190, 191, 192, 193, 194, 198, 199, 201, 202, 203, 205, 206, 207, 214, 215, 217, 219, 221, 222, 223, 225, 227, 228, 229, 233, 234, 236, 237, 238, 248, 249, 260, 261, 262, 264, 265, 277, 278, 283, 285, 286, 290, 291, 292, 294, 295, 296, 298, 306, 307, 309, 310, 311, 312, 314, 315, 316, 319, 320, 321, 323, 325, 327, 328, 329, 331, 334, 336, 338, 339, 340, 344, 345, 346, 348, 349, 350, 352, 353, 354, 355, 357, 358, 360, 362, 364, 365, 366, 368, 369, 371, 373, 374, 375, 379, 380, 381, 383, 385, 386, 387, 394, 395, 397, 398, 400, 401, 402, 404, 405, 407, 408, 409, 411, 412, 417, 418, 420, 421, 423, 424, 425, 427, 429, 431, 432, 433, 437, 438, 439, 441, 443, 444, 445, 452, 453, 455, 456, 458, 459, 460, 462, 463, 465, 466, 467, 469, 470, 475, 476, 478, 479, 481, 482, 483, 485, 487, 489, 490, 491, 495, 497, 498, 499, 507, 510, 511, 513, 520, 521, 522, 531, 532, 533, 542, 543, 544, 548, 549, 550, 559, 560, 562, 604, 605, 655, 656, 678, 682, 683, 684, 694, 696, 697, 698, 699, 700, 704, 705, 706, 720, 721, 722, 723, 724, 725], "excluded_lines": [], "functions": {"DynamoDBClient.__init__": {"executed_lines": [28, 29, 30], "summary": {"covered_lines": 3, "num_statements": 3, "percent_covered": 100.0, "percent_covered_display": "100", "missing_lines": 0, "excluded_lines": 0}, "missing_lines": [], "excluded_lines": []}, "DynamoDBClient.get_resource": {"executed_lines": [35, 36, 37], "summary": {"covered_lines": 3, "num_statements": 3, "percent_covered": 100.0, "percent_covered_display": "100", "missing_lines": 0, "excluded_lines": 0}, "missing_lines": [], "excluded_lines": []}, "DynamoDBClient.get_user": {"executed_lines": [41, 42, 43, 52], "summary": {"covered_lines": 4, "num_statements": 10, "percent_covered": 40.0, "percent_covered_display": "40", "missing_lines": 6, "excluded_lines": 0}, "missing_lines": [47, 49, 50, 51, 53, 54], "excluded_lines": []}, "DynamoDBClient.get_quest": {"executed_lines": [58, 59, 60, 68], "summary": {"covered_lines": 4, "num_statements": 10, "percent_covered": 40.0, "percent_covered_display": "40", "missing_lines": 6, "excluded_lines": 0}, "missing_lines": [64, 65, 66, 67, 69, 70], "excluded_lines": []}, "DynamoDBClient.create_user": {"executed_lines": [], "summary": {"covered_lines": 0, "num_statements": 9, "percent_covered": 0.0, "percent_covered_display": "0", "missing_lines": 9, "excluded_lines": 0}, "missing_lines": [74, 75, 76, 77, 79, 80, 84, 85, 86], "excluded_lines": []}, "DynamoDBClient.update_quest": {"executed_lines": [], "summary": {"covered_lines": 0, "num_statements": 15, "percent_covered": 0.0, "percent_covered_display": "0", "missing_lines": 15, "excluded_lines": 0}, "missing_lines": [90, 91, 94, 95, 96, 97, 99, 100, 101, 103, 105, 106, 111, 112, 113], "excluded_lines": []}, "DynamoDBClient.create_quest": {"executed_lines": [], "summary": {"covered_lines": 0, "num_statements": 9, "percent_covered": 0.0, "percent_covered_display": "0", "missing_lines": 9, "excluded_lines": 0}, "missing_lines": [117, 118, 119, 120, 122, 123, 127, 128, 129], "excluded_lines": []}, "DynamoDBClient.get_quest_for_update": {"executed_lines": [], "summary": {"covered_lines": 0, "num_statements": 10, "percent_covered": 0.0, "percent_covered_display": "0", "missing_lines": 10, "excluded_lines": 0}, "missing_lines": [133, 134, 135, 140, 141, 142, 143, 144, 145, 146], "excluded_lines": []}, "DynamoDBClient.award_rewards": {"executed_lines": [], "summary": {"covered_lines": 0, "num_statements": 8, "percent_covered": 0.0, "percent_covered_display": "0", "missing_lines": 8, "excluded_lines": 0}, "missing_lines": [156, 157, 158, 168, 169, 171, 172, 173], "excluded_lines": []}, "DynamoDBClient.deduct_quest_creation_points": {"executed_lines": [], "summary": {"covered_lines": 0, "num_statements": 9, "percent_covered": 0.0, "percent_covered_display": "0", "missing_lines": 9, "excluded_lines": 0}, "missing_lines": [177, 178, 179, 189, 190, 191, 192, 193, 194], "excluded_lines": []}, "DynamoDBClient.get_pending_failed_rewards": {"executed_lines": [], "summary": {"covered_lines": 0, "num_statements": 19, "percent_covered": 0.0, "percent_covered_display": "0", "missing_lines": 19, "excluded_lines": 0}, "missing_lines": [198, 199, 201, 202, 203, 205, 206, 207, 214, 215, 217, 219, 221, 222, 223, 225, 227, 228, 229], "excluded_lines": []}, "DynamoDBClient.mark_reward_completed": {"executed_lines": [], "summary": {"covered_lines": 0, "num_statements": 7, "percent_covered": 0.0, "percent_covered_display": "0", "missing_lines": 7, "excluded_lines": 0}, "missing_lines": [233, 234, 236, 237, 238, 248, 249], "excluded_lines": []}, "DynamoDBClient.track_failed_reward": {"executed_lines": [], "summary": {"covered_lines": 0, "num_statements": 10, "percent_covered": 0.0, "percent_covered_display": "0", "missing_lines": 10, "excluded_lines": 0}, "missing_lines": [260, 261, 262, 264, 265, 277, 278, 283, 285, 286], "excluded_lines": []}, "DynamoDBClient.list_quests": {"executed_lines": [], "summary": {"covered_lines": 0, "num_statements": 30, "percent_covered": 0.0, "percent_covered_display": "0", "missing_lines": 30, "excluded_lines": 0}, "missing_lines": [290, 291, 292, 294, 295, 296, 298, 306, 307, 309, 310, 311, 312, 314, 315, 316, 319, 320, 321, 323, 325, 327, 328, 329, 331, 334, 336, 338, 339, 340], "excluded_lines": []}, "DynamoDBClient._list_quests_scan": {"executed_lines": [], "summary": {"covered_lines": 0, "num_statements": 23, "percent_covered": 0.0, "percent_covered_display": "0", "missing_lines": 23, "excluded_lines": 0}, "missing_lines": [344, 345, 346, 348, 349, 350, 352, 353, 354, 355, 357, 358, 360, 362, 364, 365, 366, 368, 369, 371, 373, 374, 375], "excluded_lines": []}, "DynamoDBClient.get_user_created_quests": {"executed_lines": [], "summary": {"covered_lines": 0, "num_statements": 33, "percent_covered": 0.0, "percent_covered_display": "0", "missing_lines": 33, "excluded_lines": 0}, "missing_lines": [379, 380, 381, 383, 385, 386, 387, 394, 395, 397, 398, 400, 401, 402, 404, 405, 407, 408, 409, 411, 412, 417, 418, 420, 421, 423, 424, 425, 427, 429, 431, 432, 433], "excluded_lines": []}, "DynamoDBClient.get_user_performed_quests": {"executed_lines": [], "summary": {"covered_lines": 0, "num_statements": 33, "percent_covered": 0.0, "percent_covered_display": "0", "missing_lines": 33, "excluded_lines": 0}, "missing_lines": [437, 438, 439, 441, 443, 444, 445, 452, 453, 455, 456, 458, 459, 460, 462, 463, 465, 466, 467, 469, 470, 475, 476, 478, 479, 481, 482, 483, 485, 487, 489, 490, 491], "excluded_lines": []}, "DynamoDBClient.get_user_stats": {"executed_lines": [], "summary": {"covered_lines": 0, "num_statements": 11, "percent_covered": 0.0, "percent_covered_display": "0", "missing_lines": 11, "excluded_lines": 0}, "missing_lines": [495, 497, 498, 499, 507, 510, 511, 513, 520, 521, 522], "excluded_lines": []}, "DynamoDBClient.update_user_wallet": {"executed_lines": [], "summary": {"covered_lines": 0, "num_statements": 6, "percent_covered": 0.0, "percent_covered_display": "0", "missing_lines": 6, "excluded_lines": 0}, "missing_lines": [531, 532, 533, 542, 543, 544], "excluded_lines": []}, "DynamoDBClient.award_quest_points": {"executed_lines": [], "summary": {"covered_lines": 0, "num_statements": 6, "percent_covered": 0.0, "percent_covered_display": "0", "missing_lines": 6, "excluded_lines": 0}, "missing_lines": [548, 549, 550, 559, 560, 562], "excluded_lines": []}, "DynamoDBClient.add_attestation_atomic": {"executed_lines": [570, 571, 573, 574, 575, 578, 580, 598, 600, 601, 602, 603], "summary": {"covered_lines": 12, "num_statements": 14, "percent_covered": 85.71428571428571, "percent_covered_display": "86", "missing_lines": 2, "excluded_lines": 0}, "missing_lines": [604, 605], "excluded_lines": []}, "DynamoDBClient.claim_quest_atomic": {"executed_lines": [609, 610, 611, 624, 626, 627, 628, 629, 630], "summary": {"covered_lines": 9, "num_statements": 9, "percent_covered": 100.0, "percent_covered_display": "100", "missing_lines": 0, "excluded_lines": 0}, "missing_lines": [], "excluded_lines": []}, "DynamoDBClient.submit_quest_atomic": {"executed_lines": [634, 635, 636, 650, 652, 653, 654], "summary": {"covered_lines": 7, "num_statements": 9, "percent_covered": 77.77777777777777, "percent_covered_display": "78", "missing_lines": 2, "excluded_lines": 0}, "missing_lines": [655, 656], "excluded_lines": []}, "DynamoDBClient.complete_quest_atomic": {"executed_lines": [660, 661, 662, 674, 675, 676, 677], "summary": {"covered_lines": 7, "num_statements": 8, "percent_covered": 87.5, "percent_covered_display": "88", "missing_lines": 1, "excluded_lines": 0}, "missing_lines": [678], "excluded_lines": []}, "DynamoDBClient.delete_quest_atomic": {"executed_lines": [], "summary": {"covered_lines": 0, "num_statements": 9, "percent_covered": 0.0, "percent_covered_display": "0", "missing_lines": 9, "excluded_lines": 0}, "missing_lines": [682, 683, 684, 694, 696, 697, 698, 699, 700], "excluded_lines": []}, "DynamoDBClient.dispute_quest_atomic": {"executed_lines": [], "summary": {"covered_lines": 0, "num_statements": 9, "percent_covered": 0.0, "percent_covered_display": "0", "missing_lines": 9, "excluded_lines": 0}, "missing_lines": [704, 705, 706, 720, 721, 722, 723, 724, 725], "excluded_lines": []}, "DynamoDBClient._serialize_item": {"executed_lines": [729, 730, 731, 732], "summary": {"covered_lines": 4, "num_statements": 4, "percent_covered": 100.0, "percent_covered_display": "100", "missing_lines": 0, "excluded_lines": 0}, "missing_lines": [], "excluded_lines": []}, "DynamoDBClient._serialize_value": {"executed_lines": [736, 737, 738, 739, 740, 741, 742, 743, 744, 746, 747, 748, 749, 750, 753], "summary": {"covered_lines": 15, "num_statements": 15, "percent_covered": 100.0, "percent_covered_display": "100", "missing_lines": 0, "excluded_lines": 0}, "missing_lines": [], "excluded_lines": []}, "DynamoDBClient._deserialize_item": {"executed_lines": [757, 758, 759, 760], "summary": {"covered_lines": 4, "num_statements": 4, "percent_covered": 100.0, "percent_covered_display": "100", "missing_lines": 0, "excluded_lines": 0}, "missing_lines": [], "excluded_lines": []}, "DynamoDBClient._deserialize_value": {"executed_lines": [764, 765, 766, 767, 768, 770, 771, 772, 773, 774, 775, 776, 778, 779, 780, 781, 782, 784], "summary": {"covered_lines": 18, "num_statements": 18, "percent_covered": 100.0, "percent_covered_display": "100", "missing_lines": 0, "excluded_lines": 0}, "missing_lines": [], "excluded_lines": []}, "": {"executed_lines": [1, 5, 6, 7, 8, 9, 10, 12, 13, 14, 15, 17, 20, 21, 24, 25, 27, 32, 33, 39, 56, 72, 88, 115, 131, 148, 175, 196, 231, 251, 288, 342, 377, 435, 493, 529, 546, 564, 607, 632, 658, 680, 702, 727, 734, 755, 762, 788], "summary": {"covered_lines": 46, "num_statements": 46, "percent_covered": 100.0, "percent_covered_display": "100", "missing_lines": 0, "excluded_lines": 0}, "missing_lines": [], "excluded_lines": []}}, "classes": {"DynamoDBClient": {"executed_lines": [28, 29, 30, 35, 36, 37, 41, 42, 43, 52, 58, 59, 60, 68, 570, 571, 573, 574, 575, 578, 580, 598, 600, 601, 602, 603, 609, 610, 611, 624, 626, 627, 628, 629, 630, 634, 635, 636, 650, 652, 653, 654, 660, 661, 662, 674, 675, 676, 677, 729, 730, 731, 732, 736, 737, 738, 739, 740, 741, 742, 743, 744, 746, 747, 748, 749, 750, 753, 757, 758, 759, 760, 764, 765, 766, 767, 768, 770, 771, 772, 773, 774, 775, 776, 778, 779, 780, 781, 782, 784], "summary": {"covered_lines": 90, "num_statements": 363, "percent_covered": 24.793388429752067, "percent_covered_display": "25", "missing_lines": 273, "excluded_lines": 0}, "missing_lines": [47, 49, 50, 51, 53, 54, 64, 65, 66, 67, 69, 70, 74, 75, 76, 77, 79, 80, 84, 85, 86, 90, 91, 94, 95, 96, 97, 99, 100, 101, 103, 105, 106, 111, 112, 113, 117, 118, 119, 120, 122, 123, 127, 128, 129, 133, 134, 135, 140, 141, 142, 143, 144, 145, 146, 156, 157, 158, 168, 169, 171, 172, 173, 177, 178, 179, 189, 190, 191, 192, 193, 194, 198, 199, 201, 202, 203, 205, 206, 207, 214, 215, 217, 219, 221, 222, 223, 225, 227, 228, 229, 233, 234, 236, 237, 238, 248, 249, 260, 261, 262, 264, 265, 277, 278, 283, 285, 286, 290, 291, 292, 294, 295, 296, 298, 306, 307, 309, 310, 311, 312, 314, 315, 316, 319, 320, 321, 323, 325, 327, 328, 329, 331, 334, 336, 338, 339, 340, 344, 345, 346, 348, 349, 350, 352, 353, 354, 355, 357, 358, 360, 362, 364, 365, 366, 368, 369, 371, 373, 374, 375, 379, 380, 381, 383, 385, 386, 387, 394, 395, 397, 398, 400, 401, 402, 404, 405, 407, 408, 409, 411, 412, 417, 418, 420, 421, 423, 424, 425, 427, 429, 431, 432, 433, 437, 438, 439, 441, 443, 444, 445, 452, 453, 455, 456, 458, 459, 460, 462, 463, 465, 466, 467, 469, 470, 475, 476, 478, 479, 481, 482, 483, 485, 487, 489, 490, 491, 495, 497, 498, 499, 507, 510, 511, 513, 520, 521, 522, 531, 532, 533, 542, 543, 544, 548, 549, 550, 559, 560, 562, 604, 605, 655, 656, 678, 682, 683, 684, 694, 696, 697, 698, 699, 700, 704, 705, 706, 720, 721, 722, 723, 724, 725], "excluded_lines": []}, "": {"executed_lines": [1, 5, 6, 7, 8, 9, 10, 12, 13, 14, 15, 17, 20, 21, 24, 25, 27, 32, 33, 39, 56, 72, 88, 115, 131, 148, 175, 196, 231, 251, 288, 342, 377, 435, 493, 529, 546, 564, 607, 632, 658, 680, 702, 727, 734, 755, 762, 788], "summary": {"covered_lines": 46, "num_statements": 46, "percent_covered": 100.0, "percent_covered_display": "100", "missing_lines": 0, "excluded_lines": 0}, "missing_lines": [], "excluded_lines": []}}}, "src/feature_flags.py": {"executed_lines": [1, 5, 6, 7, 10, 11, 12, 13, 14, 17, 18, 23, 24, 25, 27, 39, 40, 43, 45, 46, 51, 53, 55, 56, 59, 60, 62, 64, 65, 66, 67, 71, 72, 74, 76, 83], "summary": {"covered_lines": 33, "num_statements": 35, "percent_covered": 94.28571428571429, "percent_covered_display": "94", "missing_lines": 2, "excluded_lines": 0}, "missing_lines": [48, 49], "excluded_lines": [], "functions": {"FeatureFlagManager.__init__": {"executed_lines": [24, 25], "summary": {"covered_lines": 2, "num_statements": 2, "percent_covered": 100.0, "percent_covered_display": "100", "missing_lines": 0, "excluded_lines": 0}, "missing_lines": [], "excluded_lines": []}, "FeatureFlagManager.is_enabled": {"executed_lines": [39, 40, 43, 45, 46, 51], "summary": {"covered_lines": 6, "num_statements": 8, "percent_covered": 75.0, "percent_covered_display": "75", "missing_lines": 2, "excluded_lines": 0}, "missing_lines": [48, 49], "excluded_lines": []}, "FeatureFlagManager._is_internal_user": {"executed_lines": [55, 56, 59, 60], "summary": {"covered_lines": 4, "num_statements": 4, "percent_covered": 100.0, "percent_covered_display": "100", "missing_lines": 0, "excluded_lines": 0}, "missing_lines": [], "excluded_lines": []}, "FeatureFlagManager._is_in_rollout_percentage": {"executed_lines": [64, 65, 66, 67, 71, 72], "summary": {"covered_lines": 6, "num_statements": 6, "percent_covered": 100.0, "percent_covered_display": "100", "missing_lines": 0, "excluded_lines": 0}, "missing_lines": [], "excluded_lines": []}, "FeatureFlagManager.get_all_flags": {"executed_lines": [76], "summary": {"covered_lines": 1, "num_statements": 1, "percent_covered": 100.0, "percent_covered_display": "100", "missing_lines": 0, "excluded_lines": 0}, "missing_lines": [], "excluded_lines": []}, "": {"executed_lines": [1, 5, 6, 7, 10, 11, 12, 13, 14, 17, 18, 23, 27, 53, 62, 74, 83], "summary": {"covered_lines": 14, "num_statements": 14, "percent_covered": 100.0, "percent_covered_display": "100", "missing_lines": 0, "excluded_lines": 0}, "missing_lines": [], "excluded_lines": []}}, "classes": {"FeatureFlag": {"executed_lines": [], "summary": {"covered_lines": 0, "num_statements": 0, "percent_covered": 100.0, "percent_covered_display": "100", "missing_lines": 0, "excluded_lines": 0}, "missing_lines": [], "excluded_lines": []}, "FeatureFlagManager": {"executed_lines": [24, 25, 39, 40, 43, 45, 46, 51, 55, 56, 59, 60, 64, 65, 66, 67, 71, 72, 76], "summary": {"covered_lines": 19, "num_statements": 21, "percent_covered": 90.47619047619048, "percent_covered_display": "90", "missing_lines": 2, "excluded_lines": 0}, "missing_lines": [48, 49], "excluded_lines": []}, "": {"executed_lines": [1, 5, 6, 7, 10, 11, 12, 13, 14, 17, 18, 23, 27, 53, 62, 74, 83], "summary": {"covered_lines": 14, "num_statements": 14, "percent_covered": 100.0, "percent_covered_display": "100", "missing_lines": 0, "excluded_lines": 0}, "missing_lines": [], "excluded_lines": []}}}, "src/models.py": {"executed_lines": [1, 5, 6, 7, 8, 9, 13, 16, 20, 22, 24, 32, 33, 34, 35, 36, 37, 38, 39, 42, 43, 44, 45, 46, 47, 50, 51, 52, 53, 54, 55, 56, 57, 58, 59, 62, 63, 64, 65, 66, 67, 70, 71, 74, 75, 78, 81, 82, 83, 84, 85, 88, 91, 94, 97, 98, 100, 102, 103, 105, 107, 108, 110, 113, 114, 117, 118, 119, 121, 122, 123, 125, 126, 127, 129, 130, 132, 133, 134, 135, 142, 143, 144, 146, 147, 148, 150, 155, 156, 157, 158, 159, 160, 162, 163, 165, 168, 169, 170, 172, 173, 175, 178, 179, 180, 181, 183, 184, 191, 192, 193, 195, 196, 201, 202, 203, 204, 205, 208, 209, 210, 211, 212, 213, 214, 215, 216, 217, 218, 219, 220], "summary": {"covered_lines": 119, "num_statements": 126, "percent_covered": 94.44444444444444, "percent_covered_display": "94", "missing_lines": 7, "excluded_lines": 0}, "missing_lines": [23, 138, 139, 186, 187, 188, 198], "excluded_lines": [], "functions": {"clean_html": {"executed_lines": [22, 24], "summary": {"covered_lines": 2, "num_statements": 3, "percent_covered": 66.66666666666667, "percent_covered_display": "67", "missing_lines": 1, "excluded_lines": 0}, "missing_lines": [23], "excluded_lines": []}, "Quest.attester_ids": {"executed_lines": [100], "summary": {"covered_lines": 1, "num_statements": 1, "percent_covered": 100.0, "percent_covered_display": "100", "missing_lines": 0, "excluded_lines": 0}, "missing_lines": [], "excluded_lines": []}, "Quest.has_requestor_attestation": {"executed_lines": [105], "summary": {"covered_lines": 1, "num_statements": 1, "percent_covered": 100.0, "percent_covered_display": "100", "missing_lines": 0, "excluded_lines": 0}, "missing_lines": [], "excluded_lines": []}, "Quest.has_performer_attestation": {"executed_lines": [110], "summary": {"covered_lines": 1, "num_statements": 1, "percent_covered": 100.0, "percent_covered_display": "100", "missing_lines": 0, "excluded_lines": 0}, "missing_lines": [], "excluded_lines": []}, "QuestDB.compute_derived_fields": {"executed_lines": [125, 126, 127, 129, 130, 132, 133, 134, 135, 142, 143, 144, 146, 147, 148, 150], "summary": {"covered_lines": 16, "num_statements": 18, "percent_covered": 88.88888888888889, "percent_covered_display": "89", "missing_lines": 2, "excluded_lines": 0}, "missing_lines": [138, 139], "excluded_lines": []}, "QuestCreate.sanitize_fields": {"executed_lines": [165], "summary": {"covered_lines": 1, "num_statements": 1, "percent_covered": 100.0, "percent_covered_display": "100", "missing_lines": 0, "excluded_lines": 0}, "missing_lines": [], "excluded_lines": []}, "QuestSubmission.sanitize_fields": {"executed_lines": [175], "summary": {"covered_lines": 1, "num_statements": 1, "percent_covered": 100.0, "percent_covered_display": "100", "missing_lines": 0, "excluded_lines": 0}, "missing_lines": [], "excluded_lines": []}, "AttestationRequest.sanitize_notes": {"executed_lines": [], "summary": {"covered_lines": 0, "num_statements": 3, "percent_covered": 0.0, "percent_covered_display": "0", "missing_lines": 3, "excluded_lines": 0}, "missing_lines": [186, 187, 188], "excluded_lines": []}, "QuestDispute.sanitize_reason": {"executed_lines": [], "summary": {"covered_lines": 0, "num_statements": 1, "percent_covered": 0.0, "percent_covered_display": "0", "missing_lines": 1, "excluded_lines": 0}, "missing_lines": [198], "excluded_lines": []}, "": {"executed_lines": [1, 5, 6, 7, 8, 9, 13, 16, 20, 32, 33, 34, 35, 36, 37, 38, 39, 42, 43, 44, 45, 46, 47, 50, 51, 52, 53, 54, 55, 56, 57, 58, 59, 62, 63, 64, 65, 66, 67, 70, 71, 74, 75, 78, 81, 82, 83, 84, 85, 88, 91, 94, 97, 98, 102, 103, 107, 108, 113, 114, 117, 118, 119, 121, 122, 123, 155, 156, 157, 158, 159, 160, 162, 163, 168, 169, 170, 172, 173, 178, 179, 180, 181, 183, 184, 191, 192, 193, 195, 196, 201, 202, 203, 204, 205, 208, 209, 210, 211, 212, 213, 214, 215, 216, 217, 218, 219, 220], "summary": {"covered_lines": 96, "num_statements": 96, "percent_covered": 100.0, "percent_covered_display": "100", "missing_lines": 0, "excluded_lines": 0}, "missing_lines": [], "excluded_lines": []}}, "classes": {"QuestStatus": {"executed_lines": [], "summary": {"covered_lines": 0, "num_statements": 0, "percent_covered": 100.0, "percent_covered_display": "100", "missing_lines": 0, "excluded_lines": 0}, "missing_lines": [], "excluded_lines": []}, "Attestation": {"executed_lines": [], "summary": {"covered_lines": 0, "num_statements": 0, "percent_covered": 100.0, "percent_covered_display": "100", "missing_lines": 0, "excluded_lines": 0}, "missing_lines": [], "excluded_lines": []}, "User": {"executed_lines": [], "summary": {"covered_lines": 0, "num_statements": 0, "percent_covered": 100.0, "percent_covered_display": "100", "missing_lines": 0, "excluded_lines": 0}, "missing_lines": [], "excluded_lines": []}, "Quest": {"executed_lines": [100, 105, 110], "summary": {"covered_lines": 3, "num_statements": 3, "percent_covered": 100.0, "percent_covered_display": "100", "missing_lines": 0, "excluded_lines": 0}, "missing_lines": [], "excluded_lines": []}, "QuestDB": {"executed_lines": [125, 126, 127, 129, 130, 132, 133, 134, 135, 142, 143, 144, 146, 147, 148, 150], "summary": {"covered_lines": 16, "num_statements": 18, "percent_covered": 88.88888888888889, "percent_covered_display": "89", "missing_lines": 2, "excluded_lines": 0}, "missing_lines": [138, 139], "excluded_lines": []}, "QuestCreate": {"executed_lines": [165], "summary": {"covered_lines": 1, "num_statements": 1, "percent_covered": 100.0, "percent_covered_display": "100", "missing_lines": 0, "excluded_lines": 0}, "missing_lines": [], "excluded_lines": []}, "QuestSubmission": {"executed_lines": [175], "summary": {"covered_lines": 1, "num_statements": 1, "percent_covered": 100.0, "percent_covered_display": "100", "missing_lines": 0, "excluded_lines": 0}, "missing_lines": [], "excluded_lines": []}, "AttestationRequest": {"executed_lines": [], "summary": {"covered_lines": 0, "num_statements": 3, "percent_covered": 0.0, "percent_covered_display": "0", "missing_lines": 3, "excluded_lines": 0}, "missing_lines": [186, 187, 188], "excluded_lines": []}, "QuestDispute": {"executed_lines": [], "summary": {"covered_lines": 0, "num_statements": 1, "percent_covered": 0.0, "percent_covered_display": "0", "missing_lines": 1, "excluded_lines": 0}, "missing_lines": [198], "excluded_lines": []}, "ErrorResponse": {"executed_lines": [], "summary": {"covered_lines": 0, "num_statements": 0, "percent_covered": 100.0, "percent_covered_display": "100", "missing_lines": 0, "excluded_lines": 0}, "missing_lines": [], "excluded_lines": []}, "FailedReward": {"executed_lines": [], "summary": {"covered_lines": 0, "num_statements": 0, "percent_covered": 100.0, "percent_covered_display": "100", "missing_lines": 0, "excluded_lines": 0}, "missing_lines": [], "excluded_lines": []}, "": {"executed_lines": [1, 5, 6, 7, 8, 9, 13, 16, 20, 22, 24, 32, 33, 34, 35, 36, 37, 38, 39, 42, 43, 44, 45, 46, 47, 50, 51, 52, 53, 54, 55, 56, 57, 58, 59, 62, 63, 64, 65, 66, 67, 70, 71, 74, 75, 78, 81, 82, 83, 84, 85, 88, 91, 94, 97, 98, 102, 103, 107, 108, 113, 114, 117, 118, 119, 121, 122, 123, 155, 156, 157, 158, 159, 160, 162, 163, 168, 169, 170, 172, 173, 178, 179, 180, 181, 183, 184, 191, 192, 193, 195, 196, 201, 202, 203, 204, 205, 208, 209, 210, 211, 212, 213, 214, 215, 216, 217, 218, 219, 220], "summary": {"covered_lines": 98, "num_statements": 99, "percent_covered": 98.98989898989899, "percent_covered_display": "99", "missing_lines": 1, "excluded_lines": 0}, "missing_lines": [23], "excluded_lines": []}}}, "src/routes.py": {"executed_lines": [1, 5, 6, 7, 8, 9, 10, 11, 13, 17, 18, 19, 20, 21, 24, 27, 30, 33, 34, 39, 40, 41, 47, 48, 54, 77, 78, 84, 85, 86, 88, 89, 95, 96, 102, 103, 104, 105, 107, 108, 111, 112, 117, 118, 119, 120, 123, 124, 167, 168, 218, 219, 340, 341, 370, 371, 402, 403, 442, 443, 447], "summary": {"covered_lines": 60, "num_statements": 180, "percent_covered": 33.333333333333336, "percent_covered_display": "33", "missing_lines": 120, "excluded_lines": 0}, "missing_lines": [42, 43, 44, 55, 56, 59, 62, 65, 66, 67, 70, 71, 72, 74, 97, 130, 131, 132, 135, 136, 137, 138, 139, 140, 141, 143, 146, 148, 150, 151, 152, 157, 163, 164, 175, 176, 177, 180, 181, 182, 187, 193, 199, 201, 202, 203, 208, 214, 215, 230, 231, 232, 235, 237, 238, 242, 243, 245, 248, 251, 253, 254, 255, 261, 269, 270, 276, 284, 285, 287, 289, 292, 298, 299, 301, 304, 306, 308, 311, 315, 316, 323, 324, 327, 329, 331, 334, 335, 337, 348, 351, 353, 354, 360, 363, 364, 365, 367, 377, 378, 384, 385, 391, 392, 393, 394, 395, 396, 409, 410, 411, 414, 415, 421, 422, 428, 430, 431, 437, 439], "excluded_lines": [], "functions": {"list_quests": {"executed_lines": [39, 40, 41], "summary": {"covered_lines": 3, "num_statements": 6, "percent_covered": 50.0, "percent_covered_display": "50", "missing_lines": 3, "excluded_lines": 0}, "missing_lines": [42, 43, 44], "excluded_lines": []}, "get_user_profile": {"executed_lines": [54], "summary": {"covered_lines": 1, "num_statements": 12, "percent_covered": 8.333333333333334, "percent_covered_display": "8", "missing_lines": 11, "excluded_lines": 0}, "missing_lines": [55, 56, 59, 62, 65, 66, 67, 70, 71, 72, 74], "excluded_lines": []}, "create_quest": {"executed_lines": [84, 85, 86, 88, 89, 95, 96, 102, 103, 104, 105, 107, 108], "summary": {"covered_lines": 13, "num_statements": 14, "percent_covered": 92.85714285714286, "percent_covered_display": "93", "missing_lines": 1, "excluded_lines": 0}, "missing_lines": [97], "excluded_lines": []}, "get_quest": {"executed_lines": [117, 118, 119, 120], "summary": {"covered_lines": 4, "num_statements": 4, "percent_covered": 100.0, "percent_covered_display": "100", "missing_lines": 0, "excluded_lines": 0}, "missing_lines": [], "excluded_lines": []}, "claim_quest": {"executed_lines": [], "summary": {"covered_lines": 0, "num_statements": 19, "percent_covered": 0.0, "percent_covered_display": "0", "missing_lines": 19, "excluded_lines": 0}, "missing_lines": [130, 131, 132, 135, 136, 137, 138, 139, 140, 141, 143, 146, 148, 150, 151, 152, 157, 163, 164], "excluded_lines": []}, "submit_quest": {"executed_lines": [], "summary": {"covered_lines": 0, "num_statements": 15, "percent_covered": 0.0, "percent_covered_display": "0", "missing_lines": 15, "excluded_lines": 0}, "missing_lines": [175, 176, 177, 180, 181, 182, 187, 193, 199, 201, 202, 203, 208, 214, 215], "excluded_lines": []}, "attest_quest": {"executed_lines": [], "summary": {"covered_lines": 0, "num_statements": 40, "percent_covered": 0.0, "percent_covered_display": "0", "missing_lines": 40, "excluded_lines": 0}, "missing_lines": [230, 231, 232, 235, 237, 238, 242, 243, 245, 248, 251, 253, 254, 255, 261, 269, 270, 276, 284, 285, 287, 289, 292, 298, 299, 301, 304, 306, 308, 311, 315, 316, 323, 324, 327, 329, 331, 334, 335, 337], "excluded_lines": []}, "dispute_quest": {"executed_lines": [], "summary": {"covered_lines": 0, "num_statements": 9, "percent_covered": 0.0, "percent_covered_display": "0", "missing_lines": 9, "excluded_lines": 0}, "missing_lines": [348, 351, 353, 354, 360, 363, 364, 365, 367], "excluded_lines": []}, "update_wallet_address": {"executed_lines": [], "summary": {"covered_lines": 0, "num_statements": 10, "percent_covered": 0.0, "percent_covered_display": "0", "missing_lines": 10, "excluded_lines": 0}, "missing_lines": [377, 378, 384, 385, 391, 392, 393, 394, 395, 396], "excluded_lines": []}, "delete_quest": {"executed_lines": [], "summary": {"covered_lines": 0, "num_statements": 12, "percent_covered": 0.0, "percent_covered_display": "0", "missing_lines": 12, "excluded_lines": 0}, "missing_lines": [409, 410, 411, 414, 415, 421, 422, 428, 430, 431, 437, 439], "excluded_lines": []}, "get_feature_flags": {"executed_lines": [447], "summary": {"covered_lines": 1, "num_statements": 1, "percent_covered": 100.0, "percent_covered_display": "100", "missing_lines": 0, "excluded_lines": 0}, "missing_lines": [], "excluded_lines": []}, "": {"executed_lines": [1, 5, 6, 7, 8, 9, 10, 11, 13, 17, 18, 19, 20, 21, 24, 27, 30, 33, 34, 47, 48, 77, 78, 111, 112, 123, 124, 167, 168, 218, 219, 340, 341, 370, 371, 402, 403, 442, 443], "summary": {"covered_lines": 38, "num_statements": 38, "percent_covered": 100.0, "percent_covered_display": "100", "missing_lines": 0, "excluded_lines": 0}, "missing_lines": [], "excluded_lines": []}}, "classes": {"": {"executed_lines": [1, 5, 6, 7, 8, 9, 10, 11, 13, 17, 18, 19, 20, 21, 24, 27, 30, 33, 34, 39, 40, 41, 47, 48, 54, 77, 78, 84, 85, 86, 88, 89, 95, 96, 102, 103, 104, 105, 107, 108, 111, 112, 117, 118, 119, 120, 123, 124, 167, 168, 218, 219, 340, 341, 370, 371, 402, 403, 442, 443, 447], "summary": {"covered_lines": 60, "num_statements": 180, "percent_covered": 33.333333333333336, "percent_covered_display": "33", "missing_lines": 120, "excluded_lines": 0}, "missing_lines": [42, 43, 44, 55, 56, 59, 62, 65, 66, 67, 70, 71, 72, 74, 97, 130, 131, 132, 135, 136, 137, 138, 139, 140, 141, 143, 146, 148, 150, 151, 152, 157, 163, 164, 175, 176, 177, 180, 181, 182, 187, 193, 199, 201, 202, 203, 208, 214, 215, 230, 231, 232, 235, 237, 238, 242, 243, 245, 248, 251, 253, 254, 255, 261, 269, 270, 276, 284, 285, 287, 289, 292, 298, 299, 301, 304, 306, 308, 311, 315, 316, 323, 324, 327, 329, 331, 334, 335, 337, 348, 351, 353, 354, 360, 363, 364, 365, 367, 377, 378, 384, 385, 391, 392, 393, 394, 395, 396, 409, 410, 411, 414, 415, 421, 422, 428, 430, 431, 437, 439], "excluded_lines": []}}}, "src/signature.py": {"executed_lines": [1, 5, 6, 7, 10, 18, 26, 46, 48, 51, 54, 57, 59, 60, 61, 64, 76, 77, 78, 79, 80, 81, 82, 83], "summary": {"covered_lines": 23, "num_statements": 23, "percent_covered": 100.0, "percent_covered_display": "100", "missing_lines": 0, "excluded_lines": 0}, "missing_lines": [], "excluded_lines": [], "functions": {"create_attestation_message": {"executed_lines": [18], "summary": {"covered_lines": 1, "num_statements": 1, "percent_covered": 100.0, "percent_covered_display": "100", "missing_lines": 0, "excluded_lines": 0}, "missing_lines": [], "excluded_lines": []}, "verify_attestation_signature": {"executed_lines": [46, 48, 51, 54, 57, 59, 60, 61], "summary": {"covered_lines": 8, "num_statements": 8, "percent_covered": 100.0, "percent_covered_display": "100", "missing_lines": 0, "excluded_lines": 0}, "missing_lines": [], "excluded_lines": []}, "extract_address_from_signature": {"executed_lines": [76, 77, 78, 79, 80, 81, 82, 83], "summary": {"covered_lines": 8, "num_statements": 8, "percent_covered": 100.0, "percent_covered_display": "100", "missing_lines": 0, "excluded_lines": 0}, "missing_lines": [], "excluded_lines": []}, "": {"executed_lines": [1, 5, 6, 7, 10, 26, 64], "summary": {"covered_lines": 6, "num_statements": 6, "percent_covered": 100.0, "percent_covered_display": "100", "missing_lines": 0, "excluded_lines": 0}, "missing_lines": [], "excluded_lines": []}}, "classes": {"": {"executed_lines": [1, 5, 6, 7, 10, 18, 26, 46, 48, 51, 54, 57, 59, 60, 61, 64, 76, 77, 78, 79, 80, 81, 82, 83], "summary": {"covered_lines": 23, "num_statements": 23, "percent_covered": 100.0, "percent_covered_display": "100", "missing_lines": 0, "excluded_lines": 0}, "missing_lines": [], "excluded_lines": []}}}, "src/state_machine.py": {"executed_lines": [1, 6, 7, 8, 11, 12, 15, 25, 26, 28, 30, 31, 41, 42, 44, 45, 47, 50, 51, 52, 53, 54, 56, 57, 58, 60, 61, 62, 64, 66, 67, 69, 70, 71, 73, 75, 76, 78, 79, 81, 82, 84, 85, 87, 89, 90, 92, 94, 95, 101, 102, 105, 109, 110, 113, 114, 116, 118, 119, 124, 129, 130, 132, 133, 135, 136, 138, 141, 143, 144, 146, 147, 149, 151, 152, 154, 155, 157, 162, 163, 165, 166, 167, 168, 170], "summary": {"covered_lines": 83, "num_statements": 84, "percent_covered": 98.80952380952381, "percent_covered_display": "99", "missing_lines": 1, "excluded_lines": 0}, "missing_lines": [139], "excluded_lines": [], "functions": {"QuestStateMachine.can_transition": {"executed_lines": [28], "summary": {"covered_lines": 1, "num_statements": 1, "percent_covered": 100.0, "percent_covered_display": "100", "missing_lines": 0, "excluded_lines": 0}, "missing_lines": [], "excluded_lines": []}, "QuestStateMachine.validate_transition": {"executed_lines": [41, 42, 44, 45, 47, 50, 51, 52, 53, 54, 56, 57, 58, 60, 61, 62, 64, 66, 67, 69, 70, 71, 73], "summary": {"covered_lines": 23, "num_statements": 23, "percent_covered": 100.0, "percent_covered_display": "100", "missing_lines": 0, "excluded_lines": 0}, "missing_lines": [], "excluded_lines": []}, "QuestStateMachine._has_dual_attestation": {"executed_lines": [78, 79, 81, 82], "summary": {"covered_lines": 4, "num_statements": 4, "percent_covered": 100.0, "percent_covered_display": "100", "missing_lines": 0, "excluded_lines": 0}, "missing_lines": [], "excluded_lines": []}, "QuestStateMachine._is_requestor": {"executed_lines": [87], "summary": {"covered_lines": 1, "num_statements": 1, "percent_covered": 100.0, "percent_covered_display": "100", "missing_lines": 0, "excluded_lines": 0}, "missing_lines": [], "excluded_lines": []}, "QuestStateMachine._is_performer": {"executed_lines": [92], "summary": {"covered_lines": 1, "num_statements": 1, "percent_covered": 100.0, "percent_covered_display": "100", "missing_lines": 0, "excluded_lines": 0}, "missing_lines": [], "excluded_lines": []}, "QuestStateMachine.can_user_attest": {"executed_lines": [101, 102, 105, 109, 110, 113, 114, 116], "summary": {"covered_lines": 8, "num_statements": 8, "percent_covered": 100.0, "percent_covered_display": "100", "missing_lines": 0, "excluded_lines": 0}, "missing_lines": [], "excluded_lines": []}, "QuestStateMachine.is_ready_for_completion": {"executed_lines": [124], "summary": {"covered_lines": 1, "num_statements": 1, "percent_covered": 100.0, "percent_covered_display": "100", "missing_lines": 0, "excluded_lines": 0}, "missing_lines": [], "excluded_lines": []}, "QuestStateMachine.can_user_claim": {"executed_lines": [132, 133, 135, 136, 138, 141], "summary": {"covered_lines": 6, "num_statements": 7, "percent_covered": 85.71428571428571, "percent_covered_display": "86", "missing_lines": 1, "excluded_lines": 0}, "missing_lines": [139], "excluded_lines": []}, "QuestStateMachine.can_user_submit": {"executed_lines": [146, 147, 149], "summary": {"covered_lines": 3, "num_statements": 3, "percent_covered": 100.0, "percent_covered_display": "100", "missing_lines": 0, "excluded_lines": 0}, "missing_lines": [], "excluded_lines": []}, "QuestStateMachine.can_user_dispute": {"executed_lines": [154, 155, 157], "summary": {"covered_lines": 3, "num_statements": 3, "percent_covered": 100.0, "percent_covered_display": "100", "missing_lines": 0, "excluded_lines": 0}, "missing_lines": [], "excluded_lines": []}, "QuestStateMachine.get_user_role": {"executed_lines": [165, 166, 167, 168, 170], "summary": {"covered_lines": 5, "num_statements": 5, "percent_covered": 100.0, "percent_covered_display": "100", "missing_lines": 0, "excluded_lines": 0}, "missing_lines": [], "excluded_lines": []}, "": {"executed_lines": [1, 6, 7, 8, 11, 12, 15, 25, 26, 30, 31, 75, 76, 84, 85, 89, 90, 94, 95, 118, 119, 129, 130, 143, 144, 151, 152, 162, 163], "summary": {"covered_lines": 27, "num_statements": 27, "percent_covered": 100.0, "percent_covered_display": "100", "missing_lines": 0, "excluded_lines": 0}, "missing_lines": [], "excluded_lines": []}}, "classes": {"QuestStateMachine": {"executed_lines": [28, 41, 42, 44, 45, 47, 50, 51, 52, 53, 54, 56, 57, 58, 60, 61, 62, 64, 66, 67, 69, 70, 71, 73, 78, 79, 81, 82, 87, 92, 101, 102, 105, 109, 110, 113, 114, 116, 124, 132, 133, 135, 136, 138, 141, 146, 147, 149, 154, 155, 157, 165, 166, 167, 168, 170], "summary": {"covered_lines": 56, "num_statements": 57, "percent_covered": 98.24561403508773, "percent_covered_display": "98", "missing_lines": 1, "excluded_lines": 0}, "missing_lines": [139], "excluded_lines": []}, "": {"executed_lines": [1, 6, 7, 8, 11, 12, 15, 25, 26, 30, 31, 75, 76, 84, 85, 89, 90, 94, 95, 118, 119, 129, 130, 143, 144, 151, 152, 162, 163], "summary": {"covered_lines": 27, "num_statements": 27, "percent_covered": 100.0, "percent_covered_display": "100", "missing_lines": 0, "excluded_lines": 0}, "missing_lines": [], "excluded_lines": []}}}, "src/triggers/create_user.py": {"executed_lines": [1, 8, 9, 10, 11, 12, 13, 14, 17, 18, 21, 22, 23, 26, 27, 30, 44, 46, 47, 48, 49, 51, 54, 55, 66, 67, 70, 75, 97], "summary": {"covered_lines": 28, "num_statements": 36, "percent_covered": 77.77777777777777, "percent_covered_display": "78", "missing_lines": 8, "excluded_lines": 0}, "missing_lines": [77, 80, 81, 84, 85, 87, 90, 91], "excluded_lines": [], "functions": {"handler": {"executed_lines": [44, 46, 47, 48, 49, 51, 54, 55, 66, 67, 70, 75, 97], "summary": {"covered_lines": 13, "num_statements": 21, "percent_covered": 61.904761904761905, "percent_covered_display": "62", "missing_lines": 8, "excluded_lines": 0}, "missing_lines": [77, 80, 81, 84, 85, 87, 90, 91], "excluded_lines": []}, "": {"executed_lines": [1, 8, 9, 10, 11, 12, 13, 14, 17, 18, 21, 22, 23, 26, 27, 30], "summary": {"covered_lines": 15, "num_statements": 15, "percent_covered": 100.0, "percent_covered_display": "100", "missing_lines": 0, "excluded_lines": 0}, "missing_lines": [], "excluded_lines": []}}, "classes": {"": {"executed_lines": [1, 8, 9, 10, 11, 12, 13, 14, 17, 18, 21, 22, 23, 26, 27, 30, 44, 46, 47, 48, 49, 51, 54, 55, 66, 67, 70, 75, 97], "summary": {"covered_lines": 28, "num_statements": 36, "percent_covered": 77.77777777777777, "percent_covered_display": "78", "missing_lines": 8, "excluded_lines": 0}, "missing_lines": [77, 80, 81, 84, 85, 87, 90, 91], "excluded_lines": []}}}}, "totals": {"covered_lines": 523, "num_statements": 945, "percent_covered": 55.34391534391534, "percent_covered_display": "55", "missing_lines": 422, "excluded_lines": 0}}